[ +142 ms] Artifact Instance of 'MaterialFonts' is not required, skipping update.
[   +1 ms] Artifact Instance of 'GradleWrapper' is not required, skipping update.
[        ] Artifact Instance of 'AndroidGenSnapshotArtifacts' is not required, skipping update.
[        ] Artifact Instance of 'AndroidInternalBuildArtifacts' is not required, skipping update.
[        ] Artifact Instance of 'IOSEngineArtifacts' is not required, skipping update.
[        ] Artifact Instance of 'FlutterWebSdk' is not required, skipping update.
[        ] Artifact Instance of 'LegacyCanvasKitRemover' is not required, skipping update.
[        ] Artifact Instance of 'FlutterSdk' is not required, skipping update.
[        ] Artifact Instance of 'WindowsEngineArtifacts' is not required, skipping update.
[        ] Artifact Instance of 'MacOSEngineArtifacts' is not required, skipping update.
[        ] Artifact Instance of 'LinuxEngineArtifacts' is not required, skipping update.
[        ] Artifact Instance of 'LinuxFuchsiaSDKArtifacts' is not required, skipping update.
[        ] Artifact Instance of 'MacOSFuchsiaSDKArtifacts' is not required, skipping update.
[        ] Artifact Instance of 'FlutterRunnerSDKArtifacts' is not required, skipping update.
[        ] Artifact Instance of 'FlutterRunnerDebugSymbols' is not required, skipping update.
[        ] Artifact Instance of 'IosUsbArtifacts' is not required, skipping update.
[        ] Artifact Instance of 'IosUsbArtifacts' is not required, skipping update.
[        ] Artifact Instance of 'IosUsbArtifacts' is not required, skipping update.
[        ] Artifact Instance of 'IosUsbArtifacts' is not required, skipping update.
[        ] Artifact Instance of 'IosUsbArtifacts' is not required, skipping update.
[        ] Artifact Instance of 'IosUsbArtifacts' is not required, skipping update.
[        ] Artifact Instance of 'FontSubsetArtifacts' is not required, skipping update.
[        ] Artifact Instance of 'PubDependencies' is not required, skipping update.
[   +1 ms] executing: [D:\flutter/] git -c log.showSignature=false log HEAD -n 1 --pretty=format:%ad --date=iso
[  +84 ms] Exit code 0 from: git -c log.showSignature=false log HEAD -n 1 --pretty=format:%ad --date=iso
[        ] 2026-02-12 17:12:32 -0800
[  +13 ms] Artifact Instance of 'AndroidGenSnapshotArtifacts' is not required, skipping update.
[        ] Artifact Instance of 'AndroidInternalBuildArtifacts' is not required, skipping update.
[        ] Artifact Instance of 'IOSEngineArtifacts' is not required, skipping update.
[        ] Artifact Instance of 'FlutterWebSdk' is not required, skipping update.
[        ] Artifact Instance of 'FlutterEngineStamp' is not required, skipping update.
[        ] Artifact Instance of 'LegacyCanvasKitRemover' is not required, skipping update.
[   +3 ms] Artifact Instance of 'WindowsEngineArtifacts' is not required, skipping update.
[        ] Artifact Instance of 'MacOSEngineArtifacts' is not required, skipping update.
[        ] Artifact Instance of 'LinuxEngineArtifacts' is not required, skipping update.
[        ] Artifact Instance of 'LinuxFuchsiaSDKArtifacts' is not required, skipping update.
[        ] Artifact Instance of 'MacOSFuchsiaSDKArtifacts' is not required, skipping update.
[        ] Artifact Instance of 'FlutterRunnerSDKArtifacts' is not required, skipping update.
[        ] Artifact Instance of 'FlutterRunnerDebugSymbols' is not required, skipping update.
[  +52 ms] Artifact Instance of 'MaterialFonts' is not required, skipping update.
[        ] Artifact Instance of 'GradleWrapper' is not required, skipping update.
[   +2 ms] Artifact Instance of 'AndroidInternalBuildArtifacts' is not required, skipping update.
[        ] Artifact Instance of 'IOSEngineArtifacts' is not required, skipping update.
[        ] Artifact Instance of 'FlutterWebSdk' is not required, skipping update.
[        ] Artifact Instance of 'FlutterEngineStamp' is not required, skipping update.
[        ] Artifact Instance of 'LegacyCanvasKitRemover' is not required, skipping update.
[        ] Artifact Instance of 'FlutterSdk' is not required, skipping update.
[        ] Artifact Instance of 'WindowsEngineArtifacts' is not required, skipping update.
[        ] Artifact Instance of 'MacOSEngineArtifacts' is not required, skipping update.
[        ] Artifact Instance of 'LinuxEngineArtifacts' is not required, skipping update.
[        ] Artifact Instance of 'LinuxFuchsiaSDKArtifacts' is not required, skipping update.
[        ] Artifact Instance of 'MacOSFuchsiaSDKArtifacts' is not required, skipping update.
[        ] Artifact Instance of 'FlutterRunnerSDKArtifacts' is not required, skipping update.
[        ] Artifact Instance of 'FlutterRunnerDebugSymbols' is not required, skipping update.
[        ] Artifact Instance of 'IosUsbArtifacts' is not required, skipping update.
[        ] Artifact Instance of 'IosUsbArtifacts' is not required, skipping update.
[        ] Artifact Instance of 'IosUsbArtifacts' is not required, skipping update.
[        ] Artifact Instance of 'IosUsbArtifacts' is not required, skipping update.
[        ] Artifact Instance of 'IosUsbArtifacts' is not required, skipping update.
[        ] Artifact Instance of 'IosUsbArtifacts' is not required, skipping update.
[        ] Artifact Instance of 'FontSubsetArtifacts' is not required, skipping update.
[        ] Artifact Instance of 'PubDependencies' is not required, skipping update.
[ +104 ms] Skipping pub get: version match.
[ +150 ms] Found plugin webview_flutter at C:\Users\RDP\AppData\Local\Pub\Cache\hosted\pub.dev\webview_flutter-4.13.1\
[   +7 ms] Found plugin webview_flutter_wkwebview at C:\Users\RDP\AppData\Local\Pub\Cache\hosted\pub.dev\webview_flutter_wkwebview-3.23.6\
[   +8 ms] Found plugin webview_flutter_android at C:\Users\RDP\AppData\Local\Pub\Cache\hosted\pub.dev\webview_flutter_android-4.10.11\
[  +10 ms] Found plugin url_launcher at C:\Users\RDP\AppData\Local\Pub\Cache\hosted\pub.dev\url_launcher-6.3.2\
[   +6 ms] Found plugin url_launcher_windows at C:\Users\RDP\AppData\Local\Pub\Cache\hosted\pub.dev\url_launcher_windows-3.1.5\
[   +7 ms] Found plugin url_launcher_web at C:\Users\RDP\AppData\Local\Pub\Cache\hosted\pub.dev\url_launcher_web-2.4.2\
[   +7 ms] Found plugin url_launcher_macos at C:\Users\RDP\AppData\Local\Pub\Cache\hosted\pub.dev\url_launcher_macos-3.2.5\
[   +2 ms] Found plugin url_launcher_linux at C:\Users\RDP\AppData\Local\Pub\Cache\hosted\pub.dev\url_launcher_linux-3.2.2\
[   +3 ms] Found plugin url_launcher_ios at C:\Users\RDP\AppData\Local\Pub\Cache\hosted\pub.dev\url_launcher_ios-6.4.1\
[   +3 ms] Found plugin url_launcher_android at C:\Users\RDP\AppData\Local\Pub\Cache\hosted\pub.dev\url_launcher_android-6.3.28\
[  +78 ms] Found plugin shared_preferences at C:\Users\RDP\AppData\Local\Pub\Cache\hosted\pub.dev\shared_preferences-2.5.4\
[   +3 ms] Found plugin shared_preferences_windows at C:\Users\RDP\AppData\Local\Pub\Cache\hosted\pub.dev\shared_preferences_windows-2.4.1\
[   +6 ms] Found plugin path_provider_windows at C:\Users\RDP\AppData\Local\Pub\Cache\hosted\pub.dev\path_provider_windows-2.3.0\
[  +11 ms] Found plugin shared_preferences_web at C:\Users\RDP\AppData\Local\Pub\Cache\hosted\pub.dev\shared_preferences_web-2.4.3\
[   +3 ms] Found plugin shared_preferences_linux at C:\Users\RDP\AppData\Local\Pub\Cache\hosted\pub.dev\shared_preferences_linux-2.4.1\
[   +1 ms] Found plugin path_provider_linux at C:\Users\RDP\AppData\Local\Pub\Cache\hosted\pub.dev\path_provider_linux-2.2.1\
[   +2 ms] Found plugin shared_preferences_foundation at C:\Users\RDP\AppData\Local\Pub\Cache\hosted\pub.dev\shared_preferences_foundation-2.5.6\
[   +1 ms] Found plugin shared_preferences_android at C:\Users\RDP\AppData\Local\Pub\Cache\hosted\pub.dev\shared_preferences_android-2.4.20\
[   +1 ms] Found plugin path_provider at C:\Users\RDP\AppData\Local\Pub\Cache\hosted\pub.dev\path_provider-2.1.5\
[   +1 ms] Found plugin path_provider_foundation at C:\Users\RDP\AppData\Local\Pub\Cache\hosted\pub.dev\path_provider_foundation-2.6.0\
[  +10 ms] Found plugin path_provider_android at C:\Users\RDP\AppData\Local\Pub\Cache\hosted\pub.dev\path_provider_android-2.2.22\
[   +1 ms] Found plugin app_links at C:\Users\RDP\AppData\Local\Pub\Cache\hosted\pub.dev\app_links-6.4.1\
[   +2 ms] Found plugin app_links_web at C:\Users\RDP\AppData\Local\Pub\Cache\hosted\pub.dev\app_links_web-1.0.4\
[   +4 ms] Found plugin app_links_linux at C:\Users\RDP\AppData\Local\Pub\Cache\hosted\pub.dev\app_links_linux-1.0.3\
[   +1 ms] Found plugin gtk at C:\Users\RDP\AppData\Local\Pub\Cache\hosted\pub.dev\gtk-2.1.0\
[   +2 ms] Found plugin share_plus at C:\Users\RDP\AppData\Local\Pub\Cache\hosted\pub.dev\share_plus-10.1.4\
[  +10 ms] Found plugin onesignal_flutter at C:\Users\RDP\AppData\Local\Pub\Cache\hosted\pub.dev\onesignal_flutter-5.4.1\
[   +1 ms] Found plugin local_auth at C:\Users\RDP\AppData\Local\Pub\Cache\hosted\pub.dev\local_auth-2.3.0\
[   +1 ms] Found plugin local_auth_windows at C:\Users\RDP\AppData\Local\Pub\Cache\hosted\pub.dev\local_auth_windows-1.0.11\
[   +3 ms] Found plugin local_auth_darwin at C:\Users\RDP\AppData\Local\Pub\Cache\hosted\pub.dev\local_auth_darwin-1.6.1\
[   +3 ms] Found plugin local_auth_android at C:\Users\RDP\AppData\Local\Pub\Cache\hosted\pub.dev\local_auth_android-1.0.56\
[   +3 ms] Found plugin flutter_plugin_android_lifecycle at C:\Users\RDP\AppData\Local\Pub\Cache\hosted\pub.dev\flutter_plugin_android_lifecycle-2.0.33\
[  +19 ms] Found plugin file_picker at C:\Users\RDP\AppData\Local\Pub\Cache\hosted\pub.dev\file_picker-8.3.7\
[   +5 ms] Found plugin connectivity_plus at C:\Users\RDP\AppData\Local\Pub\Cache\hosted\pub.dev\connectivity_plus-6.1.5\
[  +11 ms] Found plugin sqflite at C:\Users\RDP\AppData\Local\Pub\Cache\hosted\pub.dev\sqflite-2.4.2\
[   +5 ms] Found plugin sqflite_darwin at C:\Users\RDP\AppData\Local\Pub\Cache\hosted\pub.dev\sqflite_darwin-2.4.2\
[   +1 ms] Found plugin sqflite_android at C:\Users\RDP\AppData\Local\Pub\Cache\hosted\pub.dev\sqflite_android-2.4.2+2\
[  +81 ms] Found plugin webview_flutter at C:\Users\RDP\AppData\Local\Pub\Cache\hosted\pub.dev\webview_flutter-4.13.1\
[   +1 ms] Found plugin webview_flutter_wkwebview at C:\Users\RDP\AppData\Local\Pub\Cache\hosted\pub.dev\webview_flutter_wkwebview-3.23.6\
[   +3 ms] Found plugin webview_flutter_android at C:\Users\RDP\AppData\Local\Pub\Cache\hosted\pub.dev\webview_flutter_android-4.10.11\
[   +4 ms] Found plugin url_launcher at C:\Users\RDP\AppData\Local\Pub\Cache\hosted\pub.dev\url_launcher-6.3.2\
[   +1 ms] Found plugin url_launcher_windows at C:\Users\RDP\AppData\Local\Pub\Cache\hosted\pub.dev\url_launcher_windows-3.1.5\
[   +1 ms] Found plugin url_launcher_web at C:\Users\RDP\AppData\Local\Pub\Cache\hosted\pub.dev\url_launcher_web-2.4.2\
[   +2 ms] Found plugin url_launcher_macos at C:\Users\RDP\AppData\Local\Pub\Cache\hosted\pub.dev\url_launcher_macos-3.2.5\
[   +1 ms] Found plugin url_launcher_linux at C:\Users\RDP\AppData\Local\Pub\Cache\hosted\pub.dev\url_launcher_linux-3.2.2\
[   +1 ms] Found plugin url_launcher_ios at C:\Users\RDP\AppData\Local\Pub\Cache\hosted\pub.dev\url_launcher_ios-6.4.1\
[   +1 ms] Found plugin url_launcher_android at C:\Users\RDP\AppData\Local\Pub\Cache\hosted\pub.dev\url_launcher_android-6.3.28\
[  +26 ms] Found plugin shared_preferences at C:\Users\RDP\AppData\Local\Pub\Cache\hosted\pub.dev\shared_preferences-2.5.4\
[   +1 ms] Found plugin shared_preferences_windows at C:\Users\RDP\AppData\Local\Pub\Cache\hosted\pub.dev\shared_preferences_windows-2.4.1\
[   +2 ms] Found plugin path_provider_windows at C:\Users\RDP\AppData\Local\Pub\Cache\hosted\pub.dev\path_provider_windows-2.3.0\
[   +3 ms] Found plugin shared_preferences_web at C:\Users\RDP\AppData\Local\Pub\Cache\hosted\pub.dev\shared_preferences_web-2.4.3\
[   +1 ms] Found plugin shared_preferences_linux at C:\Users\RDP\AppData\Local\Pub\Cache\hosted\pub.dev\shared_preferences_linux-2.4.1\
[   +1 ms] Found plugin path_provider_linux at C:\Users\RDP\AppData\Local\Pub\Cache\hosted\pub.dev\path_provider_linux-2.2.1\
[   +2 ms] Found plugin shared_preferences_foundation at C:\Users\RDP\AppData\Local\Pub\Cache\hosted\pub.dev\shared_preferences_foundation-2.5.6\
[   +1 ms] Found plugin shared_preferences_android at C:\Users\RDP\AppData\Local\Pub\Cache\hosted\pub.dev\shared_preferences_android-2.4.20\
[   +1 ms] Found plugin path_provider at C:\Users\RDP\AppData\Local\Pub\Cache\hosted\pub.dev\path_provider-2.1.5\
[   +1 ms] Found plugin path_provider_foundation at C:\Users\RDP\AppData\Local\Pub\Cache\hosted\pub.dev\path_provider_foundation-2.6.0\
[   +8 ms] Found plugin path_provider_android at C:\Users\RDP\AppData\Local\Pub\Cache\hosted\pub.dev\path_provider_android-2.2.22\
[   +1 ms] Found plugin app_links at C:\Users\RDP\AppData\Local\Pub\Cache\hosted\pub.dev\app_links-6.4.1\
[   +1 ms] Found plugin app_links_web at C:\Users\RDP\AppData\Local\Pub\Cache\hosted\pub.dev\app_links_web-1.0.4\
[   +1 ms] Found plugin app_links_linux at C:\Users\RDP\AppData\Local\Pub\Cache\hosted\pub.dev\app_links_linux-1.0.3\
[   +1 ms] Found plugin gtk at C:\Users\RDP\AppData\Local\Pub\Cache\hosted\pub.dev\gtk-2.1.0\
[   +1 ms] Found plugin share_plus at C:\Users\RDP\AppData\Local\Pub\Cache\hosted\pub.dev\share_plus-10.1.4\
[   +4 ms] Found plugin onesignal_flutter at C:\Users\RDP\AppData\Local\Pub\Cache\hosted\pub.dev\onesignal_flutter-5.4.1\
[   +1 ms] Found plugin local_auth at C:\Users\RDP\AppData\Local\Pub\Cache\hosted\pub.dev\local_auth-2.3.0\
[   +1 ms] Found plugin local_auth_windows at C:\Users\RDP\AppData\Local\Pub\Cache\hosted\pub.dev\local_auth_windows-1.0.11\
[   +1 ms] Found plugin local_auth_darwin at C:\Users\RDP\AppData\Local\Pub\Cache\hosted\pub.dev\local_auth_darwin-1.6.1\
[   +1 ms] Found plugin local_auth_android at C:\Users\RDP\AppData\Local\Pub\Cache\hosted\pub.dev\local_auth_android-1.0.56\
[   +1 ms] Found plugin flutter_plugin_android_lifecycle at C:\Users\RDP\AppData\Local\Pub\Cache\hosted\pub.dev\flutter_plugin_android_lifecycle-2.0.33\
[  +14 ms] Found plugin file_picker at C:\Users\RDP\AppData\Local\Pub\Cache\hosted\pub.dev\file_picker-8.3.7\
[   +3 ms] Found plugin connectivity_plus at C:\Users\RDP\AppData\Local\Pub\Cache\hosted\pub.dev\connectivity_plus-6.1.5\
[   +6 ms] Found plugin sqflite at C:\Users\RDP\AppData\Local\Pub\Cache\hosted\pub.dev\sqflite-2.4.2\
[   +4 ms] Found plugin sqflite_darwin at C:\Users\RDP\AppData\Local\Pub\Cache\hosted\pub.dev\sqflite_darwin-2.4.2\
[   +1 ms] Found plugin sqflite_android at C:\Users\RDP\AppData\Local\Pub\Cache\hosted\pub.dev\sqflite_android-2.4.2+2\
[  +15 ms] Skipping generating web_plugin_registrant.dart because it is up-to-date.
[  +42 ms] Found plugin webview_flutter at C:\Users\RDP\AppData\Local\Pub\Cache\hosted\pub.dev\webview_flutter-4.13.1\
[   +1 ms] Found plugin webview_flutter_wkwebview at C:\Users\RDP\AppData\Local\Pub\Cache\hosted\pub.dev\webview_flutter_wkwebview-3.23.6\
[   +2 ms] Found plugin webview_flutter_android at C:\Users\RDP\AppData\Local\Pub\Cache\hosted\pub.dev\webview_flutter_android-4.10.11\
[   +5 ms] Found plugin url_launcher at C:\Users\RDP\AppData\Local\Pub\Cache\hosted\pub.dev\url_launcher-6.3.2\
[   +2 ms] Found plugin url_launcher_windows at C:\Users\RDP\AppData\Local\Pub\Cache\hosted\pub.dev\url_launcher_windows-3.1.5\
[   +2 ms] Found plugin url_launcher_web at C:\Users\RDP\AppData\Local\Pub\Cache\hosted\pub.dev\url_launcher_web-2.4.2\
[   +2 ms] Found plugin url_launcher_macos at C:\Users\RDP\AppData\Local\Pub\Cache\hosted\pub.dev\url_launcher_macos-3.2.5\
[   +1 ms] Found plugin url_launcher_linux at C:\Users\RDP\AppData\Local\Pub\Cache\hosted\pub.dev\url_launcher_linux-3.2.2\
[   +1 ms] Found plugin url_launcher_ios at C:\Users\RDP\AppData\Local\Pub\Cache\hosted\pub.dev\url_launcher_ios-6.4.1\
[   +1 ms] Found plugin url_launcher_android at C:\Users\RDP\AppData\Local\Pub\Cache\hosted\pub.dev\url_launcher_android-6.3.28\
[  +20 ms] Found plugin shared_preferences at C:\Users\RDP\AppData\Local\Pub\Cache\hosted\pub.dev\shared_preferences-2.5.4\
[   +2 ms] Found plugin shared_preferences_windows at C:\Users\RDP\AppData\Local\Pub\Cache\hosted\pub.dev\shared_preferences_windows-2.4.1\
[   +2 ms] Found plugin path_provider_windows at C:\Users\RDP\AppData\Local\Pub\Cache\hosted\pub.dev\path_provider_windows-2.3.0\
[   +3 ms] Found plugin shared_preferences_web at C:\Users\RDP\AppData\Local\Pub\Cache\hosted\pub.dev\shared_preferences_web-2.4.3\
[   +1 ms] Found plugin shared_preferences_linux at C:\Users\RDP\AppData\Local\Pub\Cache\hosted\pub.dev\shared_preferences_linux-2.4.1\
[   +1 ms] Found plugin path_provider_linux at C:\Users\RDP\AppData\Local\Pub\Cache\hosted\pub.dev\path_provider_linux-2.2.1\
[   +1 ms] Found plugin shared_preferences_foundation at C:\Users\RDP\AppData\Local\Pub\Cache\hosted\pub.dev\shared_preferences_foundation-2.5.6\
[   +1 ms] Found plugin shared_preferences_android at C:\Users\RDP\AppData\Local\Pub\Cache\hosted\pub.dev\shared_preferences_android-2.4.20\
[   +1 ms] Found plugin path_provider at C:\Users\RDP\AppData\Local\Pub\Cache\hosted\pub.dev\path_provider-2.1.5\
[   +1 ms] Found plugin path_provider_foundation at C:\Users\RDP\AppData\Local\Pub\Cache\hosted\pub.dev\path_provider_foundation-2.6.0\
[   +5 ms] Found plugin path_provider_android at C:\Users\RDP\AppData\Local\Pub\Cache\hosted\pub.dev\path_provider_android-2.2.22\
[   +1 ms] Found plugin app_links at C:\Users\RDP\AppData\Local\Pub\Cache\hosted\pub.dev\app_links-6.4.1\
[   +1 ms] Found plugin app_links_web at C:\Users\RDP\AppData\Local\Pub\Cache\hosted\pub.dev\app_links_web-1.0.4\
[   +2 ms] Found plugin app_links_linux at C:\Users\RDP\AppData\Local\Pub\Cache\hosted\pub.dev\app_links_linux-1.0.3\
[   +1 ms] Found plugin gtk at C:\Users\RDP\AppData\Local\Pub\Cache\hosted\pub.dev\gtk-2.1.0\
[   +1 ms] Found plugin share_plus at C:\Users\RDP\AppData\Local\Pub\Cache\hosted\pub.dev\share_plus-10.1.4\
[   +7 ms] Found plugin onesignal_flutter at C:\Users\RDP\AppData\Local\Pub\Cache\hosted\pub.dev\onesignal_flutter-5.4.1\
[   +1 ms] Found plugin local_auth at C:\Users\RDP\AppData\Local\Pub\Cache\hosted\pub.dev\local_auth-2.3.0\
[   +1 ms] Found plugin local_auth_windows at C:\Users\RDP\AppData\Local\Pub\Cache\hosted\pub.dev\local_auth_windows-1.0.11\
[   +2 ms] Found plugin local_auth_darwin at C:\Users\RDP\AppData\Local\Pub\Cache\hosted\pub.dev\local_auth_darwin-1.6.1\
[   +1 ms] Found plugin local_auth_android at C:\Users\RDP\AppData\Local\Pub\Cache\hosted\pub.dev\local_auth_android-1.0.56\
[   +1 ms] Found plugin flutter_plugin_android_lifecycle at C:\Users\RDP\AppData\Local\Pub\Cache\hosted\pub.dev\flutter_plugin_android_lifecycle-2.0.33\
[   +9 ms] Found plugin file_picker at C:\Users\RDP\AppData\Local\Pub\Cache\hosted\pub.dev\file_picker-8.3.7\
[   +3 ms] Found plugin connectivity_plus at C:\Users\RDP\AppData\Local\Pub\Cache\hosted\pub.dev\connectivity_plus-6.1.5\
[   +7 ms] Found plugin sqflite at C:\Users\RDP\AppData\Local\Pub\Cache\hosted\pub.dev\sqflite-2.4.2\
[   +3 ms] Found plugin sqflite_darwin at C:\Users\RDP\AppData\Local\Pub\Cache\hosted\pub.dev\sqflite_darwin-2.4.2\
[   +1 ms] Found plugin sqflite_android at C:\Users\RDP\AppData\Local\Pub\Cache\hosted\pub.dev\sqflite_android-2.4.2+2\
[   +6 ms] Generating C:\Users\RDP\Desktop\flutter_app\WebVault\android\app\src\main\java\io\flutter\plugins\GeneratedPluginRegistrant.java
[   +1 ms] Skipping generating GeneratedPluginRegistrant.java because it is up-to-date.
[   +6 ms] Skipping generating generated_plugin_registrant.h because it is up-to-date.
[   +1 ms] Skipping generating generated_plugin_registrant.cc because it is up-to-date.
[   +1 ms] Skipping generating generated_plugins.cmake because it is up-to-date.
[   +2 ms] Skipping generating generated_plugin_registrant.h because it is up-to-date.
[   +2 ms] Skipping generating generated_plugin_registrant.cc because it is up-to-date.
[   +1 ms] Skipping generating generated_plugins.cmake because it is up-to-date.
[   +3 ms] Skipping generating GeneratedPluginRegistrant.h because it is up-to-date.
[   +1 ms] Skipping generating GeneratedPluginRegistrant.m because it is up-to-date.
[   +1 ms] Skipping generating GeneratedPluginRegistrant.swift because it is up-to-date.
[  +70 ms] Top-level Gradle build file not found, skipping migration of task "clean".
[        ] Android Studio version could not be detected, skipping Gradle-Java version compatibility check.
[  +17 ms] CMake project not found, skipping support Android 15 16k page size migration.
[   +6 ms] Using gradle from C:\Users\RDP\Desktop\flutter_app\WebVault\android\gradlew.bat.
[  +15 ms] LocalFile: 'C:\Users\RDP\Desktop\flutter_app\WebVault\android\build.gradle.kts' provides AGP version from plugin id: 8.11.1
[   +3 ms] Running Gradle task 'assembleRelease'...
[   +2 ms] executing: [C:\Users\RDP\Desktop\flutter_app\WebVault\android/] C:\Users\RDP\Desktop\flutter_app\WebVault\android\gradlew.bat --full-stacktrace --info -Pverbose=true -Ptarget-platform=android-arm,android-arm64,android-x64 -Ptarget=lib\main.dart -Pbase-application-name=android.app.Application -Pdart-defines=RkxVVFRFUl9WRVJTSU9OPTMuNDEuMQ==,RkxVVFRFUl9DSEFOTkVMPXN0YWJsZQ==,RkxVVFRFUl9HSVRfVVJMPWh0dHBzOi8vZ2l0aHViLmNvbS9mbHV0dGVyL2ZsdXR0ZXIuZ2l0,RkxVVFRFUl9GUkFNRVdPUktfUkVWSVNJT049NTgyYTBlN2M1NQ==,RkxVVFRFUl9FTkdJTkVfUkVWSVNJT049MzQ1MmQ3MzViZA==,RkxVVFRFUl9EQVJUX1ZFUlNJT049My4xMS4w -Pdart-obfuscation=false -Ptrack-widget-creation=true -Ptree-shake-icons=false -Psplit-per-abi=true assembleRelease
[+1047 ms] Initialized native services in: C:\Users\RDP\.gradle\native
[   +1 ms] Initialized jansi services in: C:\Users\RDP\.gradle\native
[ +535 ms] The client will now receive all logging from the daemon (pid: 10476). The daemon log file: C:\Users\RDP\.gradle\daemon\8.14\daemon-10476.out.log
[   +4 ms] Starting 4th build in daemon [uptime: 15 mins 32.12 secs, performance: 100%, GC rate: 0.00/s, heap usage: 0% of 8 GiB, non-heap usage: 5% of 4 GiB]
[        ] Using 4 worker leases.
[   +1 ms] Now considering [C:\Users\RDP\Desktop\flutter_app\WebVault\android, D:\flutter\packages\flutter_tools\gradle] as hierarchies to watch
[        ] Watching the file system is configured to be enabled if available
[        ] File system watching is active
[        ] Starting Build
[  +97 ms] Now considering [D:\flutter\packages\flutter_tools\gradle, C:\Users\RDP\Desktop\flutter_app\WebVault\android] as hierarchies to watch
[  +96 ms] > Configure project :gradle
[        ] Evaluating project ':gradle' using build file 'D:\flutter\packages\flutter_tools\gradle\build.gradle.kts'.
[        ] Resolved plugin [id: 'org.gradle.java-gradle-plugin']
[        ] Resolved plugin [id: 'org.gradle.groovy']
[   +1 ms] Resolved plugin [id: 'org.gradle.kotlin.kotlin-dsl', version: '5.2.0']
[   +4 ms] Resolved plugin [id: 'org.jetbrains.kotlin.jvm', version: '1.9.20']
[        ] Using Kotlin Gradle Plugin gradle85 variant
[        ] kotlin scripting plugin: created the scripting discovery configuration: kotlinScriptDef
[        ] kotlin scripting plugin: created the scripting discovery configuration: testKotlinScriptDef
[        ] file or directory 'D:\flutter\packages\flutter_tools\gradle\src\main\java', not found
[        ] Resolved plugin [id: 'dev.flutter.flutter-plugin-loader', version: '1.0.0']
[        ] Resolved plugin [id: 'com.android.application', version: '8.11.1', apply: false]
[        ] Resolved plugin [id: 'org.jetbrains.kotlin.android', version: '2.2.20', apply: false]
[  +91 ms] Resolve mutations for :gradle:checkKotlinGradlePluginConfigurationErrors (Thread[included builds,5,main]) started.
[        ] :gradle:checkKotlinGradlePluginConfigurationErrors (Thread[included builds,5,main]) started.
[        ] > Task :gradle:checkKotlinGradlePluginConfigurationErrors SKIPPED
[        ] Skipping task ':gradle:checkKotlinGradlePluginConfigurationErrors' as task onlyIf 'errorDiagnostics are present' is false.
[        ] Resolve mutations for :gradle:compileKotlin (Thread[included builds,5,main]) started.
[        ] :gradle:compileKotlin (Thread[included builds,5,main]) started.
[        ] > Task :gradle:compileKotlin UP-TO-DATE
[        ] Caching disabled for task ':gradle:compileKotlin' because:
[        ]   Build cache is disabled
[        ] Skipping task ':gradle:compileKotlin' as it is up-to-date.
[        ] Resolve mutations for :gradle:compileJava (Thread[included builds,5,main]) started.
[        ] :gradle:compileJava (Thread[included builds,5,main]) started.
[        ] > Task :gradle:compileJava NO-SOURCE
[        ] Skipping task ':gradle:compileJava' as it has no source files and no previous output files.
[        ] Resolve mutations for :gradle:compileGroovy (Thread[included builds,5,main]) started.
[        ] :gradle:compileGroovy (Thread[included builds,5,main]) started.
[        ] > Task :gradle:compileGroovy NO-SOURCE
[        ] Skipping task ':gradle:compileGroovy' as it has no source files and no previous output files.
[        ] Resolve mutations for :gradle:pluginDescriptors (Thread[included builds,5,main]) started.
[        ] :gradle:pluginDescriptors (Thread[included builds,5,main]) started.
[        ] > Task :gradle:pluginDescriptors UP-TO-DATE
[        ] Caching disabled for task ':gradle:pluginDescriptors' because:
[        ]   Build cache is disabled
[        ]   Not worth caching
[        ] Skipping task ':gradle:pluginDescriptors' as it is up-to-date.
[        ] Resolve mutations for :gradle:processResources (Thread[included builds,5,main]) started.
[        ] :gradle:processResources (Thread[included builds,5,main]) started.
[        ] > Task :gradle:processResources UP-TO-DATE
[        ] Caching disabled for task ':gradle:processResources' because:
[        ]   Build cache is disabled
[        ]   Not worth caching
[        ] Skipping task ':gradle:processResources' as it is up-to-date.
[        ] Resolve mutations for :gradle:classes (Thread[included builds,5,main]) started.
[        ] :gradle:classes (Thread[included builds,5,main]) started.
[        ] > Task :gradle:classes UP-TO-DATE
[        ] Skipping task ':gradle:classes' as it has no actions.
[        ] Resolve mutations for :gradle:jar (Thread[included builds,5,main]) started.
[        ] :gradle:jar (Thread[included builds,5,main]) started.
[  +86 ms] > Task :gradle:jar UP-TO-DATE
[        ] Caching disabled for task ':gradle:jar' because:
[        ]   Build cache is disabled
[        ]   Not worth caching
[        ] Skipping task ':gradle:jar' as it is up-to-date.
[ +100 ms] Settings evaluated using settings file 'C:\Users\RDP\Desktop\flutter_app\WebVault\android\settings.gradle.kts'.
[   +1 ms] Projects loaded. Root project using build file 'C:\Users\RDP\Desktop\flutter_app\WebVault\android\build.gradle.kts'.
[        ] Included projects: [root project 'android', project ':app', project ':app_links', project ':connectivity_plus', project ':file_picker', project ':flutter_plugin_android_lifecycle', project ':local_auth_android', project ':onesignal_flutter', project ':path_provider_android', project ':share_plus', project ':shared_preferences_android', project ':sqflite_android', project ':url_launcher_android', project ':webview_flutter_android']
[ +298 ms] > Configure project :app
[   +1 ms] Evaluating project ':app' using build file 'C:\Users\RDP\Desktop\flutter_app\WebVault\android\app\build.gradle.kts'.
[        ] Resolved plugin [id: 'com.android.application']
[        ] Resolved plugin [id: 'kotlin-android']
[        ] Resolved plugin [id: 'dev.flutter.flutter-gradle-plugin']
[        ] Resolved plugin [id: 'com.google.gms.google-services']
[        ] Using default execution profile
[        ] Build 31308fd1-6e33-4cee-9783-ffe1d78f173f is started
[        ] Using Kotlin Gradle Plugin gradle813 variant
[  +25 ms] C/C++: android.ndkVersion from module build.gradle is [28.2.13676358]
[        ] C/C++: android.ndkPath from module build.gradle is not set
[   +7 ms] C/C++: ndk.dir in local.properties is not set
[        ] C/C++: Not considering ANDROID_NDK_HOME because support was removed after deprecation period.
[   +2 ms] C/C++: sdkFolder is C:\Android\android-sdk
[        ] C/C++: android.ndkVersion from module build.gradle is [28.2.13676358]
[        ] C/C++: android.ndkPath from module build.gradle is not set
[        ] C/C++: ndk.dir in local.properties is not set
[  +22 ms] C/C++: Not considering ANDROID_NDK_HOME because support was removed after deprecation period.
[   +8 ms] C/C++: sdkFolder is C:\Android\android-sdk
[        ] C/C++: android.ndkVersion from module build.gradle is [28.2.13676358]
[        ] C/C++: android.ndkPath from module build.gradle is not set
[        ] C/C++: ndk.dir in local.properties is not set
[        ] C/C++: Not considering ANDROID_NDK_HOME because support was removed after deprecation period.
[        ] C/C++: sdkFolder is C:\Android\android-sdk
[        ] C/C++: android.ndkVersion from module build.gradle is [28.2.13676358]
[        ] C/C++: android.ndkPath from module build.gradle is not set
[        ] C/C++: ndk.dir in local.properties is not set
[  +23 ms] C/C++: Not considering ANDROID_NDK_HOME because support was removed after deprecation period.
[        ] C/C++: sdkFolder is C:\Android\android-sdk
[        ] C/C++: android.ndkVersion from module build.gradle is [28.2.13676358]
[        ] C/C++: android.ndkPath from module build.gradle is not set
[        ] C/C++: ndk.dir in local.properties is not set
[        ] C/C++: Not considering ANDROID_NDK_HOME because support was removed after deprecation period.
[        ] C/C++: sdkFolder is C:\Android\android-sdk
[        ] C/C++: android.ndkVersion from module build.gradle is [28.2.13676358]
[        ] C/C++: android.ndkPath from module build.gradle is not set
[        ] C/C++: ndk.dir in local.properties is not set
[        ] C/C++: Not considering ANDROID_NDK_HOME because support was removed after deprecation period.
[        ] C/C++: sdkFolder is C:\Android\android-sdk
[        ] C/C++: android.ndkVersion from module build.gradle is [28.2.13676358]
[        ] C/C++: android.ndkPath from module build.gradle is not set
[        ] C/C++: ndk.dir in local.properties is not set
[        ] C/C++: Not considering ANDROID_NDK_HOME because support was removed after deprecation period.
[        ] C/C++: sdkFolder is C:\Android\android-sdk
[        ] C/C++: android.ndkVersion from module build.gradle is [28.2.13676358]
[        ] C/C++: android.ndkPath from module build.gradle is not set
[        ] C/C++: ndk.dir in local.properties is not set
[        ] C/C++: Not considering ANDROID_NDK_HOME because support was removed after deprecation period.
[        ] C/C++: sdkFolder is C:\Android\android-sdk
[   +1 ms] C/C++: android.ndkVersion from module build.gradle is [28.2.13676358]
[   +1 ms] C/C++: android.ndkPath from module build.gradle is not set
[  +22 ms] C/C++: ndk.dir in local.properties is not set
[        ] C/C++: Not considering ANDROID_NDK_HOME because support was removed after deprecation period.
[   +1 ms] C/C++: sdkFolder is C:\Android\android-sdk
[        ] C/C++: android.ndkVersion from module build.gradle is [28.2.13676358]
[   +2 ms] C/C++: android.ndkPath from module build.gradle is not set
[        ] C/C++: ndk.dir in local.properties is not set
[        ] C/C++: Not considering ANDROID_NDK_HOME because support was removed after deprecation period.
[        ] C/C++: sdkFolder is C:\Android\android-sdk
[        ] C/C++: android.ndkVersion from module build.gradle is [28.2.13676358]
[        ] C/C++: android.ndkPath from module build.gradle is not set
[        ] C/C++: ndk.dir in local.properties is not set
[        ] C/C++: Not considering ANDROID_NDK_HOME because support was removed after deprecation period.
[        ] C/C++: sdkFolder is C:\Android\android-sdk
[        ] C/C++: android.ndkVersion from module build.gradle is [28.2.13676358]
[        ] C/C++: android.ndkPath from module build.gradle is not set
[        ] C/C++: ndk.dir in local.properties is not set
[        ] C/C++: Not considering ANDROID_NDK_HOME because support was removed after deprecation period.
[        ] C/C++: sdkFolder is C:\Android\android-sdk
[        ] C/C++: android.ndkVersion from module build.gradle is [28.2.13676358]
[        ] C/C++: android.ndkPath from module build.gradle is not set
[        ] C/C++: ndk.dir in local.properties is not set
[        ] C/C++: Not considering ANDROID_NDK_HOME because support was removed after deprecation period.
[        ] C/C++: sdkFolder is C:\Android\android-sdk
[        ] C/C++: android.ndkVersion from module build.gradle is [28.2.13676358]
[        ] C/C++: android.ndkPath from module build.gradle is not set
[        ] C/C++: ndk.dir in local.properties is not set
[        ] C/C++: Not considering ANDROID_NDK_HOME because support was removed after deprecation period.
[        ] C/C++: sdkFolder is C:\Android\android-sdk
[        ] C/C++: android.ndkVersion from module build.gradle is [28.2.13676358]
[        ] C/C++: android.ndkPath from module build.gradle is not set
[        ] C/C++: ndk.dir in local.properties is not set
[        ] C/C++: Not considering ANDROID_NDK_HOME because support was removed after deprecation period.
[        ] C/C++: sdkFolder is C:\Android\android-sdk
[        ] C/C++: android.ndkVersion from module build.gradle is [28.2.13676358]
[        ] C/C++: android.ndkPath from module build.gradle is not set
[   +1 ms] C/C++: ndk.dir in local.properties is not set
[   +3 ms] C/C++: Not considering ANDROID_NDK_HOME because support was removed after deprecation period.
[  +10 ms] C/C++: sdkFolder is C:\Android\android-sdk
[   +2 ms] C/C++: android.ndkVersion from module build.gradle is [28.2.13676358]
[   +7 ms] C/C++: android.ndkPath from module build.gradle is not set
[   +2 ms] C/C++: ndk.dir in local.properties is not set
[   +6 ms] C/C++: Not considering ANDROID_NDK_HOME because support was removed after deprecation period.
[   +4 ms] C/C++: sdkFolder is C:\Android\android-sdk
[        ] C/C++: android.ndkVersion from module build.gradle is [28.2.13676358]
[        ] C/C++: android.ndkPath from module build.gradle is not set
[        ] C/C++: ndk.dir in local.properties is not set
[        ] C/C++: Not considering ANDROID_NDK_HOME because support was removed after deprecation period.
[        ] C/C++: sdkFolder is C:\Android\android-sdk
[        ] C/C++: android.ndkVersion from module build.gradle is [28.2.13676358]
[        ] C/C++: android.ndkPath from module build.gradle is not set
[        ] C/C++: ndk.dir in local.properties is not set
[        ] C/C++: Not considering ANDROID_NDK_HOME because support was removed after deprecation period.
[        ] C/C++: sdkFolder is C:\Android\android-sdk
[        ] > Configure project :
[        ] Evaluating root project 'android' using build file 'C:\Users\RDP\Desktop\flutter_app\WebVault\android\build.gradle.kts'.
[        ] Resolved plugin [id: 'com.android.application', version: '8.11.1', apply: false]
[        ] Resolved plugin [id: 'com.google.gms.google-services', version: '4.4.1', apply: false]
[  +22 ms] > Configure project :app_links
[   +1 ms] Evaluating project ':app_links' using build file 'C:\Users\RDP\AppData\Local\Pub\Cache\hosted\pub.dev\app_links-6.4.1\android\build.gradle'.
[   +1 ms] Using default execution profile
[ +198 ms] > Configure project :connectivity_plus
[   +6 ms] Evaluating project ':connectivity_plus' using build file 'C:\Users\RDP\AppData\Local\Pub\Cache\hosted\pub.dev\connectivity_plus-6.1.5\android\build.gradle'.
[  +23 ms] Using default execution profile
[  +60 ms] > Configure project :file_picker
[        ] Evaluating project ':file_picker' using build file 'C:\Users\RDP\AppData\Local\Pub\Cache\hosted\pub.dev\file_picker-8.3.7\android\build.gradle'.
[        ] Using default execution profile
[  +96 ms] > Configure project :flutter_plugin_android_lifecycle
[        ] Evaluating project ':flutter_plugin_android_lifecycle' using build file 'C:\Users\RDP\AppData\Local\Pub\Cache\hosted\pub.dev\flutter_plugin_android_lifecycle-2.0.33\android\build.gradle'.
[        ] Using default execution profile
[ +111 ms] > Configure project :local_auth_android
[        ] Evaluating project ':local_auth_android' using build file 'C:\Users\RDP\AppData\Local\Pub\Cache\hosted\pub.dev\local_auth_android-1.0.56\android\build.gradle'.
[        ] Using default execution profile
[  +95 ms] > Configure project :onesignal_flutter
[        ] Evaluating project ':onesignal_flutter' using build file 'C:\Users\RDP\AppData\Local\Pub\Cache\hosted\pub.dev\onesignal_flutter-5.4.1\android\build.gradle'.
[        ] Using default execution profile
[  +93 ms] > Configure project :path_provider_android
[        ] Evaluating project ':path_provider_android' using build file 'C:\Users\RDP\AppData\Local\Pub\Cache\hosted\pub.dev\path_provider_android-2.2.22\android\build.gradle'.
[        ] Using default execution profile
[ +100 ms] > Configure project :share_plus
[        ] Evaluating project ':share_plus' using build file 'C:\Users\RDP\AppData\Local\Pub\Cache\hosted\pub.dev\share_plus-10.1.4\android\build.gradle'.
[        ] Using default execution profile
[        ] Using Kotlin Gradle Plugin gradle813 variant
[ +191 ms] > Configure project :shared_preferences_android
[        ] Evaluating project ':shared_preferences_android' using build file 'C:\Users\RDP\AppData\Local\Pub\Cache\hosted\pub.dev\shared_preferences_android-2.4.20\android\build.gradle'.
[        ] Using default execution profile
[        ] Using Kotlin Gradle Plugin gradle813 variant
[ +105 ms] > Configure project :sqflite_android
[   +1 ms] Evaluating project ':sqflite_android' using build file 'C:\Users\RDP\AppData\Local\Pub\Cache\hosted\pub.dev\sqflite_android-2.4.2+2\android\build.gradle'.
[        ] Using default execution profile
[  +95 ms] > Configure project :url_launcher_android
[   +1 ms] Evaluating project ':url_launcher_android' using build file 'C:\Users\RDP\AppData\Local\Pub\Cache\hosted\pub.dev\url_launcher_android-6.3.28\android\build.gradle'.
[        ] Using default execution profile
[  +97 ms] > Configure project :webview_flutter_android
[        ] Evaluating project ':webview_flutter_android' using build file 'C:\Users\RDP\AppData\Local\Pub\Cache\hosted\pub.dev\webview_flutter_android-4.10.11\android\build.gradle'.
[        ] Using default execution profile
[        ] Using Kotlin Gradle Plugin gradle813 variant
[        ] All projects evaluated.
[   +1 ms] Task name matched 'assembleRelease'
[        ] Selected primary task 'assembleRelease' from project :
[ +831 ms] Tasks to be executed: [task ':app:ReleaseMinSdkCheck', task ':app:compileFlutterBuildRelease', task ':app:packJniLibsflutterBuildRelease', task ':app:preBuild', task ':app:preReleaseBuild', task ':app:configureCMakeRelease[arm64-v8a]', task ':app:buildCMakeRelease[arm64-v8a]', task ':app:configureCMakeRelease[armeabi-v7a]', task ':app:buildCMakeRelease[armeabi-v7a]', task ':app:configureCMakeRelease[x86_64]', task ':app:buildCMakeRelease[x86_64]', task ':app:mergeReleaseJniLibFolders', task ':app_links:preBuild', task ':app_links:preReleaseBuild', task ':app_links:mergeReleaseJniLibFolders', task ':app_links:mergeReleaseNativeLibs', task ':app_links:copyReleaseJniLibsProjectOnly', task ':connectivity_plus:preBuild', task ':connectivity_plus:preReleaseBuild', task ':connectivity_plus:mergeReleaseJniLibFolders', task ':connectivity_plus:mergeReleaseNativeLibs', task ':connectivity_plus:copyReleaseJniLibsProjectOnly', task ':file_picker:preBuild', task ':file_picker:preReleaseBuild', task ':file_picker:mergeReleaseJniLibFolders', task ':file_picker:mergeReleaseNativeLibs', task ':file_picker:copyReleaseJniLibsProjectOnly', task ':flutter_plugin_android_lifecycle:preBuild', task ':flutter_plugin_android_lifecycle:preReleaseBuild', task ':flutter_plugin_android_lifecycle:mergeReleaseJniLibFolders', task ':flutter_plugin_android_lifecycle:mergeReleaseNativeLibs', task ':flutter_plugin_android_lifecycle:copyReleaseJniLibsProjectOnly', task ':local_auth_android:preBuild', task ':local_auth_android:preReleaseBuild', task ':local_auth_android:mergeReleaseJniLibFolders', task ':local_auth_android:mergeReleaseNativeLibs', task ':local_auth_android:copyReleaseJniLibsProjectOnly', task ':onesignal_flutter:preBuild', task ':onesignal_flutter:preReleaseBuild', task ':onesignal_flutter:mergeReleaseJniLibFolders', task ':onesignal_flutter:mergeReleaseNativeLibs', task ':onesignal_flutter:copyReleaseJniLibsProjectOnly', task ':path_provider_android:preBuild', task ':path_provider_android:preReleaseBuild', task ':path_provider_android:mergeReleaseJniLibFolders', task ':path_provider_android:mergeReleaseNativeLibs', task ':path_provider_android:copyReleaseJniLibsProjectOnly', task ':share_plus:preBuild', task ':share_plus:preReleaseBuild', task ':share_plus:mergeReleaseJniLibFolders', task ':share_plus:mergeReleaseNativeLibs', task ':share_plus:copyReleaseJniLibsProjectOnly', task ':shared_preferences_android:preBuild', task ':shared_preferences_android:preReleaseBuild', task ':shared_preferences_android:mergeReleaseJniLibFolders', task ':shared_preferences_android:mergeReleaseNativeLibs', task ':shared_preferences_android:copyReleaseJniLibsProjectOnly', task ':sqflite_android:preBuild', task ':sqflite_android:preReleaseBuild', task ':sqflite_android:mergeReleaseJniLibFolders', task ':sqflite_android:mergeReleaseNativeLibs', task ':sqflite_android:copyReleaseJniLibsProjectOnly', task ':url_launcher_android:preBuild', task ':url_launcher_android:preReleaseBuild', task ':url_launcher_android:mergeReleaseJniLibFolders', task ':url_launcher_android:mergeReleaseNativeLibs', task ':url_launcher_android:copyReleaseJniLibsProjectOnly', task ':webview_flutter_android:preBuild', task ':webview_flutter_android:preReleaseBuild', task ':webview_flutter_android:mergeReleaseJniLibFolders', task ':webview_flutter_android:mergeReleaseNativeLibs', task ':webview_flutter_android:copyReleaseJniLibsProjectOnly', task ':app:mergeReleaseNativeLibs', task ':app:stripReleaseDebugSymbols', task ':app:extractReleaseNativeSymbolTables', task ':app:mergeReleaseNativeDebugMetadata', task ':app_links:generateReleaseResValues', task ':app_links:generateReleaseResources', task ':app_links:packageReleaseResources', task ':app_links:parseReleaseLocalResources', task ':app_links:generateReleaseRFile', task ':app_links:javaPreCompileRelease', task ':app_links:compileReleaseJavaWithJavac', task ':app_links:mergeReleaseGeneratedProguardFiles', task ':app_links:exportReleaseConsumerProguardFiles', task ':connectivity_plus:generateReleaseResValues', task ':connectivity_plus:generateReleaseResources', task ':connectivity_plus:packageReleaseResources', task ':connectivity_plus:parseReleaseLocalResources', task ':connectivity_plus:generateReleaseRFile', task ':connectivity_plus:javaPreCompileRelease', task ':connectivity_plus:compileReleaseJavaWithJavac', task ':connectivity_plus:mergeReleaseGeneratedProguardFiles', task ':connectivity_plus:exportReleaseConsumerProguardFiles', task ':file_picker:generateReleaseResValues', task ':file_picker:generateReleaseResources', task ':file_picker:packageReleaseResources', task ':file_picker:parseReleaseLocalResources', task ':file_picker:generateReleaseRFile', task ':file_picker:javaPreCompileRelease', task ':flutter_plugin_android_lifecycle:generateReleaseResValues', task ':flutter_plugin_android_lifecycle:generateReleaseResources', task ':flutter_plugin_android_lifecycle:packageReleaseResources', task ':flutter_plugin_android_lifecycle:parseReleaseLocalResources', task ':flutter_plugin_android_lifecycle:generateReleaseRFile', task ':flutter_plugin_android_lifecycle:javaPreCompileRelease', task ':flutter_plugin_android_lifecycle:compileReleaseJavaWithJavac', task ':flutter_plugin_android_lifecycle:bundleLibCompileToJarRelease', task ':file_picker:compileReleaseJavaWithJavac', task ':file_picker:mergeReleaseGeneratedProguardFiles', task ':file_picker:exportReleaseConsumerProguardFiles', task ':local_auth_android:generateReleaseResValues', task ':local_auth_android:generateReleaseResources', task ':local_auth_android:packageReleaseResources', task ':local_auth_android:parseReleaseLocalResources', task ':local_auth_android:generateReleaseRFile', task ':local_auth_android:javaPreCompileRelease', task ':local_auth_android:compileReleaseJavaWithJavac', task ':local_auth_android:mergeReleaseGeneratedProguardFiles', task ':local_auth_android:exportReleaseConsumerProguardFiles', task ':flutter_plugin_android_lifecycle:mergeReleaseGeneratedProguardFiles', task ':flutter_plugin_android_lifecycle:exportReleaseConsumerProguardFiles', task ':onesignal_flutter:generateReleaseResValues', task ':onesignal_flutter:generateReleaseResources', task ':onesignal_flutter:packageReleaseResources', task ':onesignal_flutter:parseReleaseLocalResources', task ':onesignal_flutter:generateReleaseRFile', task ':onesignal_flutter:javaPreCompileRelease', task ':onesignal_flutter:compileReleaseJavaWithJavac', task ':onesignal_flutter:mergeReleaseGeneratedProguardFiles', task ':onesignal_flutter:exportReleaseConsumerProguardFiles', task ':path_provider_android:generateReleaseResValues', task ':path_provider_android:generateReleaseResources', task ':path_provider_android:packageReleaseResources', task ':path_provider_android:parseReleaseLocalResources', task ':path_provider_android:generateReleaseRFile', task ':path_provider_android:javaPreCompileRelease', task ':path_provider_android:compileReleaseJavaWithJavac', task ':path_provider_android:mergeReleaseGeneratedProguardFiles', task ':path_provider_android:exportReleaseConsumerProguardFiles', task ':share_plus:checkKotlinGradlePluginConfigurationErrors', task ':share_plus:generateReleaseResValues', task ':share_plus:generateReleaseResources', task ':share_plus:packageReleaseResources', task ':share_plus:parseReleaseLocalResources', task ':share_plus:generateReleaseRFile', task ':share_plus:compileReleaseKotlin', task ':share_plus:javaPreCompileRelease', task ':share_plus:compileReleaseJavaWithJavac', task ':share_plus:mergeReleaseGeneratedProguardFiles', task ':share_plus:exportReleaseConsumerProguardFiles', task ':shared_preferences_android:checkKotlinGradlePluginConfigurationErrors', task ':shared_preferences_android:generateReleaseResValues', task ':shared_preferences_android:generateReleaseResources', task ':shared_preferences_android:packageReleaseResources', task ':shared_preferences_android:parseReleaseLocalResources', task ':shared_preferences_android:generateReleaseRFile', task ':shared_preferences_android:compileReleaseKotlin', task ':shared_preferences_android:javaPreCompileRelease', task ':shared_preferences_android:compileReleaseJavaWithJavac', task ':shared_preferences_android:mergeReleaseGeneratedProguardFiles', task ':shared_preferences_android:exportReleaseConsumerProguardFiles', task ':sqflite_android:generateReleaseResValues', task ':sqflite_android:generateReleaseResources', task ':sqflite_android:packageReleaseResources', task ':sqflite_android:parseReleaseLocalResources', task ':sqflite_android:generateReleaseRFile', task ':sqflite_android:javaPreCompileRelease', task ':sqflite_android:compileReleaseJavaWithJavac', task ':sqflite_android:mergeReleaseGeneratedProguardFiles', task ':sqflite_android:exportReleaseConsumerProguardFiles', task ':url_launcher_android:generateReleaseBuildConfig', task ':url_launcher_android:generateReleaseResValues', task ':url_launcher_android:generateReleaseResources', task ':url_launcher_android:packageReleaseResources', task ':url_launcher_android:parseReleaseLocalResources', task ':url_launcher_android:generateReleaseRFile', task ':url_launcher_android:javaPreCompileRelease', task ':url_launcher_android:compileReleaseJavaWithJavac', task ':url_launcher_android:mergeReleaseGeneratedProguardFiles', task ':url_launcher_android:exportReleaseConsumerProguardFiles', task ':webview_flutter_android:checkKotlinGradlePluginConfigurationErrors', task ':webview_flutter_android:generateReleaseResValues', task ':webview_flutter_android:generateReleaseResources', task ':webview_flutter_android:packageReleaseResources', task ':webview_flutter_android:parseReleaseLocalResources', task ':webview_flutter_android:generateReleaseRFile', task ':webview_flutter_android:compileReleaseKotlin', task ':webview_flutter_android:javaPreCompileRelease', task ':webview_flutter_android:compileReleaseJavaWithJavac', task ':webview_flutter_android:mergeReleaseGeneratedProguardFiles', task ':webview_flutter_android:exportReleaseConsumerProguardFiles', task ':app:buildKotlinToolingMetadata', task ':app:checkReleaseDuplicateClasses', task ':app:checkKotlinGradlePluginConfigurationErrors', task ':app_links:writeReleaseAarMetadata', task ':connectivity_plus:writeReleaseAarMetadata', task ':file_picker:writeReleaseAarMetadata', task ':flutter_plugin_android_lifecycle:writeReleaseAarMetadata', task ':local_auth_android:writeReleaseAarMetadata', task ':onesignal_flutter:writeReleaseAarMetadata', task ':path_provider_android:writeReleaseAarMetadata', task ':share_plus:writeReleaseAarMetadata', task ':shared_preferences_android:writeReleaseAarMetadata', task ':sqflite_android:writeReleaseAarMetadata', task ':url_launcher_android:writeReleaseAarMetadata', task ':webview_flutter_android:writeReleaseAarMetadata', task ':app:checkReleaseAarMetadata', task ':app:cleanMergeReleaseAssets', task ':app:mergeReleaseShaders', task ':app:compileReleaseShaders', task ':app:generateReleaseAssets', task ':app_links:mergeReleaseShaders', task ':app_links:compileReleaseShaders', task ':app_links:generateReleaseAssets', task ':app_links:mergeReleaseAssets', task ':connectivity_plus:mergeReleaseShaders', task ':connectivity_plus:compileReleaseShaders', task ':connectivity_plus:generateReleaseAssets', task ':connectivity_plus:mergeReleaseAssets', task ':file_picker:mergeReleaseShaders', task ':file_picker:compileReleaseShaders', task ':file_picker:generateReleaseAssets', task ':file_picker:mergeReleaseAssets', task ':flutter_plugin_android_lifecycle:mergeReleaseShaders', task ':flutter_plugin_android_lifecycle:compileReleaseShaders', task ':flutter_plugin_android_lifecycle:generateReleaseAssets', task ':flutter_plugin_android_lifecycle:mergeReleaseAssets', task ':local_auth_android:mergeReleaseShaders', task ':local_auth_android:compileReleaseShaders', task ':local_auth_android:generateReleaseAssets', task ':local_auth_android:mergeReleaseAssets', task ':onesignal_flutter:mergeReleaseShaders', task ':onesignal_flutter:compileReleaseShaders', task ':onesignal_flutter:generateReleaseAssets', task ':onesignal_flutter:mergeReleaseAssets', task ':path_provider_android:mergeReleaseShaders', task ':path_provider_android:compileReleaseShaders', task ':path_provider_android:generateReleaseAssets', task ':path_provider_android:mergeReleaseAssets', task ':share_plus:mergeReleaseShaders', task ':share_plus:compileReleaseShaders', task ':share_plus:generateReleaseAssets', task ':share_plus:mergeReleaseAssets', task ':shared_preferences_android:mergeReleaseShaders', task ':shared_preferences_android:compileReleaseShaders', task ':shared_preferences_android:generateReleaseAssets', task ':shared_preferences_android:mergeReleaseAssets', task ':sqflite_android:mergeReleaseShaders', task ':sqflite_android:compileReleaseShaders', task ':sqflite_android:generateReleaseAssets', task ':sqflite_android:mergeReleaseAssets', task ':url_launcher_android:mergeReleaseShaders', task ':url_launcher_android:compileReleaseShaders', task ':url_launcher_android:generateReleaseAssets', task ':url_launcher_android:mergeReleaseAssets', task ':webview_flutter_android:mergeReleaseShaders', task ':webview_flutter_android:compileReleaseShaders', task ':webview_flutter_android:generateReleaseAssets', task ':webview_flutter_android:mergeReleaseAssets', task ':app:mergeReleaseAssets', task ':app:copyFlutterAssetsRelease', task ':app:generateReleaseResValues', task ':app:processReleaseGoogleServices', task ':app:mapReleaseSourceSetPaths', task ':app:generateReleaseResources', task ':app:mergeReleaseResources', task ':app:packageReleaseResources', task ':app:parseReleaseLocalResources', task ':app:createReleaseCompatibleScreenManifests', task ':app:extractDeepLinksRelease', task ':app_links:extractDeepLinksRelease', task ':app_links:processReleaseManifest', task ':connectivity_plus:extractDeepLinksRelease', task ':connectivity_plus:processReleaseManifest', task ':file_picker:extractDeepLinksRelease', task ':file_picker:processReleaseManifest', task ':flutter_plugin_android_lifecycle:extractDeepLinksRelease', task ':flutter_plugin_android_lifecycle:processReleaseManifest', task ':local_auth_android:extractDeepLinksRelease', task ':local_auth_android:processReleaseManifest', task ':onesignal_flutter:extractDeepLinksRelease', task ':onesignal_flutter:processReleaseManifest', task ':path_provider_android:extractDeepLinksRelease', task ':path_provider_android:processReleaseManifest', task ':share_plus:extractDeepLinksRelease', task ':share_plus:processReleaseManifest', task ':shared_preferences_android:extractDeepLinksRelease', task ':shared_preferences_android:processReleaseManifest', task ':sqflite_android:extractDeepLinksRelease', task ':sqflite_android:processReleaseManifest', task ':url_launcher_android:extractDeepLinksRelease', task ':url_launcher_android:processReleaseManifest', task ':webview_flutter_android:extractDeepLinksRelease', task ':webview_flutter_android:processReleaseManifest', task ':app:processReleaseMainManifest', task ':app:outputReleaseAppLinkSettings', task ':app:processReleaseManifest', task ':app:processReleaseManifestForPackage', task ':app:processReleaseResources', task ':app_links:bundleLibCompileToJarRelease', task ':connectivity_plus:bundleLibCompileToJarRelease', task ':file_picker:bundleLibCompileToJarRelease', task ':local_auth_android:bundleLibCompileToJarRelease', task ':onesignal_flutter:bundleLibCompileToJarRelease', task ':path_provider_android:bundleLibCompileToJarRelease', task ':share_plus:bundleLibCompileToJarRelease', task ':shared_preferences_android:bundleLibCompileToJarRelease', task ':sqflite_android:bundleLibCompileToJarRelease', task ':url_launcher_android:bundleLibCompileToJarRelease', task ':webview_flutter_android:bundleLibCompileToJarRelease', task ':app:compileReleaseKotlin', task ':app:javaPreCompileRelease', task ':app:compileReleaseJavaWithJavac', task ':app_links:prepareReleaseArtProfile', task ':connectivity_plus:prepareReleaseArtProfile', task ':file_picker:prepareReleaseArtProfile', task ':flutter_plugin_android_lifecycle:prepareReleaseArtProfile', task ':local_auth_android:prepareReleaseArtProfile', task ':onesignal_flutter:prepareReleaseArtProfile', task ':path_provider_android:prepareReleaseArtProfile', task ':share_plus:prepareReleaseArtProfile', task ':shared_preferences_android:prepareReleaseArtProfile', task ':sqflite_android:prepareReleaseArtProfile', task ':url_launcher_android:prepareReleaseArtProfile', task ':webview_flutter_android:prepareReleaseArtProfile', task ':app:mergeReleaseArtProfile', task ':app_links:bundleLibRuntimeToJarRelease', task ':connectivity_plus:bundleLibRuntimeToJarRelease', task ':file_picker:bundleLibRuntimeToJarRelease', task ':flutter_plugin_android_lifecycle:bundleLibRuntimeToJarRelease', task ':local_auth_android:bundleLibRuntimeToJarRelease', task ':onesignal_flutter:bundleLibRuntimeToJarRelease', task ':path_provider_android:bundleLibRuntimeToJarRelease', task ':share_plus:bundleLibRuntimeToJarRelease', task ':shared_preferences_android:bundleLibRuntimeToJarRelease', task ':sqflite_android:bundleLibRuntimeToJarRelease', task ':url_launcher_android:bundleLibRuntimeToJarRelease', task ':webview_flutter_android:bundleLibRuntimeToJarRelease', task ':app:expandReleaseArtProfileWildcards', task ':app:extractProguardFiles', task ':app:mergeReleaseGeneratedProguardFiles', task ':app:processReleaseJavaRes', task ':app_links:processReleaseJavaRes', task ':connectivity_plus:processReleaseJavaRes', task ':file_picker:processReleaseJavaRes', task ':flutter_plugin_android_lifecycle:processReleaseJavaRes', task ':local_auth_android:processReleaseJavaRes', task ':onesignal_flutter:processReleaseJavaRes', task ':path_provider_android:processReleaseJavaRes', task ':share_plus:processReleaseJavaRes', task ':shared_preferences_android:processReleaseJavaRes', task ':sqflite_android:processReleaseJavaRes', task ':url_launcher_android:processReleaseJavaRes', task ':webview_flutter_android:processReleaseJavaRes', task ':app:mergeReleaseJavaResource', task ':app:mergeReleaseStartupProfile', task ':app:minifyReleaseWithR8', task ':app:compileReleaseArtProfile', task ':app:compressReleaseAssets', task ':app:extractReleaseVersionControlInfo', task ':app_links:createFullJarRelease', task ':app_links:extractProguardFiles', task ':app_links:generateReleaseLintModel', task ':app_links:prepareLintJarForPublish', task ':connectivity_plus:createFullJarRelease', task ':connectivity_plus:extractProguardFiles', task ':connectivity_plus:generateReleaseLintModel', task ':connectivity_plus:prepareLintJarForPublish', task ':file_picker:createFullJarRelease', task ':file_picker:extractProguardFiles', task ':flutter_plugin_android_lifecycle:createFullJarRelease', task ':flutter_plugin_android_lifecycle:extractProguardFiles', task ':flutter_plugin_android_lifecycle:generateReleaseLintModel', task ':flutter_plugin_android_lifecycle:prepareLintJarForPublish', task ':file_picker:generateReleaseLintModel', task ':file_picker:prepareLintJarForPublish', task ':local_auth_android:createFullJarRelease', task ':local_auth_android:extractProguardFiles', task ':local_auth_android:generateReleaseLintModel', task ':local_auth_android:prepareLintJarForPublish', task ':onesignal_flutter:createFullJarRelease', task ':onesignal_flutter:extractProguardFiles', task ':onesignal_flutter:generateReleaseLintModel', task ':onesignal_flutter:prepareLintJarForPublish', task ':path_provider_android:createFullJarRelease', task ':path_provider_android:extractProguardFiles', task ':path_provider_android:generateReleaseLintModel', task ':path_provider_android:prepareLintJarForPublish', task ':share_plus:createFullJarRelease', task ':share_plus:extractProguardFiles', task ':share_plus:generateReleaseLintModel', task ':share_plus:prepareLintJarForPublish', task ':shared_preferences_android:createFullJarRelease', task ':shared_preferences_android:extractProguardFiles', task ':shared_preferences_android:generateReleaseLintModel', task ':shared_preferences_android:prepareLintJarForPublish', task ':sqflite_android:createFullJarRelease', task ':sqflite_android:extractProguardFiles', task ':sqflite_android:generateReleaseLintModel', task ':sqflite_android:prepareLintJarForPublish', task ':url_launcher_android:createFullJarRelease', task ':url_launcher_android:extractProguardFiles', task ':url_launcher_android:generateReleaseLintModel', task ':url_launcher_android:prepareLintJarForPublish', task ':webview_flutter_android:createFullJarRelease', task ':webview_flutter_android:extractProguardFiles', task ':webview_flutter_android:generateReleaseLintModel', task ':webview_flutter_android:prepareLintJarForPublish', task ':app:generateReleaseLintVitalReportModel', task ':app_links:stripReleaseDebugSymbols', task ':app_links:copyReleaseJniLibsProjectAndLocalJars', task ':app_links:extractDeepLinksForAarRelease', task ':app_links:extractReleaseAnnotations', task ':app_links:mergeReleaseConsumerProguardFiles', task ':app_links:mergeReleaseJavaResource', task ':app_links:syncReleaseLibJars', task ':app_links:bundleReleaseLocalLintAar', task ':connectivity_plus:stripReleaseDebugSymbols', task ':connectivity_plus:copyReleaseJniLibsProjectAndLocalJars', task ':connectivity_plus:extractDeepLinksForAarRelease', task ':connectivity_plus:extractReleaseAnnotations', task ':connectivity_plus:mergeReleaseConsumerProguardFiles', task ':connectivity_plus:mergeReleaseJavaResource', task ':connectivity_plus:syncReleaseLibJars', task ':connectivity_plus:bundleReleaseLocalLintAar', task ':file_picker:stripReleaseDebugSymbols', task ':file_picker:copyReleaseJniLibsProjectAndLocalJars', task ':file_picker:extractDeepLinksForAarRelease', task ':file_picker:extractReleaseAnnotations', task ':file_picker:mergeReleaseConsumerProguardFiles', task ':file_picker:mergeReleaseJavaResource', task ':file_picker:syncReleaseLibJars', task ':file_picker:bundleReleaseLocalLintAar', task ':local_auth_android:stripReleaseDebugSymbols', task ':local_auth_android:copyReleaseJniLibsProjectAndLocalJars', task ':local_auth_android:extractDeepLinksForAarRelease', task ':local_auth_android:extractReleaseAnnotations', task ':local_auth_android:mergeReleaseConsumerProguardFiles', task ':local_auth_android:mergeReleaseJavaResource', task ':local_auth_android:syncReleaseLibJars', task ':local_auth_android:bundleReleaseLocalLintAar', task ':flutter_plugin_android_lifecycle:stripReleaseDebugSymbols', task ':flutter_plugin_android_lifecycle:copyReleaseJniLibsProjectAndLocalJars', task ':flutter_plugin_android_lifecycle:extractDeepLinksForAarRelease', task ':flutter_plugin_android_lifecycle:extractReleaseAnnotations', task ':flutter_plugin_android_lifecycle:mergeReleaseConsumerProguardFiles', task ':flutter_plugin_android_lifecycle:mergeReleaseJavaResource', task ':flutter_plugin_android_lifecycle:syncReleaseLibJars', task ':flutter_plugin_android_lifecycle:bundleReleaseLocalLintAar', task ':onesignal_flutter:stripReleaseDebugSymbols', task ':onesignal_flutter:copyReleaseJniLibsProjectAndLocalJars', task ':onesignal_flutter:extractDeepLinksForAarRelease', task ':onesignal_flutter:extractReleaseAnnotations', task ':onesignal_flutter:mergeReleaseConsumerProguardFiles', task ':onesignal_flutter:mergeReleaseJavaResource', task ':onesignal_flutter:syncReleaseLibJars', task ':onesignal_flutter:bundleReleaseLocalLintAar', task ':path_provider_android:stripReleaseDebugSymbols', task ':path_provider_android:copyReleaseJniLibsProjectAndLocalJars', task ':path_provider_android:extractDeepLinksForAarRelease', task ':path_provider_android:extractReleaseAnnotations', task ':path_provider_android:mergeReleaseConsumerProguardFiles', task ':path_provider_android:mergeReleaseJavaResource', task ':path_provider_android:syncReleaseLibJars', task ':path_provider_android:bundleReleaseLocalLintAar', task ':share_plus:stripReleaseDebugSymbols', task ':share_plus:copyReleaseJniLibsProjectAndLocalJars', task ':share_plus:extractDeepLinksForAarRelease', task ':share_plus:extractReleaseAnnotations', task ':share_plus:mergeReleaseConsumerProguardFiles', task ':share_plus:mergeReleaseJavaResource', task ':share_plus:syncReleaseLibJars', task ':share_plus:bundleReleaseLocalLintAar', task ':shared_preferences_android:stripReleaseDebugSymbols', task ':shared_preferences_android:copyReleaseJniLibsProjectAndLocalJars', task ':shared_preferences_android:extractDeepLinksForAarRelease', task ':shared_preferences_android:extractReleaseAnnotations', task ':shared_preferences_android:mergeReleaseConsumerProguardFiles', task ':shared_preferences_android:mergeReleaseJavaResource', task ':shared_preferences_android:syncReleaseLibJars', task ':shared_preferences_android:bundleReleaseLocalLintAar', task ':sqflite_android:stripReleaseDebugSymbols', task ':sqflite_android:copyReleaseJniLibsProjectAndLocalJars', task ':sqflite_android:extractDeepLinksForAarRelease', task ':sqflite_android:extractReleaseAnnotations', task ':sqflite_android:mergeReleaseConsumerProguardFiles', task ':sqflite_android:mergeReleaseJavaResource', task ':sqflite_android:syncReleaseLibJars', task ':sqflite_android:bundleReleaseLocalLintAar', task ':url_launcher_android:stripReleaseDebugSymbols', task ':url_launcher_android:copyReleaseJniLibsProjectAndLocalJars', task ':url_launcher_android:extractDeepLinksForAarRelease', task ':url_launcher_android:extractReleaseAnnotations', task ':url_launcher_android:mergeReleaseConsumerProguardFiles', task ':url_launcher_android:mergeReleaseJavaResource', task ':url_launcher_android:syncReleaseLibJars', task ':url_launcher_android:bundleReleaseLocalLintAar', task ':webview_flutter_android:stripReleaseDebugSymbols', task ':webview_flutter_android:copyReleaseJniLibsProjectAndLocalJars', task ':webview_flutter_android:extractDeepLinksForAarRelease', task ':webview_flutter_android:extractReleaseAnnotations', task ':webview_flutter_android:mergeReleaseConsumerProguardFiles', task ':webview_flutter_android:mergeReleaseJavaResource', task ':webview_flutter_android:syncReleaseLibJars', task ':webview_flutter_android:bundleReleaseLocalLintAar', task ':app_links:lintVitalAnalyzeRelease', task ':app_links:writeReleaseLintModelMetadata', task ':connectivity_plus:lintVitalAnalyzeRelease', task ':connectivity_plus:writeReleaseLintModelMetadata', task ':flutter_plugin_android_lifecycle:writeReleaseLintModelMetadata', task ':file_picker:lintVitalAnalyzeRelease', task ':file_picker:writeReleaseLintModelMetadata', task ':flutter_plugin_android_lifecycle:lintVitalAnalyzeRelease', task ':local_auth_android:lintVitalAnalyzeRelease', task ':local_auth_android:writeReleaseLintModelMetadata', task ':onesignal_flutter:lintVitalAnalyzeRelease', task ':onesignal_flutter:writeReleaseLintModelMetadata', task ':path_provider_android:lintVitalAnalyzeRelease', task ':path_provider_android:writeReleaseLintModelMetadata', task ':share_plus:lintVitalAnalyzeRelease', task ':share_plus:writeReleaseLintModelMetadata', task ':shared_preferences_android:lintVitalAnalyzeRelease', task ':shared_preferences_android:writeReleaseLintModelMetadata', task ':sqflite_android:lintVitalAnalyzeRelease', task ':sqflite_android:writeReleaseLintModelMetadata', task ':url_launcher_android:lintVitalAnalyzeRelease', task ':url_launcher_android:writeReleaseLintModelMetadata', task ':webview_flutter_android:lintVitalAnalyzeRelease', task ':webview_flutter_android:writeReleaseLintModelMetadata', task ':app:lintVitalAnalyzeRelease', task ':app_links:generateReleaseLintVitalModel', task ':connectivity_plus:generateReleaseLintVitalModel', task ':file_picker:generateReleaseLintVitalModel', task ':flutter_plugin_android_lifecycle:generateReleaseLintVitalModel', task ':local_auth_android:generateReleaseLintVitalModel', task ':onesignal_flutter:generateReleaseLintVitalModel', task ':path_provider_android:generateReleaseLintVitalModel', task ':share_plus:generateReleaseLintVitalModel', task ':shared_preferences_android:generateReleaseLintVitalModel', task ':sqflite_android:generateReleaseLintVitalModel', task ':url_launcher_android:generateReleaseLintVitalModel', task ':webview_flutter_android:generateReleaseLintVitalModel', task ':app:lintVitalReportRelease', task ':app:lintVitalRelease', task ':app:convertShrunkResourcesToBinaryRelease', task ':app:optimizeReleaseResources', task ':app:collectReleaseDependencies', task ':app:sdkReleaseDependencyData', task ':app:validateSigningRelease', task ':app:writeReleaseAppMetadata', task ':app:writeReleaseSigningConfigVersions', task ':app:packageRelease', task ':app:createReleaseApkListingFileRedirect', task ':app:assembleRelease', task ':app_links:bundleReleaseAar', task ':app_links:mapReleaseSourceSetPaths', task ':app_links:mergeReleaseResources', task ':app_links:verifyReleaseResources', task ':app_links:assembleRelease', task ':connectivity_plus:bundleReleaseAar', task ':connectivity_plus:mapReleaseSourceSetPaths', task ':connectivity_plus:mergeReleaseResources', task ':connectivity_plus:verifyReleaseResources', task ':connectivity_plus:assembleRelease', task ':file_picker:bundleReleaseAar', task ':file_picker:mapReleaseSourceSetPaths', task ':file_picker:mergeReleaseResources', task ':flutter_plugin_android_lifecycle:compileReleaseLibraryResources', task ':file_picker:verifyReleaseResources', task ':file_picker:assembleRelease', task ':flutter_plugin_android_lifecycle:bundleReleaseAar', task ':flutter_plugin_android_lifecycle:mapReleaseSourceSetPaths', task ':flutter_plugin_android_lifecycle:mergeReleaseResources', task ':flutter_plugin_android_lifecycle:verifyReleaseResources', task ':flutter_plugin_android_lifecycle:assembleRelease', task ':local_auth_android:bundleReleaseAar', task ':local_auth_android:mapReleaseSourceSetPaths', task ':local_auth_android:mergeReleaseResources', task ':local_auth_android:verifyReleaseResources', task ':local_auth_android:assembleRelease', task ':onesignal_flutter:bundleReleaseAar', task ':onesignal_flutter:mapReleaseSourceSetPaths', task ':onesignal_flutter:mergeReleaseResources', task ':onesignal_flutter:verifyReleaseResources', task ':onesignal_flutter:assembleRelease', task ':path_provider_android:bundleReleaseAar', task ':path_provider_android:mapReleaseSourceSetPaths', task ':path_provider_android:mergeReleaseResources', task ':path_provider_android:verifyReleaseResources', task ':path_provider_android:assembleRelease', task ':share_plus:bundleReleaseAar', task ':share_plus:mapReleaseSourceSetPaths', task ':share_plus:mergeReleaseResources', task ':share_plus:verifyReleaseResources', task ':share_plus:assembleRelease', task ':shared_preferences_android:bundleReleaseAar', task ':shared_preferences_android:mapReleaseSourceSetPaths', task ':shared_preferences_android:mergeReleaseResources', task ':shared_preferences_android:verifyReleaseResources', task ':shared_preferences_android:assembleRelease', task ':sqflite_android:bundleReleaseAar', task ':sqflite_android:mapReleaseSourceSetPaths', task ':sqflite_android:mergeReleaseResources', task ':sqflite_android:verifyReleaseResources', task ':sqflite_android:assembleRelease', task ':url_launcher_android:bundleReleaseAar', task ':url_launcher_android:mapReleaseSourceSetPaths', task ':url_launcher_android:mergeReleaseResources', task ':url_launcher_android:verifyReleaseResources', task ':url_launcher_android:assembleRelease', task ':webview_flutter_android:bundleReleaseAar', task ':webview_flutter_android:mapReleaseSourceSetPaths', task ':webview_flutter_android:mergeReleaseResources', task ':webview_flutter_android:verifyReleaseResources', task ':webview_flutter_android:assembleRelease']
[   +6 ms] Tasks that were excluded: []
[        ] work action Parameters of FilterShrinkerRulesTransform (Thread[Execution worker,5,main]) started.
[        ] work action Parameters of ExtractAarTransform (Thread[Execution worker,5,main]) started.
[        ] work action Parameters of ExtractAarTransform (Thread[Execution worker,5,main]) started.
[        ] work action Parameters of ExtractAarTransform (Thread[Execution worker,5,main]) started.
[        ] Resolve mutations for :app:ReleaseMinSdkCheck (Thread[Execution worker,5,main]) started.
[        ] :app:ReleaseMinSdkCheck (Thread[Execution worker,5,main]) started.
[        ] > Task :app:ReleaseMinSdkCheck
[        ] Caching disabled for task ':app:ReleaseMinSdkCheck' because:
[        ]   Build cache is disabled
[        ] Task ':app:ReleaseMinSdkCheck' is not up-to-date because:
[        ]   Task has not declared any outputs despite executing actions.
[        ] Resolve mutations for :app:compileFlutterBuildRelease (Thread[Execution worker,5,main]) started.
[  +54 ms] :app:compileFlutterBuildRelease (Thread[Execution worker,5,main]) started.
[+1898 ms] > Task :app:compileFlutterBuildRelease
[        ] Caching disabled for task ':app:compileFlutterBuildRelease' because:
[        ]   Build cache is disabled
[   +1 ms]   Caching has not been enabled for the task
[        ] Task ':app:compileFlutterBuildRelease' is not up-to-date because:
[        ]   Value of input property 'verbose' has changed for task ':app:compileFlutterBuildRelease'
[   +1 ms] Starting process 'command 'D:\flutter\bin\flutter.bat''. Working directory: C:\Users\RDP\Desktop\flutter_app\WebVault Command: D:\flutter\bin\flutter.bat --verbose assemble --no-version-check --depfile C:\Users\RDP\Desktop\flutter_app\WebVault\build\app\intermediates\flutter\release/flutter_build.d --output C:\Users\RDP\Desktop\flutter_app\WebVault\build\app\intermediates\flutter\release -dTargetFile=lib\main.dart -dTargetPlatform=android -dBuildMode=release -dTrackWidgetCreation=true --DartDefines=RkxVVFRFUl9WRVJTSU9OPTMuNDEuMQ==,RkxVVFRFUl9DSEFOTkVMPXN0YWJsZQ==,RkxVVFRFUl9HSVRfVVJMPWh0dHBzOi8vZ2l0aHViLmNvbS9mbHV0dGVyL2ZsdXR0ZXIuZ2l0,RkxVVFRFUl9GUkFNRVdPUktfUkVWSVNJT049NTgyYTBlN2M1NQ==,RkxVVFRFUl9FTkdJTkVfUkVWSVNJT049MzQ1MmQ3MzViZA==,RkxVVFRFUl9EQVJUX1ZFUlNJT049My4xMS4w -dFlavor= -dAndroidArchs=android-arm android-arm64 android-x64 -dMinSdkVersion=26 android_aot_bundle_release_android-arm android_aot_bundle_release_android-arm64 android_aot_bundle_release_android-x64
[        ] Successfully started process 'command 'D:\flutter\bin\flutter.bat''
[ +793 ms] [ +160 ms] Artifact Instance of 'MaterialFonts' is not required, skipping update.
[        ] [   +1 ms] Artifact Instance of 'GradleWrapper' is not required, skipping update.
[   +1 ms] [        ] Artifact Instance of 'AndroidGenSnapshotArtifacts' is not required, skipping update.
[        ] [        ] Artifact Instance of 'AndroidInternalBuildArtifacts' is not required, skipping update.
[        ] [        ] Artifact Instance of 'IOSEngineArtifacts' is not required, skipping update.
[        ] [        ] Artifact Instance of 'FlutterWebSdk' is not required, skipping update.
[        ] [   +1 ms] Artifact Instance of 'LegacyCanvasKitRemover' is not required, skipping update.
[        ] [        ] Artifact Instance of 'FlutterSdk' is not required, skipping update.
[        ] [        ] Artifact Instance of 'WindowsEngineArtifacts' is not required, skipping update.
[        ] [        ] Artifact Instance of 'MacOSEngineArtifacts' is not required, skipping update.
[        ] [        ] Artifact Instance of 'LinuxEngineArtifacts' is not required, skipping update.
[        ] [        ] Artifact Instance of 'LinuxFuchsiaSDKArtifacts' is not required, skipping update.
[        ] [        ] Artifact Instance of 'MacOSFuchsiaSDKArtifacts' is not required, skipping update.
[        ] [        ] Artifact Instance of 'FlutterRunnerSDKArtifacts' is not required, skipping update.
[        ] [        ] Artifact Instance of 'FlutterRunnerDebugSymbols' is not required, skipping update.
[        ] [        ] Artifact Instance of 'IosUsbArtifacts' is not required, skipping update.
[        ] [        ] Artifact Instance of 'IosUsbArtifacts' is not required, skipping update.
[        ] [        ] Artifact Instance of 'IosUsbArtifacts' is not required, skipping update.
[        ] [        ] Artifact Instance of 'IosUsbArtifacts' is not required, skipping update.
[        ] [        ] Artifact Instance of 'IosUsbArtifacts' is not required, skipping update.
[        ] [        ] Artifact Instance of 'IosUsbArtifacts' is not required, skipping update.
[        ] [        ] Artifact Instance of 'FontSubsetArtifacts' is not required, skipping update.
[        ] [        ] Artifact Instance of 'PubDependencies' is not required, skipping update.
[        ] [  +16 ms] Artifact Instance of 'AndroidGenSnapshotArtifacts' is not required, skipping update.
[        ] [        ] Artifact Instance of 'AndroidInternalBuildArtifacts' is not required, skipping update.
[        ] [        ] Artifact Instance of 'IOSEngineArtifacts' is not required, skipping update.
[        ] [        ] Artifact Instance of 'FlutterWebSdk' is not required, skipping update.
[        ] [        ] Artifact Instance of 'FlutterEngineStamp' is not required, skipping update.
[        ] [        ] Artifact Instance of 'LegacyCanvasKitRemover' is not required, skipping update.
[        ] [   +3 ms] Artifact Instance of 'WindowsEngineArtifacts' is not required, skipping update.
[        ] [        ] Artifact Instance of 'MacOSEngineArtifacts' is not required, skipping update.
[        ] [        ] Artifact Instance of 'LinuxEngineArtifacts' is not required, skipping update.
[        ] [        ] Artifact Instance of 'LinuxFuchsiaSDKArtifacts' is not required, skipping update.
[        ] [        ] Artifact Instance of 'MacOSFuchsiaSDKArtifacts' is not required, skipping update.
[        ] [        ] Artifact Instance of 'FlutterRunnerSDKArtifacts' is not required, skipping update.
[        ] [        ] Artifact Instance of 'FlutterRunnerDebugSymbols' is not required, skipping update.
[  +92 ms] [  +89 ms] Artifact Instance of 'MaterialFonts' is not required, skipping update.
[        ] [        ] Artifact Instance of 'GradleWrapper' is not required, skipping update.
[        ] [   +1 ms] Artifact Instance of 'AndroidInternalBuildArtifacts' is not required, skipping update.
[        ] [        ] Artifact Instance of 'IOSEngineArtifacts' is not required, skipping update.
[        ] [        ] Artifact Instance of 'FlutterWebSdk' is not required, skipping update.
[        ] [        ] Artifact Instance of 'FlutterEngineStamp' is not required, skipping update.
[        ] [        ] Artifact Instance of 'LegacyCanvasKitRemover' is not required, skipping update.
[        ] [        ] Artifact Instance of 'FlutterSdk' is not required, skipping update.
[  +10 ms] [        ] Artifact Instance of 'WindowsEngineArtifacts' is not required, skipping update.
[        ] [        ] Artifact Instance of 'MacOSEngineArtifacts' is not required, skipping update.
[        ] [        ] Artifact Instance of 'LinuxEngineArtifacts' is not required, skipping update.
[        ] [        ] Artifact Instance of 'LinuxFuchsiaSDKArtifacts' is not required, skipping update.
[        ] [        ] Artifact Instance of 'MacOSFuchsiaSDKArtifacts' is not required, skipping update.
[        ] [        ] Artifact Instance of 'FlutterRunnerSDKArtifacts' is not required, skipping update.
[        ] [        ] Artifact Instance of 'FlutterRunnerDebugSymbols' is not required, skipping update.
[        ] [        ] Artifact Instance of 'IosUsbArtifacts' is not required, skipping update.
[        ] [        ] Artifact Instance of 'IosUsbArtifacts' is not required, skipping update.
[        ] [        ] Artifact Instance of 'IosUsbArtifacts' is not required, skipping update.
[        ] [        ] Artifact Instance of 'IosUsbArtifacts' is not required, skipping update.
[        ] [        ] Artifact Instance of 'IosUsbArtifacts' is not required, skipping update.
[        ] [        ] Artifact Instance of 'IosUsbArtifacts' is not required, skipping update.
[        ] [        ] Artifact Instance of 'FontSubsetArtifacts' is not required, skipping update.
[        ] [        ] Artifact Instance of 'PubDependencies' is not required, skipping update.
[        ] [  +36 ms] Initializing file store
[  +84 ms] [  +58 ms] Done initializing file store
[ +399 ms] [ +444 ms] Skipping target: gen_localizations
[        ] [   +3 ms] Skipping target: gen_dart_plugin_registrant
[        ] [   +3 ms] Skipping target: dart_build
[+1301 ms] [+1302 ms] Skipping target: kernel_snapshot_program
[        ] [  +10 ms] Skipping target: install_code_assets
[  +98 ms] [  +63 ms] Skipping target: android_aot_release_android-arm
[  +99 ms] [  +60 ms] Skipping target: android_aot_release_android-arm64
[        ] [  +48 ms] Skipping target: android_aot_release_android-x64
[        ] [   +8 ms] invalidated build due to missing files: C:\Users\RDP\Desktop\flutter_app\WebVault\DOES_NOT_EXIST_RERUN_FOR_WILDCARD161701019
[  +99 ms] [ +100 ms] aot_android_asset_bundle: Starting due to {InvalidatedReasonKind.inputMissing: The following inputs were missing: C:\Users\RDP\Desktop\flutter_app\WebVault\DOES_NOT_EXIST_RERUN_FOR_WILDCARD161701019}
[ +399 ms] [ +322 ms] Manifest contained wildcard assets. Inserting missing file into build graph to force rerun. for more information see #56466.
[        ] [  +13 ms] shaderc command: [D:\flutter\bin\cache\artifacts\engine\windows-x64\impellerc.exe, --sksl, --runtime-stage-gles, --runtime-stage-gles3, --runtime-stage-vulkan, --iplr, --sl=C:\Users\RDP\Desktop\flutter_app\WebVault\build\app\intermediates\flutter\release\flutter_assets\shaders/ink_sparkle.frag, --spirv=C:\Users\RDP\Desktop\flutter_app\WebVault\build\app\intermediates\flutter\release\flutter_assets\shaders/ink_sparkle.frag.spirv, --input=D:\flutter\packages\flutter\lib\src\material\shaders\ink_sparkle.frag, --input-type=frag, --include=D:\flutter\packages\flutter\lib\src\material\shaders, --include=D:\flutter\bin\cache\artifacts\engine\windows-x64\shader_lib]
[        ] [   +3 ms] shaderc command: [D:\flutter\bin\cache\artifacts\engine\windows-x64\impellerc.exe, --sksl, --runtime-stage-gles, --runtime-stage-gles3, --runtime-stage-vulkan, --iplr, --sl=C:\Users\RDP\Desktop\flutter_app\WebVault\build\app\intermediates\flutter\release\flutter_assets\shaders/stretch_effect.frag, --spirv=C:\Users\RDP\Desktop\flutter_app\WebVault\build\app\intermediates\flutter\release\flutter_assets\shaders/stretch_effect.frag.spirv, --input=D:\flutter\packages\flutter\lib\src\material\shaders\stretch_effect.frag, --input-type=frag, --include=D:\flutter\packages\flutter\lib\src\material\shaders, --include=D:\flutter\bin\cache\artifacts\engine\windows-x64\shader_lib]
[+1198 ms] [+1241 ms] aot_android_asset_bundle: Complete
[ +100 ms] [ +100 ms] Skipping target: android_aot_bundle_release_android-arm
[ +100 ms] [  +43 ms] Skipping target: android_aot_bundle_release_android-arm64
[        ] [  +50 ms] Skipping target: android_aot_bundle_release_android-x64
[        ] [        ] Skipping target: _composite
[        ] [        ] Persisting file store
[        ] [  +22 ms] Done persisting file store
[  +97 ms] [  +75 ms] build succeeded.
[        ] [  +15 ms] "flutter assemble" took 4,149ms.
[  +99 ms] [  +52 ms] Running 1 shutdown hook
[        ] [   +1 ms] Shutdown hooks complete
[        ] [  +47 ms] exiting with code 0
[ +100 ms] Resolve mutations for :app:packJniLibsflutterBuildRelease (Thread[Execution worker,5,main]) started.
[        ] :app:packJniLibsflutterBuildRelease (Thread[Execution worker,5,main]) started.
[        ] > Task :app:packJniLibsflutterBuildRelease UP-TO-DATE
[        ] Caching disabled for task ':app:packJniLibsflutterBuildRelease' because:
[        ]   Build cache is disabled
[        ]   Not worth caching
[        ] Skipping task ':app:packJniLibsflutterBuildRelease' as it is up-to-date.
[        ] Resolve mutations for :app:preBuild (Thread[Execution worker,5,main]) started.
[        ] :app:preBuild (Thread[Execution worker,5,main]) started.
[        ] > Task :app:preBuild UP-TO-DATE
[        ] Skipping task ':app:preBuild' as it has no actions.
[        ] Resolve mutations for :app:preReleaseBuild (Thread[Execution worker,5,main]) started.
[        ] :app:preReleaseBuild (Thread[Execution worker,5,main]) started.
[        ] > Task :app:preReleaseBuild UP-TO-DATE
[        ] Skipping task ':app:preReleaseBuild' as it has no actions.
[        ] Resolve mutations for :app:configureCMakeRelease[arm64-v8a] (Thread[Execution worker,5,main]) started.
[        ] :app:configureCMakeRelease[arm64-v8a] (Thread[Execution worker,5,main]) started.
[+1032 ms] > Task :app:configureCMakeRelease[arm64-v8a] FAILED
[        ] Caching disabled for task ':app:configureCMakeRelease[arm64-v8a]' because:
[        ]   Build cache is disabled
[        ]   Caching has been disabled for the task
[        ] Task ':app:configureCMakeRelease[arm64-v8a]' is not up-to-date because:
[   +9 ms]   Task.upToDateWhen is false.
[        ] Starting process 'command 'C:\Program Files\CMake\bin\cmake''. Working directory: C:\Users\RDP\Desktop\flutter_app\WebVault\android Command: C:\Program Files\CMake\bin\cmake --version
[        ] Successfully started process 'command 'C:\Program Files\CMake\bin\cmake''
[        ] Starting process 'command 'C:\Strawberry\c\bin\cmake''. Working directory: C:\Users\RDP\Desktop\flutter_app\WebVault\android Command: C:\Strawberry\c\bin\cmake --version
[        ] Successfully started process 'command 'C:\Strawberry\c\bin\cmake''
[        ] Parsing legacy package: C:\Program Files (x86)\Android\android-sdk\cmdline-tools\12.0
[        ] Parsing legacy package: C:\Program Files (x86)\Android\android-sdk\cmdline-tools\latest
[   +1 ms] SDK Manager found the following installed packages: build-tools;34.0.0 build-tools;35.0.0 build-tools;35.0.1 build-tools;36.0.0 build-tools;36.1.0 cmake;3.30.5 cmake;3.31.5 cmake;4.1.2 emulator extras;android;m2repository extras;google;google_play_services extras;google;m2repository ndk;27.3.13750724 ndk;28.2.13676358 ndk;29.0.14206865 platform-tools platforms;android-34 platforms;android-34-ext10 platforms;android-34-ext11 platforms;android-34-ext12 platforms;android-34-ext8 platforms;android-35 platforms;android-35-ext14 platforms;android-35-ext15 platforms;android-36 platforms;android-36-ext18 platforms;android-36-ext19 platforms;android-36.1
[        ] Checking the license for package CMake 3.22.1 in C:\Program Files (x86)\Android\android-sdk\licenses
[        ] License for package CMake 3.22.1 accepted.
[        ] Preparing "Install CMake 3.22.1 v.3.22.1".
[        ] Warning: Failed to read or create install properties file.
[        ] Build 31308fd1-6e33-4cee-9783-ffe1d78f173f is closed
[  +50 ms] [Incubating] Problems report is available at: file:///C:/Users/RDP/Desktop/flutter_app/WebVault/build/reports/problems/problems-report.html
[   +5 ms] FAILURE: Build failed with an exception.
[   +2 ms] * What went wrong:
[        ] Execution failed for task ':app:configureCMakeRelease[arm64-v8a]'.
[        ] > com.android.builder.sdk.InstallFailedException: Failed to install the following SDK components:
[        ]       cmake;3.22.1 CMake 3.22.1
[        ]   The SDK directory is not writable (C:\Android\android-sdk)
[        ] * Try:
[        ] > Run with --debug option to get more log output.
[        ] > Run with --scan to get full insights.
[        ] > Get more help at https://help.gradle.org.
[        ] * Exception is:
[        ] org.gradle.api.tasks.TaskExecutionException: Execution failed for task ':app:configureCMakeRelease[arm64-v8a]'.
[        ] 	at org.gradle.api.internal.tasks.execution.ExecuteActionsTaskExecuter.lambda$executeIfValid$1(ExecuteActionsTaskExecuter.java:130)
[        ] 	at org.gradle.internal.Try$Failure.ifSuccessfulOrElse(Try.java:293)
[        ] 	at org.gradle.api.internal.tasks.execution.ExecuteActionsTaskExecuter.executeIfValid(ExecuteActionsTaskExecuter.java:128)
[        ] 	at org.gradle.api.internal.tasks.execution.ExecuteActionsTaskExecuter.execute(ExecuteActionsTaskExecuter.java:116)
[        ] 	at org.gradle.api.internal.tasks.execution.ProblemsTaskPathTrackingTaskExecuter.execute(ProblemsTaskPathTrackingTaskExecuter.java:41)
[        ] 	at org.gradle.api.internal.tasks.execution.FinalizePropertiesTaskExecuter.execute(FinalizePropertiesTaskExecuter.java:46)
[        ] 	at org.gradle.api.internal.tasks.execution.ResolveTaskExecutionModeExecuter.execute(ResolveTaskExecutionModeExecuter.java:51)
[        ] 	at org.gradle.api.internal.tasks.execution.SkipTaskWithNoActionsExecuter.execute(SkipTaskWithNoActionsExecuter.java:57)
[        ] 	at org.gradle.api.internal.tasks.execution.SkipOnlyIfTaskExecuter.execute(SkipOnlyIfTaskExecuter.java:74)
[        ] 	at org.gradle.api.internal.tasks.execution.CatchExceptionTaskExecuter.execute(CatchExceptionTaskExecuter.java:36)
[        ] 	at org.gradle.api.internal.tasks.execution.EventFiringTaskExecuter$1.executeTask(EventFiringTaskExecuter.java:77)
[        ] 	at org.gradle.api.internal.tasks.execution.EventFiringTaskExecuter$1.call(EventFiringTaskExecuter.java:55)
[   +2 ms] 	at org.gradle.api.internal.tasks.execution.EventFiringTaskExecuter$1.call(EventFiringTaskExecuter.java:52)
[        ] 	at org.gradle.internal.operations.DefaultBuildOperationRunner$CallableBuildOperationWorker.execute(DefaultBuildOperationRunner.java:210)
[        ] 	at org.gradle.internal.operations.DefaultBuildOperationRunner$CallableBuildOperationWorker.execute(DefaultBuildOperationRunner.java:205)
[        ] 	at org.gradle.internal.operations.DefaultBuildOperationRunner$2.execute(DefaultBuildOperationRunner.java:67)
[        ] 	at org.gradle.internal.operations.DefaultBuildOperationRunner$2.execute(DefaultBuildOperationRunner.java:60)
[        ] 	at org.gradle.internal.operations.DefaultBuildOperationRunner.execute(DefaultBuildOperationRunner.java:167)
[        ] 	at org.gradle.internal.operations.DefaultBuildOperationRunner.execute(DefaultBuildOperationRunner.java:60)
[        ] 	at org.gradle.internal.operations.DefaultBuildOperationRunner.call(DefaultBuildOperationRunner.java:54)
[        ] 	at org.gradle.api.internal.tasks.execution.EventFiringTaskExecuter.execute(EventFiringTaskExecuter.java:52)
[        ] 	at org.gradle.execution.plan.LocalTaskNodeExecutor.execute(LocalTaskNodeExecutor.java:42)
[        ] 	at org.gradle.execution.taskgraph.DefaultTaskExecutionGraph$InvokeNodeExecutorsAction.execute(DefaultTaskExecutionGraph.java:331)
[        ] 	at org.gradle.execution.taskgraph.DefaultTaskExecutionGraph$InvokeNodeExecutorsAction.execute(DefaultTaskExecutionGraph.java:318)
[        ] 	at org.gradle.execution.taskgraph.DefaultTaskExecutionGraph$BuildOperationAwareExecutionAction.lambda$execute$0(DefaultTaskExecutionGraph.java:314)
[        ] 	at org.gradle.internal.operations.CurrentBuildOperationRef.with(CurrentBuildOperationRef.java:85)
[        ] 	at org.gradle.execution.taskgraph.DefaultTaskExecutionGraph$BuildOperationAwareExecutionAction.execute(DefaultTaskExecutionGraph.java:314)
[        ] 	at org.gradle.execution.taskgraph.DefaultTaskExecutionGraph$BuildOperationAwareExecutionAction.execute(DefaultTaskExecutionGraph.java:303)
[        ] 	at org.gradle.execution.plan.DefaultPlanExecutor$ExecutorWorker.execute(DefaultPlanExecutor.java:459)
[        ] 	at org.gradle.execution.plan.DefaultPlanExecutor$ExecutorWorker.run(DefaultPlanExecutor.java:376)
[        ] 	at org.gradle.internal.concurrent.ExecutorPolicy$CatchAndRecordFailures.onExecute(ExecutorPolicy.java:64)
[        ] 	at org.gradle.internal.concurrent.AbstractManagedExecutor$1.run(AbstractManagedExecutor.java:48)
[        ] 	at java.base/java.util.concurrent.ThreadPoolExecutor.runWorker(ThreadPoolExecutor.java:1136)
[        ] 	at java.base/java.util.concurrent.ThreadPoolExecutor$Worker.run(ThreadPoolExecutor.java:635)
[   +1 ms] 	at java.base/java.lang.Thread.run(Thread.java:840)
[   +1 ms] Caused by: java.lang.RuntimeException: com.android.builder.sdk.InstallFailedException: Failed to install the following SDK components:
[        ]     cmake;3.22.1 CMake 3.22.1
[        ] The SDK directory is not writable (C:\Android\android-sdk)
[        ] 	at com.android.build.gradle.internal.SdkHandler.installCMake(SdkHandler.java:352)
[        ] 	at com.android.build.gradle.internal.SdkComponentsBuildService.installCmake(SdkComponents.kt:411)
[        ] 	at com.android.build.gradle.internal.cxx.configure.NativeLocationsBuildService$locateCMake$1$location$2.accept(NativeLocationsBuildService.kt:81)
[        ] 	at com.android.build.gradle.internal.cxx.configure.NativeLocationsBuildService$locateCMake$1$location$2.accept(NativeLocationsBuildService.kt:75)
[        ] 	at com.android.build.gradle.internal.cxx.configure.CmakeLocatorKt.findCmakePathLogic(CmakeLocator.kt:424)
[        ] 	at com.android.build.gradle.internal.cxx.configure.CmakeLocator.findCmakePath(CmakeLocator.kt:475)
[        ] 	at com.android.build.gradle.internal.cxx.configure.NativeLocationsBuildService.locateCMake(NativeLocationsBuildService.kt:75)
[        ] 	at com.android.build.gradle.internal.cxx.configure.NativeLocationsBuildServiceKt.rewriteWithLocations(NativeLocationsBuildService.kt:187)
[        ] 	at com.android.build.gradle.tasks.ExternalNativeBuildJsonTask.doTaskAction(ExternalNativeBuildJsonTask.kt:86)
[        ] 	at com.android.build.gradle.internal.tasks.UnsafeOutputsTask$taskAction$$inlined$recordTaskAction$1.invoke(BaseTask.kt:59)
[        ] 	at com.android.build.gradle.internal.tasks.Blocks.recordSpan(Blocks.java:51)
[        ] 	at com.android.build.gradle.internal.tasks.UnsafeOutputsTask.taskAction(UnsafeOutputsTask.kt:81)
[        ] 	at java.base/jdk.internal.reflect.NativeMethodAccessorImpl.invoke0(Native Method)
[        ] 	at java.base/jdk.internal.reflect.NativeMethodAccessorImpl.invoke(NativeMethodAccessorImpl.java:77)
[        ] 	at java.base/jdk.internal.reflect.DelegatingMethodAccessorImpl.invoke(DelegatingMethodAccessorImpl.java:43)
[        ] 	at java.base/java.lang.reflect.Method.invoke(Method.java:569)
[        ] 	at org.gradle.internal.reflect.JavaMethod.invoke(JavaMethod.java:125)
[        ] 	at org.gradle.api.internal.project.taskfactory.StandardTaskAction.doExecute(StandardTaskAction.java:58)
[        ] 	at org.gradle.api.internal.project.taskfactory.StandardTaskAction.execute(StandardTaskAction.java:51)
[        ] 	at org.gradle.api.internal.project.taskfactory.StandardTaskAction.execute(StandardTaskAction.java:29)
[        ] 	at org.gradle.api.internal.tasks.execution.TaskExecution$3.run(TaskExecution.java:244)
[        ] 	at org.gradle.internal.operations.DefaultBuildOperationRunner$1.execute(DefaultBuildOperationRunner.java:30)
[        ] 	at org.gradle.internal.operations.DefaultBuildOperationRunner$1.execute(DefaultBuildOperationRunner.java:27)
[        ] 	at org.gradle.internal.operations.DefaultBuildOperationRunner$2.execute(DefaultBuildOperationRunner.java:67)
[        ] 	at org.gradle.internal.operations.DefaultBuildOperationRunner$2.execute(DefaultBuildOperationRunner.java:60)
[        ] 	at org.gradle.internal.operations.DefaultBuildOperationRunner.execute(DefaultBuildOperationRunner.java:167)
[        ] 	at org.gradle.internal.operations.DefaultBuildOperationRunner.execute(DefaultBuildOperationRunner.java:60)
[        ] 	at org.gradle.internal.operations.DefaultBuildOperationRunner.run(DefaultBuildOperationRunner.java:48)
[        ] 	at org.gradle.api.internal.tasks.execution.TaskExecution.executeAction(TaskExecution.java:229)
[        ] 	at org.gradle.api.internal.tasks.execution.TaskExecution.executeActions(TaskExecution.java:212)
[        ] 	at org.gradle.api.internal.tasks.execution.TaskExecution.executeWithPreviousOutputFiles(TaskExecution.java:195)
[        ] 	at org.gradle.api.internal.tasks.execution.TaskExecution.execute(TaskExecution.java:162)
[        ] 	at org.gradle.internal.execution.steps.ExecuteStep.executeInternal(ExecuteStep.java:105)
[        ] 	at org.gradle.internal.execution.steps.ExecuteStep.access$000(ExecuteStep.java:44)
[        ] 	at org.gradle.internal.execution.steps.ExecuteStep$1.call(ExecuteStep.java:59)
[        ] 	at org.gradle.internal.execution.steps.ExecuteStep$1.call(ExecuteStep.java:56)
[        ] 	at org.gradle.internal.operations.DefaultBuildOperationRunner$CallableBuildOperationWorker.execute(DefaultBuildOperationRunner.java:210)
[        ] 	at org.gradle.internal.operations.DefaultBuildOperationRunner$CallableBuildOperationWorker.execute(DefaultBuildOperationRunner.java:205)
[        ] 	at org.gradle.internal.operations.DefaultBuildOperationRunner$2.execute(DefaultBuildOperationRunner.java:67)
[        ] 	at org.gradle.internal.operations.DefaultBuildOperationRunner$2.execute(DefaultBuildOperationRunner.java:60)
[        ] 	at org.gradle.internal.operations.DefaultBuildOperationRunner.execute(DefaultBuildOperationRunner.java:167)
[        ] 	at org.gradle.internal.operations.DefaultBuildOperationRunner.execute(DefaultBuildOperationRunner.java:60)
[        ] 	at org.gradle.internal.operations.DefaultBuildOperationRunner.call(DefaultBuildOperationRunner.java:54)
[        ] 	at org.gradle.internal.execution.steps.ExecuteStep.execute(ExecuteStep.java:56)
[        ] 	at org.gradle.internal.execution.steps.ExecuteStep.execute(ExecuteStep.java:44)
[        ] 	at org.gradle.internal.execution.steps.CancelExecutionStep.execute(CancelExecutionStep.java:42)
[        ] 	at org.gradle.internal.execution.steps.TimeoutStep.executeWithoutTimeout(TimeoutStep.java:75)
[        ] 	at org.gradle.internal.execution.steps.TimeoutStep.execute(TimeoutStep.java:55)
[        ] 	at org.gradle.internal.execution.steps.PreCreateOutputParentsStep.execute(PreCreateOutputParentsStep.java:50)
[        ] 	at org.gradle.internal.execution.steps.PreCreateOutputParentsStep.execute(PreCreateOutputParentsStep.java:28)
[        ] 	at org.gradle.internal.execution.steps.RemovePreviousOutputsStep.execute(RemovePreviousOutputsStep.java:67)
[        ] 	at org.gradle.internal.execution.steps.RemovePreviousOutputsStep.execute(RemovePreviousOutputsStep.java:37)
[        ] 	at org.gradle.internal.execution.steps.BroadcastChangingOutputsStep.execute(BroadcastChangingOutputsStep.java:61)
[        ] 	at org.gradle.internal.execution.steps.BroadcastChangingOutputsStep.execute(BroadcastChangingOutputsStep.java:26)
[        ] 	at org.gradle.internal.execution.steps.CaptureOutputsAfterExecutionStep.execute(CaptureOutputsAfterExecutionStep.java:69)
[        ] 	at org.gradle.internal.execution.steps.CaptureOutputsAfterExecutionStep.execute(CaptureOutputsAfterExecutionStep.java:46)
[        ] 	at org.gradle.internal.execution.steps.ResolveInputChangesStep.execute(ResolveInputChangesStep.java:40)
[        ] 	at org.gradle.internal.execution.steps.ResolveInputChangesStep.execute(ResolveInputChangesStep.java:29)
[        ] 	at org.gradle.internal.execution.steps.BuildCacheStep.executeWithoutCache(BuildCacheStep.java:189)
[        ] 	at org.gradle.internal.execution.steps.BuildCacheStep.lambda$execute$1(BuildCacheStep.java:75)
[        ] 	at org.gradle.internal.Either$Right.fold(Either.java:175)
[        ] 	at org.gradle.internal.execution.caching.CachingState.fold(CachingState.java:62)
[        ] 	at org.gradle.internal.execution.steps.BuildCacheStep.execute(BuildCacheStep.java:73)
[        ] 	at org.gradle.internal.execution.steps.BuildCacheStep.execute(BuildCacheStep.java:48)
[        ] 	at org.gradle.internal.execution.steps.StoreExecutionStateStep.execute(StoreExecutionStateStep.java:46)
[        ] 	at org.gradle.internal.execution.steps.StoreExecutionStateStep.execute(StoreExecutionStateStep.java:35)
[        ] 	at org.gradle.internal.execution.steps.SkipUpToDateStep.executeBecause(SkipUpToDateStep.java:75)
[        ] 	at org.gradle.internal.execution.steps.SkipUpToDateStep.lambda$execute$2(SkipUpToDateStep.java:53)
[        ] 	at java.base/java.util.Optional.orElseGet(Optional.java:364)
[        ] 	at org.gradle.internal.execution.steps.SkipUpToDateStep.execute(SkipUpToDateStep.java:53)
[        ] 	at org.gradle.internal.execution.steps.SkipUpToDateStep.execute(SkipUpToDateStep.java:35)
[        ] 	at org.gradle.internal.execution.steps.legacy.MarkSnapshottingInputsFinishedStep.execute(MarkSnapshottingInputsFinishedStep.java:37)
[        ] 	at org.gradle.internal.execution.steps.legacy.MarkSnapshottingInputsFinishedStep.execute(MarkSnapshottingInputsFinishedStep.java:27)
[        ] 	at org.gradle.internal.execution.steps.ResolveIncrementalCachingStateStep.executeDelegate(ResolveIncrementalCachingStateStep.java:49)
[        ] 	at org.gradle.internal.execution.steps.ResolveIncrementalCachingStateStep.executeDelegate(ResolveIncrementalCachingStateStep.java:27)
[        ] 	at org.gradle.internal.execution.steps.AbstractResolveCachingStateStep.execute(AbstractResolveCachingStateStep.java:71)
[        ] 	at org.gradle.internal.execution.steps.AbstractResolveCachingStateStep.execute(AbstractResolveCachingStateStep.java:39)
[        ] 	at org.gradle.internal.execution.steps.ResolveChangesStep.execute(ResolveChangesStep.java:65)
[        ] 	at org.gradle.internal.execution.steps.ResolveChangesStep.execute(ResolveChangesStep.java:36)
[        ] 	at org.gradle.internal.execution.steps.ValidateStep.execute(ValidateStep.java:107)
[        ] 	at org.gradle.internal.execution.steps.ValidateStep.execute(ValidateStep.java:56)
[        ] 	at org.gradle.internal.execution.steps.AbstractCaptureStateBeforeExecutionStep.execute(AbstractCaptureStateBeforeExecutionStep.java:64)
[        ] 	at org.gradle.internal.execution.steps.AbstractCaptureStateBeforeExecutionStep.execute(AbstractCaptureStateBeforeExecutionStep.java:43)
[        ] 	at org.gradle.internal.execution.steps.AbstractSkipEmptyWorkStep.executeWithNonEmptySources(AbstractSkipEmptyWorkStep.java:125)
[        ] 	at org.gradle.internal.execution.steps.AbstractSkipEmptyWorkStep.execute(AbstractSkipEmptyWorkStep.java:56)
[        ] 	at org.gradle.internal.execution.steps.AbstractSkipEmptyWorkStep.execute(AbstractSkipEmptyWorkStep.java:36)
[        ] 	at org.gradle.internal.execution.steps.legacy.MarkSnapshottingInputsStartedStep.execute(MarkSnapshottingInputsStartedStep.java:38)
[        ] 	at org.gradle.internal.execution.steps.LoadPreviousExecutionStateStep.execute(LoadPreviousExecutionStateStep.java:36)
[        ] 	at org.gradle.internal.execution.steps.LoadPreviousExecutionStateStep.execute(LoadPreviousExecutionStateStep.java:23)
[        ] 	at org.gradle.internal.execution.steps.HandleStaleOutputsStep.execute(HandleStaleOutputsStep.java:75)
[        ] 	at org.gradle.internal.execution.steps.HandleStaleOutputsStep.execute(HandleStaleOutputsStep.java:41)
[        ] 	at org.gradle.internal.execution.steps.AssignMutableWorkspaceStep.lambda$execute$0(AssignMutableWorkspaceStep.java:35)
[        ] 	at org.gradle.api.internal.tasks.execution.TaskExecution$4.withWorkspace(TaskExecution.java:289)
[        ] 	at org.gradle.internal.execution.steps.AssignMutableWorkspaceStep.execute(AssignMutableWorkspaceStep.java:31)
[        ] 	at org.gradle.internal.execution.steps.AssignMutableWorkspaceStep.execute(AssignMutableWorkspaceStep.java:22)
[        ] 	at org.gradle.internal.execution.steps.ChoosePipelineStep.execute(ChoosePipelineStep.java:40)
[        ] 	at org.gradle.internal.execution.steps.ChoosePipelineStep.execute(ChoosePipelineStep.java:23)
[        ] 	at org.gradle.internal.execution.steps.ExecuteWorkBuildOperationFiringStep.lambda$execute$2(ExecuteWorkBuildOperationFiringStep.java:67)
[   +1 ms] 	at java.base/java.util.Optional.orElseGet(Optional.java:364)
[        ] 	at org.gradle.internal.execution.steps.ExecuteWorkBuildOperationFiringStep.execute(ExecuteWorkBuildOperationFiringStep.java:67)
[   +1 ms] 	at org.gradle.internal.execution.steps.ExecuteWorkBuildOperationFiringStep.execute(ExecuteWorkBuildOperationFiringStep.java:39)
[  +13 ms] 	at org.gradle.internal.execution.steps.IdentityCacheStep.execute(IdentityCacheStep.java:46)
[        ] 	at org.gradle.internal.execution.steps.IdentityCacheStep.execute(IdentityCacheStep.java:34)
[        ] 	at org.gradle.internal.execution.steps.IdentifyStep.execute(IdentifyStep.java:48)
[        ] 	at org.gradle.internal.execution.steps.IdentifyStep.execute(IdentifyStep.java:35)
[        ] 	at org.gradle.internal.execution.impl.DefaultExecutionEngine$1.execute(DefaultExecutionEngine.java:64)
[        ] 	at org.gradle.api.internal.tasks.execution.ExecuteActionsTaskExecuter.executeIfValid(ExecuteActionsTaskExecuter.java:127)
[        ] 	at org.gradle.api.internal.tasks.execution.ExecuteActionsTaskExecuter.execute(ExecuteActionsTaskExecuter.java:116)
[        ] 	at org.gradle.api.internal.tasks.execution.ProblemsTaskPathTrackingTaskExecuter.execute(ProblemsTaskPathTrackingTaskExecuter.java:41)
[        ] 	at org.gradle.api.internal.tasks.execution.FinalizePropertiesTaskExecuter.execute(FinalizePropertiesTaskExecuter.java:46)
[  +10 ms] 	at org.gradle.api.internal.tasks.execution.ResolveTaskExecutionModeExecuter.execute(ResolveTaskExecutionModeExecuter.java:51)
[   +9 ms] 	at org.gradle.api.internal.tasks.execution.SkipTaskWithNoActionsExecuter.execute(SkipTaskWithNoActionsExecuter.java:57)
[   +5 ms] 	at org.gradle.api.internal.tasks.execution.SkipOnlyIfTaskExecuter.execute(SkipOnlyIfTaskExecuter.java:74)
[        ] 	at org.gradle.api.internal.tasks.execution.CatchExceptionTaskExecuter.execute(CatchExceptionTaskExecuter.java:36)
[        ] 	at org.gradle.api.internal.tasks.execution.EventFiringTaskExecuter$1.executeTask(EventFiringTaskExecuter.java:77)
[        ] 	at org.gradle.api.internal.tasks.execution.EventFiringTaskExecuter$1.call(EventFiringTaskExecuter.java:55)
[        ] 	at org.gradle.api.internal.tasks.execution.EventFiringTaskExecuter$1.call(EventFiringTaskExecuter.java:52)
[        ] 	at org.gradle.internal.operations.DefaultBuildOperationRunner$CallableBuildOperationWorker.execute(DefaultBuildOperationRunner.java:210)
[        ] 	at org.gradle.internal.operations.DefaultBuildOperationRunner$CallableBuildOperationWorker.execute(DefaultBuildOperationRunner.java:205)
[        ] 	at org.gradle.internal.operations.DefaultBuildOperationRunner$2.execute(DefaultBuildOperationRunner.java:67)
[        ] 	at org.gradle.internal.operations.DefaultBuildOperationRunner$2.execute(DefaultBuildOperationRunner.java:60)
[        ] 	at org.gradle.internal.operations.DefaultBuildOperationRunner.execute(DefaultBuildOperationRunner.java:167)
[        ] 	at org.gradle.internal.operations.DefaultBuildOperationRunner.execute(DefaultBuildOperationRunner.java:60)
[        ] 	at org.gradle.internal.operations.DefaultBuildOperationRunner.call(DefaultBuildOperationRunner.java:54)
[        ] 	at org.gradle.api.internal.tasks.execution.EventFiringTaskExecuter.execute(EventFiringTaskExecuter.java:52)
[        ] 	at org.gradle.execution.plan.LocalTaskNodeExecutor.execute(LocalTaskNodeExecutor.java:42)
[        ] 	at org.gradle.execution.taskgraph.DefaultTaskExecutionGraph$InvokeNodeExecutorsAction.execute(DefaultTaskExecutionGraph.java:331)
[        ] 	at org.gradle.execution.taskgraph.DefaultTaskExecutionGraph$InvokeNodeExecutorsAction.execute(DefaultTaskExecutionGraph.java:318)
[        ] 	at org.gradle.execution.taskgraph.DefaultTaskExecutionGraph$BuildOperationAwareExecutionAction.lambda$execute$0(DefaultTaskExecutionGraph.java:314)
[        ] 	at org.gradle.internal.operations.CurrentBuildOperationRef.with(CurrentBuildOperationRef.java:85)
[        ] 	at org.gradle.execution.taskgraph.DefaultTaskExecutionGraph$BuildOperationAwareExecutionAction.execute(DefaultTaskExecutionGraph.java:314)
[        ] 	at org.gradle.execution.taskgraph.DefaultTaskExecutionGraph$BuildOperationAwareExecutionAction.execute(DefaultTaskExecutionGraph.java:303)
[        ] 	at org.gradle.execution.plan.DefaultPlanExecutor$ExecutorWorker.execute(DefaultPlanExecutor.java:459)
[        ] 	at org.gradle.execution.plan.DefaultPlanExecutor$ExecutorWorker.run(DefaultPlanExecutor.java:376)
[        ] 	at org.gradle.internal.concurrent.ExecutorPolicy$CatchAndRecordFailures.onExecute(ExecutorPolicy.java:64)
[        ] 	at org.gradle.internal.concurrent.AbstractManagedExecutor$1.run(AbstractManagedExecutor.java:48)
[        ] 	at java.base/java.util.concurrent.ThreadPoolExecutor.runWorker(ThreadPoolExecutor.java:1136)
[        ] 	at java.base/java.util.concurrent.ThreadPoolExecutor$Worker.run(ThreadPoolExecutor.java:635)
[        ] 	at java.base/java.lang.Thread.run(Thread.java:840)
[        ] Caused by: com.android.builder.sdk.InstallFailedException: Failed to install the following SDK components:
[        ]     cmake;3.22.1 CMake 3.22.1
[        ] The SDK directory is not writable (C:\Android\android-sdk)
[        ] 	at com.android.builder.sdk.DefaultSdkLoader.checkResults(DefaultSdkLoader.java:539)
[        ] 	at com.android.builder.sdk.DefaultSdkLoader.installSdkTool(DefaultSdkLoader.java:460)
[        ] 	at com.android.build.gradle.internal.SdkHandler.installCMake(SdkHandler.java:350)
[        ] 	... 138 more
[        ] BUILD FAILED in 12s
[        ] Deprecated Gradle features were used in this build, making it incompatible with Gradle 9.0.
[        ] You can use '--warning-mode all' to show the individual deprecation warnings and determine if they come from your own scripts or plugins.
[        ] For more on this, please refer to https://docs.gradle.org/8.14/userguide/command_line_interface.html#sec:command_line_warnings in the Gradle documentation.
[        ] 8 actionable tasks: 3 executed, 5 up-to-date
[        ] Watched directory hierarchies: [D:\flutter\packages\flutter_tools\gradle]
[ +333 ms] Running Gradle task 'assembleRelease'... (completed in 13.3s)
[   +7 ms] "flutter apk" took 14,430ms.
[  +73 ms] Gradle task assembleRelease failed with exit code 1
[        ] 
           #0      throwToolExit (package:flutter_tools/src/base/common.dart:34:3)
           #1      AndroidGradleBuilder.buildGradleApp (package:flutter_tools/src/android/gradle.dart:592:7)
           <asynchronous suspension>
           #2      AndroidGradleBuilder.buildApk (package:flutter_tools/src/android/gradle.dart:234:5)
           <asynchronous suspension>
           #3      BuildApkCommand.runCommand (package:flutter_tools/src/commands/build_apk.dart:131:5)
           <asynchronous suspension>
           #4      FlutterCommand.run.<anonymous closure> (package:flutter_tools/src/runner/flutter_command.dart:1590:27)
           <asynchronous suspension>
           #5      AppContext.run.<anonymous closure> (package:flutter_tools/src/base/context.dart:154:19)
           <asynchronous suspension>
           #6      CommandRunner.runCommand (package:args/command_runner.dart:212:13)
           <asynchronous suspension>
           #7      FlutterCommandRunner.runCommand.<anonymous closure> (package:flutter_tools/src/runner/flutter_command_runner.dart:496:9)
           <asynchronous suspension>
           #8      AppContext.run.<anonymous closure> (package:flutter_tools/src/base/context.dart:154:19)
           <asynchronous suspension>
           #9      FlutterCommandRunner.runCommand (package:flutter_tools/src/runner/flutter_command_runner.dart:431:5)
           <asynchronous suspension>
           #10     FlutterCommandRunner.run.<anonymous closure> (package:flutter_tools/src/runner/flutter_command_runner.dart:307:33)
           <asynchronous suspension>
           #11     run.<anonymous closure>.<anonymous closure> (package:flutter_tools/runner.dart:104:11)
           <asynchronous suspension>
           #12     AppContext.run.<anonymous closure> (package:flutter_tools/src/base/context.dart:154:19)
           <asynchronous suspension>
           #13     main (package:flutter_tools/executable.dart:103:3)
           <asynchronous suspension>


[        ] Running 1 shutdown hook
[   +3 ms] Shutdown hooks complete
[  +36 ms] exiting with code 1
