[ +132 ms] Artifact Instance of 'MaterialFonts' is not required, skipping update.
[        ] Artifact Instance of 'GradleWrapper' is not required, skipping update.
[        ] Artifact Instance of 'AndroidGenSnapshotArtifacts' is not required, skipping update.
[        ] Artifact Instance of 'AndroidInternalBuildArtifacts' is not required, skipping update.
[        ] Artifact Instance of 'IOSEngineArtifacts' is not required, skipping update.
[        ] Artifact Instance of 'FlutterWebSdk' is not required, skipping update.
[   +1 ms] Artifact Instance of 'LegacyCanvasKitRemover' is not required, skipping update.
[        ] Artifact Instance of 'FlutterSdk' is not required, skipping update.
[        ] Artifact Instance of 'WindowsEngineArtifacts' is not required, skipping update.
[        ] Artifact Instance of 'MacOSEngineArtifacts' is not required, skipping update.
[        ] Artifact Instance of 'LinuxEngineArtifacts' is not required, skipping update.
[        ] Artifact Instance of 'LinuxFuchsiaSDKArtifacts' is not required, skipping update.
[        ] Artifact Instance of 'MacOSFuchsiaSDKArtifacts' is not required, skipping update.
[        ] Artifact Instance of 'FlutterRunnerSDKArtifacts' is not required, skipping update.
[        ] Artifact Instance of 'FlutterRunnerDebugSymbols' is not required, skipping update.
[        ] Artifact Instance of 'IosUsbArtifacts' is not required, skipping update.
[        ] Artifact Instance of 'IosUsbArtifacts' is not required, skipping update.
[        ] Artifact Instance of 'IosUsbArtifacts' is not required, skipping update.
[        ] Artifact Instance of 'IosUsbArtifacts' is not required, skipping update.
[        ] Artifact Instance of 'IosUsbArtifacts' is not required, skipping update.
[        ] Artifact Instance of 'IosUsbArtifacts' is not required, skipping update.
[        ] Artifact Instance of 'FontSubsetArtifacts' is not required, skipping update.
[        ] Artifact Instance of 'PubDependencies' is not required, skipping update.
[   +1 ms] executing: [C:\Users\RDP\flutter/] git -c log.showSignature=false log HEAD -n 1 --pretty=format:%ad --date=iso
[  +69 ms] Exit code 0 from: git -c log.showSignature=false log HEAD -n 1 --pretty=format:%ad --date=iso
[        ] 2026-02-12 17:12:32 -0800
[  +15 ms] Artifact Instance of 'AndroidGenSnapshotArtifacts' is not required, skipping update.
[        ] Artifact Instance of 'AndroidInternalBuildArtifacts' is not required, skipping update.
[        ] Artifact Instance of 'IOSEngineArtifacts' is not required, skipping update.
[        ] Artifact Instance of 'FlutterWebSdk' is not required, skipping update.
[        ] Artifact Instance of 'FlutterEngineStamp' is not required, skipping update.
[        ] Artifact Instance of 'LegacyCanvasKitRemover' is not required, skipping update.
[   +2 ms] Artifact Instance of 'WindowsEngineArtifacts' is not required, skipping update.
[        ] Artifact Instance of 'MacOSEngineArtifacts' is not required, skipping update.
[        ] Artifact Instance of 'LinuxEngineArtifacts' is not required, skipping update.
[        ] Artifact Instance of 'LinuxFuchsiaSDKArtifacts' is not required, skipping update.
[        ] Artifact Instance of 'MacOSFuchsiaSDKArtifacts' is not required, skipping update.
[        ] Artifact Instance of 'FlutterRunnerSDKArtifacts' is not required, skipping update.
[        ] Artifact Instance of 'FlutterRunnerDebugSymbols' is not required, skipping update.
[  +35 ms] Artifact Instance of 'MaterialFonts' is not required, skipping update.
[        ] Artifact Instance of 'GradleWrapper' is not required, skipping update.
[   +2 ms] Artifact Instance of 'AndroidInternalBuildArtifacts' is not required, skipping update.
[        ] Artifact Instance of 'IOSEngineArtifacts' is not required, skipping update.
[        ] Artifact Instance of 'FlutterWebSdk' is not required, skipping update.
[        ] Artifact Instance of 'FlutterEngineStamp' is not required, skipping update.
[        ] Artifact Instance of 'LegacyCanvasKitRemover' is not required, skipping update.
[        ] Artifact Instance of 'FlutterSdk' is not required, skipping update.
[        ] Artifact Instance of 'WindowsEngineArtifacts' is not required, skipping update.
[        ] Artifact Instance of 'MacOSEngineArtifacts' is not required, skipping update.
[        ] Artifact Instance of 'LinuxEngineArtifacts' is not required, skipping update.
[        ] Artifact Instance of 'LinuxFuchsiaSDKArtifacts' is not required, skipping update.
[        ] Artifact Instance of 'MacOSFuchsiaSDKArtifacts' is not required, skipping update.
[        ] Artifact Instance of 'FlutterRunnerSDKArtifacts' is not required, skipping update.
[        ] Artifact Instance of 'FlutterRunnerDebugSymbols' is not required, skipping update.
[        ] Artifact Instance of 'IosUsbArtifacts' is not required, skipping update.
[        ] Artifact Instance of 'IosUsbArtifacts' is not required, skipping update.
[        ] Artifact Instance of 'IosUsbArtifacts' is not required, skipping update.
[        ] Artifact Instance of 'IosUsbArtifacts' is not required, skipping update.
[        ] Artifact Instance of 'IosUsbArtifacts' is not required, skipping update.
[        ] Artifact Instance of 'IosUsbArtifacts' is not required, skipping update.
[        ] Artifact Instance of 'FontSubsetArtifacts' is not required, skipping update.
[        ] Artifact Instance of 'PubDependencies' is not required, skipping update.
[  +97 ms] executing: [C:\Users\RDP\Desktop\flutter_app\test_app/] C:\Users\RDP\flutter\bin\cache\dart-sdk\bin\dart pub --suppress-analytics --directory . get --example
Resolving dependencies...
Downloading packages...
  file_picker 8.3.7 (10.3.10 available)
  flutter_riverpod 2.6.1 (3.2.1 available)
  go_router 14.8.1 (17.1.0 available)
  google_fonts 6.3.3 (8.0.1 available)
  local_auth 2.3.0 (3.0.0 available)
  local_auth_android 1.0.56 (2.0.4 available)
  local_auth_darwin 1.6.1 (2.0.2 available)
  local_auth_windows 1.0.11 (2.0.1 available)
  meta 1.17.0 (1.18.1 available)
  pointycastle 3.9.1 (4.0.0 available)
  riverpod 2.6.1 (3.2.1 available)
  share_plus 10.1.4 (12.0.1 available)
  share_plus_platform_interface 5.0.2 (6.1.0 available)
Got dependencies!
13 packages have newer versions incompatible with dependency constraints.
Try `flutter pub outdated` for more information.
[ +580 ms] Found plugin webview_flutter at C:\Users\RDP\AppData\Local\Pub\Cache\hosted\pub.dev\webview_flutter-4.13.1\
[   +4 ms] Found plugin webview_flutter_wkwebview at C:\Users\RDP\AppData\Local\Pub\Cache\hosted\pub.dev\webview_flutter_wkwebview-3.23.6\
[   +6 ms] Found plugin webview_flutter_android at C:\Users\RDP\AppData\Local\Pub\Cache\hosted\pub.dev\webview_flutter_android-4.10.11\
[   +8 ms] Found plugin url_launcher at C:\Users\RDP\AppData\Local\Pub\Cache\hosted\pub.dev\url_launcher-6.3.2\
[   +1 ms] Found plugin url_launcher_windows at C:\Users\RDP\AppData\Local\Pub\Cache\hosted\pub.dev\url_launcher_windows-3.1.5\
[   +4 ms] Found plugin url_launcher_web at C:\Users\RDP\AppData\Local\Pub\Cache\hosted\pub.dev\url_launcher_web-2.4.2\
[   +4 ms] Found plugin url_launcher_macos at C:\Users\RDP\AppData\Local\Pub\Cache\hosted\pub.dev\url_launcher_macos-3.2.5\
[   +1 ms] Found plugin url_launcher_linux at C:\Users\RDP\AppData\Local\Pub\Cache\hosted\pub.dev\url_launcher_linux-3.2.2\
[   +3 ms] Found plugin url_launcher_ios at C:\Users\RDP\AppData\Local\Pub\Cache\hosted\pub.dev\url_launcher_ios-6.4.1\
[   +1 ms] Found plugin url_launcher_android at C:\Users\RDP\AppData\Local\Pub\Cache\hosted\pub.dev\url_launcher_android-6.3.28\
[   +2 ms] Found plugin share_plus at C:\Users\RDP\AppData\Local\Pub\Cache\hosted\pub.dev\share_plus-10.1.4\
[  +14 ms] Found plugin path_provider at C:\Users\RDP\AppData\Local\Pub\Cache\hosted\pub.dev\path_provider-2.1.5\
[   +2 ms] Found plugin path_provider_windows at C:\Users\RDP\AppData\Local\Pub\Cache\hosted\pub.dev\path_provider_windows-2.3.0\
[   +5 ms] Found plugin path_provider_linux at C:\Users\RDP\AppData\Local\Pub\Cache\hosted\pub.dev\path_provider_linux-2.2.1\
[   +4 ms] Found plugin path_provider_foundation at C:\Users\RDP\AppData\Local\Pub\Cache\hosted\pub.dev\path_provider_foundation-2.6.0\
[  +19 ms] Found plugin path_provider_android at C:\Users\RDP\AppData\Local\Pub\Cache\hosted\pub.dev\path_provider_android-2.2.22\
[   +6 ms] Found plugin local_auth at C:\Users\RDP\AppData\Local\Pub\Cache\hosted\pub.dev\local_auth-2.3.0\
[   +1 ms] Found plugin local_auth_windows at C:\Users\RDP\AppData\Local\Pub\Cache\hosted\pub.dev\local_auth_windows-1.0.11\
[   +3 ms] Found plugin local_auth_darwin at C:\Users\RDP\AppData\Local\Pub\Cache\hosted\pub.dev\local_auth_darwin-1.6.1\
[   +2 ms] Found plugin local_auth_android at C:\Users\RDP\AppData\Local\Pub\Cache\hosted\pub.dev\local_auth_android-1.0.56\
[   +1 ms] Found plugin flutter_plugin_android_lifecycle at C:\Users\RDP\AppData\Local\Pub\Cache\hosted\pub.dev\flutter_plugin_android_lifecycle-2.0.33\
[  +15 ms] Found plugin file_picker at C:\Users\RDP\AppData\Local\Pub\Cache\hosted\pub.dev\file_picker-8.3.7\
[  +56 ms] Found plugin webview_flutter at C:\Users\RDP\AppData\Local\Pub\Cache\hosted\pub.dev\webview_flutter-4.13.1\
[   +1 ms] Found plugin webview_flutter_wkwebview at C:\Users\RDP\AppData\Local\Pub\Cache\hosted\pub.dev\webview_flutter_wkwebview-3.23.6\
[   +2 ms] Found plugin webview_flutter_android at C:\Users\RDP\AppData\Local\Pub\Cache\hosted\pub.dev\webview_flutter_android-4.10.11\
[   +4 ms] Found plugin url_launcher at C:\Users\RDP\AppData\Local\Pub\Cache\hosted\pub.dev\url_launcher-6.3.2\
[   +1 ms] Found plugin url_launcher_windows at C:\Users\RDP\AppData\Local\Pub\Cache\hosted\pub.dev\url_launcher_windows-3.1.5\
[   +3 ms] Found plugin url_launcher_web at C:\Users\RDP\AppData\Local\Pub\Cache\hosted\pub.dev\url_launcher_web-2.4.2\
[   +3 ms] Found plugin url_launcher_macos at C:\Users\RDP\AppData\Local\Pub\Cache\hosted\pub.dev\url_launcher_macos-3.2.5\
[   +1 ms] Found plugin url_launcher_linux at C:\Users\RDP\AppData\Local\Pub\Cache\hosted\pub.dev\url_launcher_linux-3.2.2\
[   +1 ms] Found plugin url_launcher_ios at C:\Users\RDP\AppData\Local\Pub\Cache\hosted\pub.dev\url_launcher_ios-6.4.1\
[   +1 ms] Found plugin url_launcher_android at C:\Users\RDP\AppData\Local\Pub\Cache\hosted\pub.dev\url_launcher_android-6.3.28\
[   +1 ms] Found plugin share_plus at C:\Users\RDP\AppData\Local\Pub\Cache\hosted\pub.dev\share_plus-10.1.4\
[   +4 ms] Found plugin path_provider at C:\Users\RDP\AppData\Local\Pub\Cache\hosted\pub.dev\path_provider-2.1.5\
[   +1 ms] Found plugin path_provider_windows at C:\Users\RDP\AppData\Local\Pub\Cache\hosted\pub.dev\path_provider_windows-2.3.0\
[   +3 ms] Found plugin path_provider_linux at C:\Users\RDP\AppData\Local\Pub\Cache\hosted\pub.dev\path_provider_linux-2.2.1\
[   +2 ms] Found plugin path_provider_foundation at C:\Users\RDP\AppData\Local\Pub\Cache\hosted\pub.dev\path_provider_foundation-2.6.0\
[  +11 ms] Found plugin path_provider_android at C:\Users\RDP\AppData\Local\Pub\Cache\hosted\pub.dev\path_provider_android-2.2.22\
[   +6 ms] Found plugin local_auth at C:\Users\RDP\AppData\Local\Pub\Cache\hosted\pub.dev\local_auth-2.3.0\
[   +1 ms] Found plugin local_auth_windows at C:\Users\RDP\AppData\Local\Pub\Cache\hosted\pub.dev\local_auth_windows-1.0.11\
[   +2 ms] Found plugin local_auth_darwin at C:\Users\RDP\AppData\Local\Pub\Cache\hosted\pub.dev\local_auth_darwin-1.6.1\
[   +2 ms] Found plugin local_auth_android at C:\Users\RDP\AppData\Local\Pub\Cache\hosted\pub.dev\local_auth_android-1.0.56\
[   +1 ms] Found plugin flutter_plugin_android_lifecycle at C:\Users\RDP\AppData\Local\Pub\Cache\hosted\pub.dev\flutter_plugin_android_lifecycle-2.0.33\
[  +11 ms] Found plugin file_picker at C:\Users\RDP\AppData\Local\Pub\Cache\hosted\pub.dev\file_picker-8.3.7\
[  +17 ms] Skipping generating web_plugin_registrant.dart because it is up-to-date.
[  +31 ms] Found plugin webview_flutter at C:\Users\RDP\AppData\Local\Pub\Cache\hosted\pub.dev\webview_flutter-4.13.1\
[   +1 ms] Found plugin webview_flutter_wkwebview at C:\Users\RDP\AppData\Local\Pub\Cache\hosted\pub.dev\webview_flutter_wkwebview-3.23.6\
[   +3 ms] Found plugin webview_flutter_android at C:\Users\RDP\AppData\Local\Pub\Cache\hosted\pub.dev\webview_flutter_android-4.10.11\
[   +4 ms] Found plugin url_launcher at C:\Users\RDP\AppData\Local\Pub\Cache\hosted\pub.dev\url_launcher-6.3.2\
[   +1 ms] Found plugin url_launcher_windows at C:\Users\RDP\AppData\Local\Pub\Cache\hosted\pub.dev\url_launcher_windows-3.1.5\
[   +2 ms] Found plugin url_launcher_web at C:\Users\RDP\AppData\Local\Pub\Cache\hosted\pub.dev\url_launcher_web-2.4.2\
[   +3 ms] Found plugin url_launcher_macos at C:\Users\RDP\AppData\Local\Pub\Cache\hosted\pub.dev\url_launcher_macos-3.2.5\
[   +1 ms] Found plugin url_launcher_linux at C:\Users\RDP\AppData\Local\Pub\Cache\hosted\pub.dev\url_launcher_linux-3.2.2\
[   +1 ms] Found plugin url_launcher_ios at C:\Users\RDP\AppData\Local\Pub\Cache\hosted\pub.dev\url_launcher_ios-6.4.1\
[   +3 ms] Found plugin url_launcher_android at C:\Users\RDP\AppData\Local\Pub\Cache\hosted\pub.dev\url_launcher_android-6.3.28\
[   +1 ms] Found plugin share_plus at C:\Users\RDP\AppData\Local\Pub\Cache\hosted\pub.dev\share_plus-10.1.4\
[   +4 ms] Found plugin path_provider at C:\Users\RDP\AppData\Local\Pub\Cache\hosted\pub.dev\path_provider-2.1.5\
[   +1 ms] Found plugin path_provider_windows at C:\Users\RDP\AppData\Local\Pub\Cache\hosted\pub.dev\path_provider_windows-2.3.0\
[   +3 ms] Found plugin path_provider_linux at C:\Users\RDP\AppData\Local\Pub\Cache\hosted\pub.dev\path_provider_linux-2.2.1\
[   +1 ms] Found plugin path_provider_foundation at C:\Users\RDP\AppData\Local\Pub\Cache\hosted\pub.dev\path_provider_foundation-2.6.0\
[   +7 ms] Found plugin path_provider_android at C:\Users\RDP\AppData\Local\Pub\Cache\hosted\pub.dev\path_provider_android-2.2.22\
[   +3 ms] Found plugin local_auth at C:\Users\RDP\AppData\Local\Pub\Cache\hosted\pub.dev\local_auth-2.3.0\
[        ] Found plugin local_auth_windows at C:\Users\RDP\AppData\Local\Pub\Cache\hosted\pub.dev\local_auth_windows-1.0.11\
[   +1 ms] Found plugin local_auth_darwin at C:\Users\RDP\AppData\Local\Pub\Cache\hosted\pub.dev\local_auth_darwin-1.6.1\
[   +1 ms] Found plugin local_auth_android at C:\Users\RDP\AppData\Local\Pub\Cache\hosted\pub.dev\local_auth_android-1.0.56\
[        ] Found plugin flutter_plugin_android_lifecycle at C:\Users\RDP\AppData\Local\Pub\Cache\hosted\pub.dev\flutter_plugin_android_lifecycle-2.0.33\
[   +9 ms] Found plugin file_picker at C:\Users\RDP\AppData\Local\Pub\Cache\hosted\pub.dev\file_picker-8.3.7\
[  +11 ms] Generating C:\Users\RDP\Desktop\flutter_app\test_app\android\app\src\main\java\io\flutter\plugins\GeneratedPluginRegistrant.java
[   +1 ms] Skipping generating GeneratedPluginRegistrant.java because it is up-to-date.
[   +3 ms] Skipping generating generated_plugin_registrant.h because it is up-to-date.
[   +1 ms] Skipping generating generated_plugin_registrant.cc because it is up-to-date.
[   +1 ms] Skipping generating generated_plugins.cmake because it is up-to-date.
[   +2 ms] Skipping generating generated_plugin_registrant.h because it is up-to-date.
[   +1 ms] Skipping generating generated_plugin_registrant.cc because it is up-to-date.
[   +1 ms] Skipping generating generated_plugins.cmake because it is up-to-date.
[   +2 ms] Skipping generating GeneratedPluginRegistrant.h because it is up-to-date.
[   +1 ms] Skipping generating GeneratedPluginRegistrant.m because it is up-to-date.
[   +1 ms] Skipping generating GeneratedPluginRegistrant.swift because it is up-to-date.
[  +44 ms] executing: C:\Program Files\Android\Android Studio\jbr\bin\java -version
[ +125 ms] Exit code 0 from: C:\Program Files\Android\Android Studio\jbr\bin\java -version
[        ] openjdk version "21.0.9" 2025-10-21
           OpenJDK Runtime Environment (build 21.0.9+-14649483-b1163.86)
           OpenJDK 64-Bit Server VM (build 21.0.9+-14649483-b1163.86, mixed mode)
[   +9 ms] Top-level Gradle build file not found, skipping migration of task "clean".
[   +1 ms] executing: C:\Program Files\Android\Android Studio\jbr\bin\java --version
[ +130 ms] Exit code 0 from: C:\Program Files\Android\Android Studio\jbr\bin\java --version
[        ] openjdk 21.0.9 2025-10-21
           OpenJDK Runtime Environment (build 21.0.9+-14649483-b1163.86)
           OpenJDK 64-Bit Server VM (build 21.0.9+-14649483-b1163.86, mixed mode)
[   +1 ms] Version of Java is different than impacted version, no migration attempted.
[  +13 ms] CMake project not found, skipping support Android 15 16k page size migration.
[   +3 ms] Using gradle from C:\Users\RDP\Desktop\flutter_app\test_app\android\gradlew.bat.
[   +9 ms] LocalFile: 'C:\Users\RDP\Desktop\flutter_app\test_app\android\build.gradle.kts' doesn't provide an AGP version. Checking settings.
[   +1 ms] LocalFile: 'C:\Users\RDP\Desktop\flutter_app\test_app\android\settings.gradle.kts' provides AGP version: 8.11.1
[   +6 ms] Running Gradle task 'assembleDebug'...
[   +1 ms] executing: [C:\Users\RDP\Desktop\flutter_app\test_app\android/] C:\Users\RDP\Desktop\flutter_app\test_app\android\gradlew.bat --full-stacktrace --info -Pverbose=true -Ptarget-platform=android-arm,android-arm64,android-x64 -Ptarget=lib\main.dart -Pbase-application-name=android.app.Application -Pdart-defines=RkxVVFRFUl9WRVJTSU9OPTMuNDEuMQ==,RkxVVFRFUl9DSEFOTkVMPXN0YWJsZQ==,RkxVVFRFUl9HSVRfVVJMPWh0dHBzOi8vZ2l0aHViLmNvbS9mbHV0dGVyL2ZsdXR0ZXIuZ2l0,RkxVVFRFUl9GUkFNRVdPUktfUkVWSVNJT049NTgyYTBlN2M1NQ==,RkxVVFRFUl9FTkdJTkVfUkVWSVNJT049MzQ1MmQ3MzViZA==,RkxVVFRFUl9EQVJUX1ZFUlNJT049My4xMS4w -Pdart-obfuscation=false -Ptrack-widget-creation=true -Ptree-shake-icons=false assembleDebug
[+1239 ms] Initialized native services in: C:\Users\RDP\.gradle\native
[   +1 ms] Initialized jansi services in: C:\Users\RDP\.gradle\native
[ +321 ms] Found daemon DaemonInfo{pid=13264, address=[764753a7-3dba-467c-ba15-a390a20d9920 port:55935, addresses:[/127.0.0.1]], state=Idle, lastBusy=1771247487515, context=DefaultDaemonContext[uid=19b78202-3678-4d1f-9bac-4a5b054767d4,javaHome=C:\hostedtoolcache\windows\Java_Temurin-Hotspot_jdk\17.0.18-8\x64,javaVersion=17,javaVendor=Eclipse Adoptium,daemonRegistryDir=C:\Users\RDP\.gradle\daemon,pid=13264,idleTimeout=10800000,priority=NORMAL,applyInstrumentationAgent=true,nativeServicesMode=ENABLED,daemonOpts=-XX:MaxMetaspaceSize=4G,-XX:ReservedCodeCacheSize=512m,-XX:+HeapDumpOnOutOfMemoryError,-Xmx8G,-Dfile.encoding=windows-1252,-Duser.country=US,-Duser.language=en,-Duser.variant]} however its context does not match the desired criteria.
[        ] JVM is incompatible.
[        ] Wanted: DaemonRequestContext{jvmCriteria=C:\Program Files\Android\Android Studio\jbr (no JDK specified, using current Java home), daemonOpts=[-XX:MaxMetaspaceSize=4G, -XX:ReservedCodeCacheSize=512m, -XX:+HeapDumpOnOutOfMemoryError, -Xmx8G, -Dfile.encoding=UTF-8, -Duser.country=US, -Duser.language=en, -Duser.variant], applyInstrumentationAgent=true, nativeServicesMode=ENABLED, priority=NORMAL}
[        ] Actual: DefaultDaemonContext[uid=19b78202-3678-4d1f-9bac-4a5b054767d4,javaHome=C:\hostedtoolcache\windows\Java_Temurin-Hotspot_jdk\17.0.18-8\x64,javaVersion=17,javaVendor=Eclipse Adoptium,daemonRegistryDir=C:\Users\RDP\.gradle\daemon,pid=13264,idleTimeout=10800000,priority=NORMAL,applyInstrumentationAgent=true,nativeServicesMode=ENABLED,daemonOpts=-XX:MaxMetaspaceSize=4G,-XX:ReservedCodeCacheSize=512m,-XX:+HeapDumpOnOutOfMemoryError,-Xmx8G,-Dfile.encoding=windows-1252,-Duser.country=US,-Duser.language=en,-Duser.variant]
[        ]   Looking for a different daemon...
[  +97 ms] The client will now receive all logging from the daemon (pid: 15376). The daemon log file: C:\Users\RDP\.gradle\daemon\8.14\daemon-15376.out.log
[        ] Starting 4th build in daemon [uptime: 11 mins 45.588 secs, performance: 100%, GC rate: 0.00/s, heap usage: 0% of 8 GiB, non-heap usage: 6% of 4 GiB]
[        ] Using 4 worker leases.
[  +98 ms] Now considering [C:\Users\RDP\Desktop\flutter_app\test_app\android, C:\Users\RDP\flutter\packages\flutter_tools\gradle] as hierarchies to watch
[        ] Watching the file system is configured to be enabled if available
[        ] File system watching is active
[        ] Starting Build
[        ] Now considering [C:\Users\RDP\flutter\packages\flutter_tools\gradle, C:\Users\RDP\Desktop\flutter_app\test_app\android] as hierarchies to watch
[  +98 ms] > Configure project :gradle
[        ] Evaluating project ':gradle' using build file 'C:\Users\RDP\flutter\packages\flutter_tools\gradle\build.gradle.kts'.
[        ] Resolved plugin [id: 'org.gradle.java-gradle-plugin']
[        ] Resolved plugin [id: 'org.gradle.groovy']
[        ] Resolved plugin [id: 'org.gradle.kotlin.kotlin-dsl', version: '5.2.0']
[        ] Resolved plugin [id: 'org.jetbrains.kotlin.jvm', version: '1.9.20']
[        ] Using Kotlin Gradle Plugin gradle85 variant
[        ] kotlin scripting plugin: created the scripting discovery configuration: kotlinScriptDef
[        ] kotlin scripting plugin: created the scripting discovery configuration: testKotlinScriptDef
[        ] file or directory 'C:\Users\RDP\flutter\packages\flutter_tools\gradle\src\main\java', not found
[        ] Resolved plugin [id: 'dev.flutter.flutter-plugin-loader', version: '1.0.0']
[        ] Resolved plugin [id: 'com.android.application', version: '8.11.1', apply: false]
[        ] Resolved plugin [id: 'org.jetbrains.kotlin.android', version: '2.2.20', apply: false]
[ +108 ms] Resolve mutations for :gradle:checkKotlinGradlePluginConfigurationErrors (Thread[#394,included builds,5,main]) started.
[        ] :gradle:checkKotlinGradlePluginConfigurationErrors (Thread[#397,Execution worker Thread 3,5,main]) started.
[   +1 ms] > Task :gradle:checkKotlinGradlePluginConfigurationErrors SKIPPED
[        ] Skipping task ':gradle:checkKotlinGradlePluginConfigurationErrors' as task onlyIf 'errorDiagnostics are present' is false.
[        ] Resolve mutations for :gradle:compileKotlin (Thread[#397,Execution worker Thread 3,5,main]) started.
[        ] :gradle:compileKotlin (Thread[#397,Execution worker Thread 3,5,main]) started.
[   +4 ms] > Task :gradle:compileKotlin UP-TO-DATE
[   +1 ms] Caching disabled for task ':gradle:compileKotlin' because:
[        ]   Build cache is disabled
[        ] Skipping task ':gradle:compileKotlin' as it is up-to-date.
[        ] Resolve mutations for :gradle:compileJava (Thread[#397,Execution worker Thread 3,5,main]) started.
[        ] :gradle:compileJava (Thread[#396,Execution worker Thread 2,5,main]) started.
[   +1 ms] > Task :gradle:compileJava NO-SOURCE
[        ] Skipping task ':gradle:compileJava' as it has no source files and no previous output files.
[        ] Resolve mutations for :gradle:compileGroovy (Thread[#396,Execution worker Thread 2,5,main]) started.
[        ] :gradle:compileGroovy (Thread[#396,Execution worker Thread 2,5,main]) started.
[        ] > Task :gradle:compileGroovy NO-SOURCE
[        ] Skipping task ':gradle:compileGroovy' as it has no source files and no previous output files.
[        ] Resolve mutations for :gradle:pluginDescriptors (Thread[#396,Execution worker Thread 2,5,main]) started.
[        ] :gradle:pluginDescriptors (Thread[#396,Execution worker Thread 2,5,main]) started.
[        ] > Task :gradle:pluginDescriptors UP-TO-DATE
[        ] Caching disabled for task ':gradle:pluginDescriptors' because:
[        ]   Build cache is disabled
[        ]   Not worth caching
[        ] Skipping task ':gradle:pluginDescriptors' as it is up-to-date.
[        ] Resolve mutations for :gradle:processResources (Thread[#396,Execution worker Thread 2,5,main]) started.
[        ] :gradle:processResources (Thread[#396,Execution worker Thread 2,5,main]) started.
[        ] > Task :gradle:processResources UP-TO-DATE
[        ] Caching disabled for task ':gradle:processResources' because:
[        ]   Build cache is disabled
[  +19 ms]   Not worth caching
[   +1 ms] Skipping task ':gradle:processResources' as it is up-to-date.
[        ] Resolve mutations for :gradle:classes (Thread[#396,Execution worker Thread 2,5,main]) started.
[        ] :gradle:classes (Thread[#396,Execution worker Thread 2,5,main]) started.
[   +9 ms] > Task :gradle:classes UP-TO-DATE
[        ] Skipping task ':gradle:classes' as it has no actions.
[        ] Resolve mutations for :gradle:jar (Thread[#396,Execution worker Thread 2,5,main]) started.
[        ] :gradle:jar (Thread[#396,Execution worker Thread 2,5,main]) started.
[        ] > Task :gradle:jar UP-TO-DATE
[        ] Caching disabled for task ':gradle:jar' because:
[        ]   Build cache is disabled
[        ]   Not worth caching
[        ] Skipping task ':gradle:jar' as it is up-to-date.
[ +136 ms] Settings evaluated using settings file 'C:\Users\RDP\Desktop\flutter_app\test_app\android\settings.gradle.kts'.
[ +102 ms] Projects loaded. Root project using build file 'C:\Users\RDP\Desktop\flutter_app\test_app\android\build.gradle.kts'.
[   +1 ms] Included projects: [root project 'android', project ':app', project ':file_picker', project ':flutter_plugin_android_lifecycle', project ':local_auth_android', project ':path_provider_android', project ':share_plus', project ':url_launcher_android', project ':webview_flutter_android']
[ +337 ms] > Configure project :app
[        ] Evaluating project ':app' using build file 'C:\Users\RDP\Desktop\flutter_app\test_app\android\app\build.gradle.kts'.
[        ] Resolved plugin [id: 'com.android.application']
[        ] Resolved plugin [id: 'kotlin-android']
[        ] Resolved plugin [id: 'dev.flutter.flutter-gradle-plugin']
[        ] Using default execution profile
[        ] Build 19b837fb-27be-4402-8d80-a26fe5b36e10 is started
[        ] Using Kotlin Gradle Plugin gradle813 variant
[  +10 ms] C/C++: android.ndkVersion from module build.gradle is [28.2.13676358]
[        ] C/C++: android.ndkPath from module build.gradle is not set
[        ] C/C++: ndk.dir in local.properties is not set
[        ] C/C++: Not considering ANDROID_NDK_HOME because support was removed after deprecation period.
[   +4 ms] C/C++: sdkFolder is C:\Android\android-sdk
[        ] C/C++: android.ndkVersion from module build.gradle is [28.2.13676358]
[        ] C/C++: android.ndkPath from module build.gradle is not set
[        ] C/C++: ndk.dir in local.properties is not set
[        ] C/C++: Not considering ANDROID_NDK_HOME because support was removed after deprecation period.
[        ] C/C++: sdkFolder is C:\Android\android-sdk
[        ] C/C++: android.ndkVersion from module build.gradle is [28.2.13676358]
[        ] C/C++: android.ndkPath from module build.gradle is not set
[        ] C/C++: ndk.dir in local.properties is not set
[        ] C/C++: Not considering ANDROID_NDK_HOME because support was removed after deprecation period.
[        ] C/C++: sdkFolder is C:\Android\android-sdk
[        ] C/C++: android.ndkVersion from module build.gradle is [28.2.13676358]
[        ] C/C++: android.ndkPath from module build.gradle is not set
[        ] C/C++: ndk.dir in local.properties is not set
[        ] C/C++: Not considering ANDROID_NDK_HOME because support was removed after deprecation period.
[        ] C/C++: sdkFolder is C:\Android\android-sdk
[        ] C/C++: android.ndkVersion from module build.gradle is [28.2.13676358]
[        ] C/C++: android.ndkPath from module build.gradle is not set
[        ] C/C++: ndk.dir in local.properties is not set
[        ] C/C++: Not considering ANDROID_NDK_HOME because support was removed after deprecation period.
[        ] C/C++: sdkFolder is C:\Android\android-sdk
[        ] C/C++: android.ndkVersion from module build.gradle is [28.2.13676358]
[        ] C/C++: android.ndkPath from module build.gradle is not set
[        ] C/C++: ndk.dir in local.properties is not set
[        ] C/C++: Not considering ANDROID_NDK_HOME because support was removed after deprecation period.
[        ] C/C++: sdkFolder is C:\Android\android-sdk
[        ] C/C++: android.ndkVersion from module build.gradle is [28.2.13676358]
[        ] C/C++: android.ndkPath from module build.gradle is not set
[        ] C/C++: ndk.dir in local.properties is not set
[        ] C/C++: Not considering ANDROID_NDK_HOME because support was removed after deprecation period.
[        ] C/C++: sdkFolder is C:\Android\android-sdk
[        ] C/C++: android.ndkVersion from module build.gradle is [28.2.13676358]
[   +1 ms] C/C++: android.ndkPath from module build.gradle is not set
[   +1 ms] C/C++: ndk.dir in local.properties is not set
[  +25 ms] C/C++: Not considering ANDROID_NDK_HOME because support was removed after deprecation period.
[   +1 ms] C/C++: sdkFolder is C:\Android\android-sdk
[   +1 ms] C/C++: android.ndkVersion from module build.gradle is [28.2.13676358]
[   +3 ms] C/C++: android.ndkPath from module build.gradle is not set
[   +2 ms] C/C++: ndk.dir in local.properties is not set
[        ] C/C++: Not considering ANDROID_NDK_HOME because support was removed after deprecation period.
[        ] C/C++: sdkFolder is C:\Android\android-sdk
[        ] C/C++: android.ndkVersion from module build.gradle is [28.2.13676358]
[        ] C/C++: android.ndkPath from module build.gradle is not set
[        ] C/C++: ndk.dir in local.properties is not set
[        ] C/C++: Not considering ANDROID_NDK_HOME because support was removed after deprecation period.
[        ] C/C++: sdkFolder is C:\Android\android-sdk
[        ] C/C++: android.ndkVersion from module build.gradle is [28.2.13676358]
[        ] C/C++: android.ndkPath from module build.gradle is not set
[        ] C/C++: ndk.dir in local.properties is not set
[        ] C/C++: Not considering ANDROID_NDK_HOME because support was removed after deprecation period.
[        ] C/C++: sdkFolder is C:\Android\android-sdk
[        ] C/C++: android.ndkVersion from module build.gradle is [28.2.13676358]
[   +1 ms] C/C++: android.ndkPath from module build.gradle is not set
[        ] C/C++: ndk.dir in local.properties is not set
[        ] C/C++: Not considering ANDROID_NDK_HOME because support was removed after deprecation period.
[        ] C/C++: sdkFolder is C:\Android\android-sdk
[        ] C/C++: android.ndkVersion from module build.gradle is [28.2.13676358]
[        ] C/C++: android.ndkPath from module build.gradle is not set
[        ] C/C++: ndk.dir in local.properties is not set
[        ] C/C++: Not considering ANDROID_NDK_HOME because support was removed after deprecation period.
[        ] C/C++: sdkFolder is C:\Android\android-sdk
[        ] C/C++: android.ndkVersion from module build.gradle is [28.2.13676358]
[        ] C/C++: android.ndkPath from module build.gradle is not set
[        ] C/C++: ndk.dir in local.properties is not set
[        ] C/C++: Not considering ANDROID_NDK_HOME because support was removed after deprecation period.
[        ] C/C++: sdkFolder is C:\Android\android-sdk
[        ] C/C++: android.ndkVersion from module build.gradle is [28.2.13676358]
[        ] C/C++: android.ndkPath from module build.gradle is not set
[        ] C/C++: ndk.dir in local.properties is not set
[        ] C/C++: Not considering ANDROID_NDK_HOME because support was removed after deprecation period.
[        ] C/C++: sdkFolder is C:\Android\android-sdk
[        ] C/C++: android.ndkVersion from module build.gradle is [28.2.13676358]
[        ] C/C++: android.ndkPath from module build.gradle is not set
[        ] C/C++: ndk.dir in local.properties is not set
[        ] C/C++: Not considering ANDROID_NDK_HOME because support was removed after deprecation period.
[        ] C/C++: sdkFolder is C:\Android\android-sdk
[        ] C/C++: android.ndkVersion from module build.gradle is [28.2.13676358]
[        ] C/C++: android.ndkPath from module build.gradle is not set
[        ] C/C++: ndk.dir in local.properties is not set
[        ] C/C++: Not considering ANDROID_NDK_HOME because support was removed after deprecation period.
[        ] C/C++: sdkFolder is C:\Android\android-sdk
[        ] C/C++: android.ndkVersion from module build.gradle is [28.2.13676358]
[        ] C/C++: android.ndkPath from module build.gradle is not set
[        ] C/C++: ndk.dir in local.properties is not set
[        ] C/C++: Not considering ANDROID_NDK_HOME because support was removed after deprecation period.
[        ] C/C++: sdkFolder is C:\Android\android-sdk
[        ] C/C++: android.ndkVersion from module build.gradle is [28.2.13676358]
[        ] C/C++: android.ndkPath from module build.gradle is not set
[        ] C/C++: ndk.dir in local.properties is not set
[        ] C/C++: Not considering ANDROID_NDK_HOME because support was removed after deprecation period.
[        ] C/C++: sdkFolder is C:\Android\android-sdk
[        ] > Configure project :
[        ] Evaluating root project 'android' using build file 'C:\Users\RDP\Desktop\flutter_app\test_app\android\build.gradle.kts'.
[  +81 ms] > Configure project :file_picker
[        ] Evaluating project ':file_picker' using build file 'C:\Users\RDP\AppData\Local\Pub\Cache\hosted\pub.dev\file_picker-8.3.7\android\build.gradle'.
[   +3 ms] Using default execution profile
[  +98 ms] > Configure project :flutter_plugin_android_lifecycle
[   +1 ms] Evaluating project ':flutter_plugin_android_lifecycle' using build file 'C:\Users\RDP\AppData\Local\Pub\Cache\hosted\pub.dev\flutter_plugin_android_lifecycle-2.0.33\android\build.gradle'.
[   +1 ms] Using default execution profile
[  +94 ms] > Configure project :local_auth_android
[        ] Evaluating project ':local_auth_android' using build file 'C:\Users\RDP\AppData\Local\Pub\Cache\hosted\pub.dev\local_auth_android-1.0.56\android\build.gradle'.
[        ] Using default execution profile
[  +98 ms] > Configure project :path_provider_android
[        ] Evaluating project ':path_provider_android' using build file 'C:\Users\RDP\AppData\Local\Pub\Cache\hosted\pub.dev\path_provider_android-2.2.22\android\build.gradle'.
[        ] Using default execution profile
[ +299 ms] > Configure project :share_plus
[        ] Evaluating project ':share_plus' using build file 'C:\Users\RDP\AppData\Local\Pub\Cache\hosted\pub.dev\share_plus-10.1.4\android\build.gradle'.
[        ] Using default execution profile
[   +2 ms] Using Kotlin Gradle Plugin gradle813 variant
[        ] > Configure project :url_launcher_android
[        ] Evaluating project ':url_launcher_android' using build file 'C:\Users\RDP\AppData\Local\Pub\Cache\hosted\pub.dev\url_launcher_android-6.3.28\android\build.gradle'.
[        ] Using default execution profile
[ +294 ms] > Configure project :webview_flutter_android
[        ] Evaluating project ':webview_flutter_android' using build file 'C:\Users\RDP\AppData\Local\Pub\Cache\hosted\pub.dev\webview_flutter_android-4.10.11\android\build.gradle'.
[        ] Using default execution profile
[        ] Using Kotlin Gradle Plugin gradle813 variant
[        ] All projects evaluated.
[        ] Task name matched 'assembleDebug'
[        ] Selected primary task 'assembleDebug' from project :
[        ] Adding -Xuse-inline-scopes-numbers Kotlin compiler flag for task :app:compileDebugKotlin
[ +303 ms] Tasks to be executed: [task ':app:DebugMinSdkCheck', task ':app:preBuild', task ':app:preDebugBuild', task ':app:mergeDebugNativeDebugMetadata', task ':app:checkKotlinGradlePluginConfigurationErrors', task ':app:compileFlutterBuildDebug', task ':app:packJniLibsflutterBuildDebug', task ':file_picker:preBuild', task ':file_picker:preDebugBuild', task ':file_picker:writeDebugAarMetadata', task ':flutter_plugin_android_lifecycle:preBuild', task ':flutter_plugin_android_lifecycle:preDebugBuild', task ':flutter_plugin_android_lifecycle:writeDebugAarMetadata', task ':local_auth_android:preBuild', task ':local_auth_android:preDebugBuild', task ':local_auth_android:writeDebugAarMetadata', task ':path_provider_android:preBuild', task ':path_provider_android:preDebugBuild', task ':path_provider_android:writeDebugAarMetadata', task ':share_plus:preBuild', task ':share_plus:preDebugBuild', task ':share_plus:writeDebugAarMetadata', task ':url_launcher_android:preBuild', task ':url_launcher_android:preDebugBuild', task ':url_launcher_android:writeDebugAarMetadata', task ':webview_flutter_android:preBuild', task ':webview_flutter_android:preDebugBuild', task ':webview_flutter_android:writeDebugAarMetadata', task ':app:checkDebugAarMetadata', task ':app:cleanMergeDebugAssets', task ':app:mergeDebugShaders', task ':app:compileDebugShaders', task ':app:generateDebugAssets', task ':file_picker:mergeDebugShaders', task ':file_picker:compileDebugShaders', task ':file_picker:generateDebugAssets', task ':file_picker:mergeDebugAssets', task ':flutter_plugin_android_lifecycle:mergeDebugShaders', task ':flutter_plugin_android_lifecycle:compileDebugShaders', task ':flutter_plugin_android_lifecycle:generateDebugAssets', task ':flutter_plugin_android_lifecycle:mergeDebugAssets', task ':local_auth_android:mergeDebugShaders', task ':local_auth_android:compileDebugShaders', task ':local_auth_android:generateDebugAssets', task ':local_auth_android:mergeDebugAssets', task ':path_provider_android:mergeDebugShaders', task ':path_provider_android:compileDebugShaders', task ':path_provider_android:generateDebugAssets', task ':path_provider_android:mergeDebugAssets', task ':share_plus:mergeDebugShaders', task ':share_plus:compileDebugShaders', task ':share_plus:generateDebugAssets', task ':share_plus:mergeDebugAssets', task ':url_launcher_android:mergeDebugShaders', task ':url_launcher_android:compileDebugShaders', task ':url_launcher_android:generateDebugAssets', task ':url_launcher_android:mergeDebugAssets', task ':webview_flutter_android:mergeDebugShaders', task ':webview_flutter_android:compileDebugShaders', task ':webview_flutter_android:generateDebugAssets', task ':webview_flutter_android:mergeDebugAssets', task ':app:mergeDebugAssets', task ':app:copyFlutterAssetsDebug', task ':app:generateDebugResValues', task ':file_picker:generateDebugResValues', task ':file_picker:generateDebugResources', task ':file_picker:packageDebugResources', task ':flutter_plugin_android_lifecycle:generateDebugResValues', task ':flutter_plugin_android_lifecycle:generateDebugResources', task ':flutter_plugin_android_lifecycle:packageDebugResources', task ':local_auth_android:generateDebugResValues', task ':local_auth_android:generateDebugResources', task ':local_auth_android:packageDebugResources', task ':path_provider_android:generateDebugResValues', task ':path_provider_android:generateDebugResources', task ':path_provider_android:packageDebugResources', task ':share_plus:generateDebugResValues', task ':share_plus:generateDebugResources', task ':share_plus:packageDebugResources', task ':url_launcher_android:generateDebugResValues', task ':url_launcher_android:generateDebugResources', task ':url_launcher_android:packageDebugResources', task ':webview_flutter_android:generateDebugResValues', task ':webview_flutter_android:generateDebugResources', task ':webview_flutter_android:packageDebugResources', task ':app:mapDebugSourceSetPaths', task ':app:generateDebugResources', task ':app:mergeDebugResources', task ':app:packageDebugResources', task ':app:parseDebugLocalResources', task ':app:createDebugCompatibleScreenManifests', task ':app:extractDeepLinksDebug', task ':file_picker:extractDeepLinksDebug', task ':file_picker:processDebugManifest', task ':flutter_plugin_android_lifecycle:extractDeepLinksDebug', task ':flutter_plugin_android_lifecycle:processDebugManifest', task ':local_auth_android:extractDeepLinksDebug', task ':local_auth_android:processDebugManifest', task ':path_provider_android:extractDeepLinksDebug', task ':path_provider_android:processDebugManifest', task ':share_plus:extractDeepLinksDebug', task ':share_plus:processDebugManifest', task ':url_launcher_android:extractDeepLinksDebug', task ':url_launcher_android:processDebugManifest', task ':webview_flutter_android:extractDeepLinksDebug', task ':webview_flutter_android:processDebugManifest', task ':app:processDebugMainManifest', task ':app:outputDebugAppLinkSettings', task ':app:processDebugManifest', task ':app:processDebugManifestForPackage', task ':file_picker:compileDebugLibraryResources', task ':file_picker:parseDebugLocalResources', task ':file_picker:generateDebugRFile', task ':flutter_plugin_android_lifecycle:compileDebugLibraryResources', task ':flutter_plugin_android_lifecycle:parseDebugLocalResources', task ':flutter_plugin_android_lifecycle:generateDebugRFile', task ':local_auth_android:compileDebugLibraryResources', task ':local_auth_android:parseDebugLocalResources', task ':local_auth_android:generateDebugRFile', task ':path_provider_android:compileDebugLibraryResources', task ':path_provider_android:parseDebugLocalResources', task ':path_provider_android:generateDebugRFile', task ':share_plus:compileDebugLibraryResources', task ':share_plus:parseDebugLocalResources', task ':share_plus:generateDebugRFile', task ':url_launcher_android:compileDebugLibraryResources', task ':url_launcher_android:parseDebugLocalResources', task ':url_launcher_android:generateDebugRFile', task ':webview_flutter_android:compileDebugLibraryResources', task ':webview_flutter_android:parseDebugLocalResources', task ':webview_flutter_android:generateDebugRFile', task ':app:processDebugResources', task ':file_picker:javaPreCompileDebug', task ':flutter_plugin_android_lifecycle:javaPreCompileDebug', task ':flutter_plugin_android_lifecycle:compileDebugJavaWithJavac', task ':flutter_plugin_android_lifecycle:bundleLibCompileToJarDebug', task ':file_picker:compileDebugJavaWithJavac', task ':file_picker:bundleLibCompileToJarDebug', task ':local_auth_android:javaPreCompileDebug', task ':local_auth_android:compileDebugJavaWithJavac', task ':local_auth_android:bundleLibCompileToJarDebug', task ':path_provider_android:javaPreCompileDebug', task ':path_provider_android:compileDebugJavaWithJavac', task ':path_provider_android:bundleLibCompileToJarDebug', task ':share_plus:checkKotlinGradlePluginConfigurationErrors', task ':share_plus:compileDebugKotlin', task ':share_plus:javaPreCompileDebug', task ':share_plus:compileDebugJavaWithJavac', task ':share_plus:bundleLibCompileToJarDebug', task ':url_launcher_android:generateDebugBuildConfig', task ':url_launcher_android:javaPreCompileDebug', task ':url_launcher_android:compileDebugJavaWithJavac', task ':url_launcher_android:bundleLibCompileToJarDebug', task ':webview_flutter_android:checkKotlinGradlePluginConfigurationErrors', task ':webview_flutter_android:compileDebugKotlin', task ':webview_flutter_android:javaPreCompileDebug', task ':webview_flutter_android:compileDebugJavaWithJavac', task ':webview_flutter_android:bundleLibCompileToJarDebug', task ':app:compileDebugKotlin', task ':app:javaPreCompileDebug', task ':app:compileDebugJavaWithJavac', task ':app:compressDebugAssets', task ':file_picker:bundleLibRuntimeToJarDebug', task ':local_auth_android:bundleLibRuntimeToJarDebug', task ':flutter_plugin_android_lifecycle:bundleLibRuntimeToJarDebug', task ':path_provider_android:bundleLibRuntimeToJarDebug', task ':share_plus:bundleLibRuntimeToJarDebug', task ':url_launcher_android:bundleLibRuntimeToJarDebug', task ':webview_flutter_android:bundleLibRuntimeToJarDebug', task ':app:desugarDebugFileDependencies', task ':app:dexBuilderDebug', task ':app:mergeDebugGlobalSynthetics', task ':app:processDebugJavaRes', task ':file_picker:processDebugJavaRes', task ':flutter_plugin_android_lifecycle:processDebugJavaRes', task ':local_auth_android:processDebugJavaRes', task ':path_provider_android:processDebugJavaRes', task ':share_plus:processDebugJavaRes', task ':url_launcher_android:processDebugJavaRes', task ':webview_flutter_android:processDebugJavaRes', task ':app:mergeDebugJavaResource', task ':app:checkDebugDuplicateClasses', task ':app:mergeExtDexDebug', task ':file_picker:bundleLibRuntimeToDirDebug', task ':local_auth_android:bundleLibRuntimeToDirDebug', task ':flutter_plugin_android_lifecycle:bundleLibRuntimeToDirDebug', task ':path_provider_android:bundleLibRuntimeToDirDebug', task ':share_plus:bundleLibRuntimeToDirDebug', task ':url_launcher_android:bundleLibRuntimeToDirDebug', task ':webview_flutter_android:bundleLibRuntimeToDirDebug', task ':app:mergeLibDexDebug', task ':app:mergeProjectDexDebug', task ':app:configureCMakeDebug[arm64-v8a]', task ':app:buildCMakeDebug[arm64-v8a]', task ':app:configureCMakeDebug[armeabi-v7a]', task ':app:buildCMakeDebug[armeabi-v7a]', task ':app:configureCMakeDebug[x86_64]', task ':app:buildCMakeDebug[x86_64]', task ':app:mergeDebugJniLibFolders', task ':file_picker:mergeDebugJniLibFolders', task ':file_picker:mergeDebugNativeLibs', task ':file_picker:copyDebugJniLibsProjectOnly', task ':flutter_plugin_android_lifecycle:mergeDebugJniLibFolders', task ':flutter_plugin_android_lifecycle:mergeDebugNativeLibs', task ':flutter_plugin_android_lifecycle:copyDebugJniLibsProjectOnly', task ':local_auth_android:mergeDebugJniLibFolders', task ':local_auth_android:mergeDebugNativeLibs', task ':local_auth_android:copyDebugJniLibsProjectOnly', task ':path_provider_android:mergeDebugJniLibFolders', task ':path_provider_android:mergeDebugNativeLibs', task ':path_provider_android:copyDebugJniLibsProjectOnly', task ':share_plus:mergeDebugJniLibFolders', task ':share_plus:mergeDebugNativeLibs', task ':share_plus:copyDebugJniLibsProjectOnly', task ':url_launcher_android:mergeDebugJniLibFolders', task ':url_launcher_android:mergeDebugNativeLibs', task ':url_launcher_android:copyDebugJniLibsProjectOnly', task ':webview_flutter_android:mergeDebugJniLibFolders', task ':webview_flutter_android:mergeDebugNativeLibs', task ':webview_flutter_android:copyDebugJniLibsProjectOnly', task ':app:mergeDebugNativeLibs', task ':app:stripDebugDebugSymbols', task ':app:validateSigningDebug', task ':app:writeDebugAppMetadata', task ':app:writeDebugSigningConfigVersions', task ':app:packageDebug', task ':app:createDebugApkListingFileRedirect', task ':app:assembleDebug', task ':file_picker:stripDebugDebugSymbols', task ':file_picker:copyDebugJniLibsProjectAndLocalJars', task ':file_picker:extractDebugAnnotations', task ':file_picker:extractDeepLinksForAarDebug', task ':file_picker:mergeDebugGeneratedProguardFiles', task ':file_picker:mergeDebugConsumerProguardFiles', task ':file_picker:prepareDebugArtProfile', task ':file_picker:prepareLintJarForPublish', task ':file_picker:mergeDebugJavaResource', task ':file_picker:syncDebugLibJars', task ':file_picker:bundleDebugAar', task ':file_picker:assembleDebug', task ':flutter_plugin_android_lifecycle:stripDebugDebugSymbols', task ':flutter_plugin_android_lifecycle:copyDebugJniLibsProjectAndLocalJars', task ':flutter_plugin_android_lifecycle:extractDebugAnnotations', task ':flutter_plugin_android_lifecycle:extractDeepLinksForAarDebug', task ':flutter_plugin_android_lifecycle:mergeDebugGeneratedProguardFiles', task ':flutter_plugin_android_lifecycle:mergeDebugConsumerProguardFiles', task ':flutter_plugin_android_lifecycle:prepareDebugArtProfile', task ':flutter_plugin_android_lifecycle:prepareLintJarForPublish', task ':flutter_plugin_android_lifecycle:mergeDebugJavaResource', task ':flutter_plugin_android_lifecycle:syncDebugLibJars', task ':flutter_plugin_android_lifecycle:bundleDebugAar', task ':flutter_plugin_android_lifecycle:assembleDebug', task ':local_auth_android:stripDebugDebugSymbols', task ':local_auth_android:copyDebugJniLibsProjectAndLocalJars', task ':local_auth_android:extractDebugAnnotations', task ':local_auth_android:extractDeepLinksForAarDebug', task ':local_auth_android:mergeDebugGeneratedProguardFiles', task ':local_auth_android:mergeDebugConsumerProguardFiles', task ':local_auth_android:prepareDebugArtProfile', task ':local_auth_android:prepareLintJarForPublish', task ':local_auth_android:mergeDebugJavaResource', task ':local_auth_android:syncDebugLibJars', task ':local_auth_android:bundleDebugAar', task ':local_auth_android:assembleDebug', task ':path_provider_android:stripDebugDebugSymbols', task ':path_provider_android:copyDebugJniLibsProjectAndLocalJars', task ':path_provider_android:extractDebugAnnotations', task ':path_provider_android:extractDeepLinksForAarDebug', task ':path_provider_android:mergeDebugGeneratedProguardFiles', task ':path_provider_android:mergeDebugConsumerProguardFiles', task ':path_provider_android:prepareDebugArtProfile', task ':path_provider_android:prepareLintJarForPublish', task ':path_provider_android:mergeDebugJavaResource', task ':path_provider_android:syncDebugLibJars', task ':path_provider_android:bundleDebugAar', task ':path_provider_android:assembleDebug', task ':share_plus:stripDebugDebugSymbols', task ':share_plus:copyDebugJniLibsProjectAndLocalJars', task ':share_plus:extractDebugAnnotations', task ':share_plus:extractDeepLinksForAarDebug', task ':share_plus:mergeDebugGeneratedProguardFiles', task ':share_plus:mergeDebugConsumerProguardFiles', task ':share_plus:prepareDebugArtProfile', task ':share_plus:prepareLintJarForPublish', task ':share_plus:mergeDebugJavaResource', task ':share_plus:syncDebugLibJars', task ':share_plus:bundleDebugAar', task ':share_plus:assembleDebug', task ':url_launcher_android:stripDebugDebugSymbols', task ':url_launcher_android:copyDebugJniLibsProjectAndLocalJars', task ':url_launcher_android:extractDebugAnnotations', task ':url_launcher_android:extractDeepLinksForAarDebug', task ':url_launcher_android:mergeDebugGeneratedProguardFiles', task ':url_launcher_android:mergeDebugConsumerProguardFiles', task ':url_launcher_android:prepareDebugArtProfile', task ':url_launcher_android:prepareLintJarForPublish', task ':url_launcher_android:mergeDebugJavaResource', task ':url_launcher_android:syncDebugLibJars', task ':url_launcher_android:bundleDebugAar', task ':url_launcher_android:assembleDebug', task ':webview_flutter_android:stripDebugDebugSymbols', task ':webview_flutter_android:copyDebugJniLibsProjectAndLocalJars', task ':webview_flutter_android:extractDebugAnnotations', task ':webview_flutter_android:extractDeepLinksForAarDebug', task ':webview_flutter_android:mergeDebugGeneratedProguardFiles', task ':webview_flutter_android:mergeDebugConsumerProguardFiles', task ':webview_flutter_android:prepareDebugArtProfile', task ':webview_flutter_android:prepareLintJarForPublish', task ':webview_flutter_android:mergeDebugJavaResource', task ':webview_flutter_android:syncDebugLibJars', task ':webview_flutter_android:bundleDebugAar', task ':webview_flutter_android:assembleDebug']
[   +1 ms] Tasks that were excluded: []
[        ] work action Parameters of IdentityTransform (Thread[#396,Execution worker Thread 2,5,main]) started.
[        ] work action Parameters of DexingNoClasspathTransform (Thread[#396,Execution worker Thread 2,5,main]) started.
[        ] work action Parameters of DexingOutputSplitTransform (Thread[#396,Execution worker Thread 2,5,main]) started.
[        ] work action Parameters of ClassesDirToClassesTransform (Thread[#396,Execution worker Thread 2,5,main]) started.
[        ] work action Parameters of DexingOutputSplitTransform (Thread[#396,Execution worker Thread 2,5,main]) started.
[        ] Resolve mutations for :app:DebugMinSdkCheck (Thread[#396,Execution worker Thread 2,5,main]) started.
[        ] :app:DebugMinSdkCheck (Thread[#396,Execution worker Thread 2,5,main]) started.
[        ] > Task :app:DebugMinSdkCheck
[        ] Caching disabled for task ':app:DebugMinSdkCheck' because:
[        ]   Build cache is disabled
[        ] Task ':app:DebugMinSdkCheck' is not up-to-date because:
[        ]   Task has not declared any outputs despite executing actions.
[        ] Resolve mutations for :app:preBuild (Thread[#396,Execution worker Thread 2,5,main]) started.
[        ] :app:preBuild (Thread[#396,Execution worker Thread 2,5,main]) started.
[        ] > Task :app:preBuild UP-TO-DATE
[        ] Skipping task ':app:preBuild' as it has no actions.
[        ] Resolve mutations for :app:preDebugBuild (Thread[#396,Execution worker Thread 2,5,main]) started.
[        ] :app:preDebugBuild (Thread[#396,Execution worker Thread 2,5,main]) started.
[        ] > Task :app:preDebugBuild UP-TO-DATE
[        ] Skipping task ':app:preDebugBuild' as it has no actions.
[        ] Resolve mutations for :app:mergeDebugNativeDebugMetadata (Thread[#396,Execution worker Thread 2,5,main]) started.
[        ] :app:mergeDebugNativeDebugMetadata (Thread[#396,Execution worker Thread 2,5,main]) started.
[        ] > Task :app:mergeDebugNativeDebugMetadata NO-SOURCE
[        ] Skipping task ':app:mergeDebugNativeDebugMetadata' as it has no source files and no previous output files.
[        ] Resolve mutations for :app:checkKotlinGradlePluginConfigurationErrors (Thread[#396,Execution worker Thread 2,5,main]) started.
[        ] :app:checkKotlinGradlePluginConfigurationErrors (Thread[#396,Execution worker Thread 2,5,main]) started.
[        ] > Task :app:checkKotlinGradlePluginConfigurationErrors SKIPPED
[        ] Skipping task ':app:checkKotlinGradlePluginConfigurationErrors' as task onlyIf 'errorDiagnostics are present' is false.
[        ] Resolve mutations for :app:compileFlutterBuildDebug (Thread[#396,Execution worker Thread 2,5,main]) started.
[        ] :app:compileFlutterBuildDebug (Thread[#396,Execution worker Thread 2,5,main]) started.
[+1988 ms] > Task :app:compileFlutterBuildDebug
[        ] Caching disabled for task ':app:compileFlutterBuildDebug' because:
[        ]   Build cache is disabled
[        ]   Caching has not been enabled for the task
[        ] Task ':app:compileFlutterBuildDebug' is not up-to-date because:
[        ]   Value of input property 'targetPlatformValues' has changed for task ':app:compileFlutterBuildDebug'
[        ]   Value of input property 'verbose' has changed for task ':app:compileFlutterBuildDebug'
[        ] Starting process 'command 'C:\Users\RDP\flutter\bin\flutter.bat''. Working directory: C:\Users\RDP\Desktop\flutter_app\test_app Command: C:\Users\RDP\flutter\bin\flutter.bat --verbose assemble --no-version-check --depfile C:\Users\RDP\Desktop\flutter_app\test_app\build\app\intermediates\flutter\debug/flutter_build.d --output C:\Users\RDP\Desktop\flutter_app\test_app\build\app\intermediates\flutter\debug -dTargetFile=lib\main.dart -dTargetPlatform=android -dBuildMode=debug -dTrackWidgetCreation=true --DartDefines=RkxVVFRFUl9WRVJTSU9OPTMuNDEuMQ==,RkxVVFRFUl9DSEFOTkVMPXN0YWJsZQ==,RkxVVFRFUl9HSVRfVVJMPWh0dHBzOi8vZ2l0aHViLmNvbS9mbHV0dGVyL2ZsdXR0ZXIuZ2l0,RkxVVFRFUl9GUkFNRVdPUktfUkVWSVNJT049NTgyYTBlN2M1NQ==,RkxVVFRFUl9FTkdJTkVfUkVWSVNJT049MzQ1MmQ3MzViZA==,RkxVVFRFUl9EQVJUX1ZFUlNJT049My4xMS4w -dFlavor= -dAndroidArchs=android-arm android-arm64 android-x64 -dMinSdkVersion=26 debug_android_application
[        ] Successfully started process 'command 'C:\Users\RDP\flutter\bin\flutter.bat''
[        ] [ +128 ms] Artifact Instance of 'MaterialFonts' is not required, skipping update.
[        ] [        ] Artifact Instance of 'GradleWrapper' is not required, skipping update.
[        ] [        ] Artifact Instance of 'AndroidGenSnapshotArtifacts' is not required, skipping update.
[        ] [        ] Artifact Instance of 'AndroidInternalBuildArtifacts' is not required, skipping update.
[        ] [        ] Artifact Instance of 'IOSEngineArtifacts' is not required, skipping update.
[        ] [        ] Artifact Instance of 'FlutterWebSdk' is not required, skipping update.
[        ] [   +1 ms] Artifact Instance of 'LegacyCanvasKitRemover' is not required, skipping update.
[        ] [        ] Artifact Instance of 'FlutterSdk' is not required, skipping update.
[        ] [        ] Artifact Instance of 'WindowsEngineArtifacts' is not required, skipping update.
[        ] [        ] Artifact Instance of 'MacOSEngineArtifacts' is not required, skipping update.
[        ] [        ] Artifact Instance of 'LinuxEngineArtifacts' is not required, skipping update.
[        ] [        ] Artifact Instance of 'LinuxFuchsiaSDKArtifacts' is not required, skipping update.
[        ] [        ] Artifact Instance of 'MacOSFuchsiaSDKArtifacts' is not required, skipping update.
[        ] [        ] Artifact Instance of 'FlutterRunnerSDKArtifacts' is not required, skipping update.
[        ] [        ] Artifact Instance of 'FlutterRunnerDebugSymbols' is not required, skipping update.
[        ] [        ] Artifact Instance of 'IosUsbArtifacts' is not required, skipping update.
[        ] [        ] Artifact Instance of 'IosUsbArtifacts' is not required, skipping update.
[        ] [        ] Artifact Instance of 'IosUsbArtifacts' is not required, skipping update.
[        ] [        ] Artifact Instance of 'IosUsbArtifacts' is not required, skipping update.
[        ] [        ] Artifact Instance of 'IosUsbArtifacts' is not required, skipping update.
[        ] [        ] Artifact Instance of 'IosUsbArtifacts' is not required, skipping update.
[        ] [        ] Artifact Instance of 'FontSubsetArtifacts' is not required, skipping update.
[        ] [        ] Artifact Instance of 'PubDependencies' is not required, skipping update.
[        ] [  +12 ms] Artifact Instance of 'AndroidGenSnapshotArtifacts' is not required, skipping update.
[        ] [        ] Artifact Instance of 'AndroidInternalBuildArtifacts' is not required, skipping update.
[        ] [        ] Artifact Instance of 'IOSEngineArtifacts' is not required, skipping update.
[        ] [        ] Artifact Instance of 'FlutterWebSdk' is not required, skipping update.
[        ] [        ] Artifact Instance of 'FlutterEngineStamp' is not required, skipping update.
[        ] [        ] Artifact Instance of 'LegacyCanvasKitRemover' is not required, skipping update.
[        ] [   +4 ms] Artifact Instance of 'WindowsEngineArtifacts' is not required, skipping update.
[        ] [        ] Artifact Instance of 'MacOSEngineArtifacts' is not required, skipping update.
[        ] [        ] Artifact Instance of 'LinuxEngineArtifacts' is not required, skipping update.
[        ] [        ] Artifact Instance of 'LinuxFuchsiaSDKArtifacts' is not required, skipping update.
[        ] [        ] Artifact Instance of 'MacOSFuchsiaSDKArtifacts' is not required, skipping update.
[        ] [        ] Artifact Instance of 'FlutterRunnerSDKArtifacts' is not required, skipping update.
[        ] [        ] Artifact Instance of 'FlutterRunnerDebugSymbols' is not required, skipping update.
[        ] [  +54 ms] Artifact Instance of 'MaterialFonts' is not required, skipping update.
[        ] [        ] Artifact Instance of 'GradleWrapper' is not required, skipping update.
[        ] [   +1 ms] Artifact Instance of 'AndroidInternalBuildArtifacts' is not required, skipping update.
[        ] [        ] Artifact Instance of 'IOSEngineArtifacts' is not required, skipping update.
[        ] [        ] Artifact Instance of 'FlutterWebSdk' is not required, skipping update.
[        ] [        ] Artifact Instance of 'FlutterEngineStamp' is not required, skipping update.
[        ] [        ] Artifact Instance of 'LegacyCanvasKitRemover' is not required, skipping update.
[        ] [        ] Artifact Instance of 'FlutterSdk' is not required, skipping update.
[        ] [        ] Artifact Instance of 'WindowsEngineArtifacts' is not required, skipping update.
[        ] [        ] Artifact Instance of 'MacOSEngineArtifacts' is not required, skipping update.
[        ] [        ] Artifact Instance of 'LinuxEngineArtifacts' is not required, skipping update.
[        ] [        ] Artifact Instance of 'LinuxFuchsiaSDKArtifacts' is not required, skipping update.
[        ] [        ] Artifact Instance of 'MacOSFuchsiaSDKArtifacts' is not required, skipping update.
[        ] [        ] Artifact Instance of 'FlutterRunnerSDKArtifacts' is not required, skipping update.
[        ] [        ] Artifact Instance of 'FlutterRunnerDebugSymbols' is not required, skipping update.
[        ] [        ] Artifact Instance of 'IosUsbArtifacts' is not required, skipping update.
[        ] [        ] Artifact Instance of 'IosUsbArtifacts' is not required, skipping update.
[        ] [        ] Artifact Instance of 'IosUsbArtifacts' is not required, skipping update.
[        ] [        ] Artifact Instance of 'IosUsbArtifacts' is not required, skipping update.
[        ] [        ] Artifact Instance of 'IosUsbArtifacts' is not required, skipping update.
[        ] [        ] Artifact Instance of 'IosUsbArtifacts' is not required, skipping update.
[        ] [        ] Artifact Instance of 'FontSubsetArtifacts' is not required, skipping update.
[        ] [        ] Artifact Instance of 'PubDependencies' is not required, skipping update.
[        ] [  +25 ms] Initializing file store
[        ] [  +21 ms] Done initializing file store
[        ] [  +76 ms] Skipping target: dart_build
[        ] [   +1 ms] Skipping target: gen_dart_plugin_registrant
[        ] [        ] Skipping target: install_code_assets
[        ] [        ] Skipping target: gen_localizations
[ +287 ms] [ +932 ms] Skipping target: kernel_snapshot_program
[ +600 ms] [ +629 ms] Skipping target: debug_android_application
[        ] [        ] Persisting file store
[        ] [  +18 ms] Done persisting file store
[        ] [  +30 ms] build succeeded.
[  +97 ms] [  +24 ms] "flutter assemble" took 1,838ms.
[        ] [  +45 ms] Running 1 shutdown hook
[        ] [   +1 ms] Shutdown hooks complete
[ +199 ms] [ +171 ms] exiting with code 0
[   +1 ms] Resolve mutations for :app:packJniLibsflutterBuildDebug (Thread[#396,Execution worker Thread 2,5,main]) started.
[        ] :app:packJniLibsflutterBuildDebug (Thread[#396,Execution worker Thread 2,5,main]) started.
[        ] > Task :app:packJniLibsflutterBuildDebug
[        ] Caching disabled for task ':app:packJniLibsflutterBuildDebug' because:
[        ]   Build cache is disabled
[        ]   Not worth caching
[        ] Task ':app:packJniLibsflutterBuildDebug' is not up-to-date because:
[        ]   Input property 'rootSpec$1$3.caseSensitive' has been added for task ':app:packJniLibsflutterBuildDebug'
[        ]   Input property 'rootSpec$1$3.destPath' has been added for task ':app:packJniLibsflutterBuildDebug'
[        ]   Input property 'rootSpec$1$3.dirPermissions' has been added for task ':app:packJniLibsflutterBuildDebug'
[        ]   and more...
[        ] file or directory 'C:\Users\RDP\Desktop\flutter_app\test_app\build\app\intermediates\flutter\debug\armeabi-v7a', not found
[        ] file or directory 'C:\Users\RDP\Desktop\flutter_app\test_app\build\native_assets\android\jniLibs\lib\armeabi-v7a', not found
[   +5 ms] file or directory 'C:\Users\RDP\Desktop\flutter_app\test_app\build\app\intermediates\flutter\debug\arm64-v8a', not found
[        ] file or directory 'C:\Users\RDP\Desktop\flutter_app\test_app\build\native_assets\android\jniLibs\lib\arm64-v8a', not found
[        ] file or directory 'C:\Users\RDP\Desktop\flutter_app\test_app\build\app\intermediates\flutter\debug\x86_64', not found
[        ] file or directory 'C:\Users\RDP\Desktop\flutter_app\test_app\build\native_assets\android\jniLibs\lib\x86_64', not found
[        ] Resolve mutations for :file_picker:preBuild (Thread[#396,Execution worker Thread 2,5,main]) started.
[        ] :file_picker:preBuild (Thread[#396,Execution worker Thread 2,5,main]) started.
[        ] > Task :file_picker:preBuild UP-TO-DATE
[        ] Skipping task ':file_picker:preBuild' as it has no actions.
[        ] Resolve mutations for :file_picker:preDebugBuild (Thread[#396,Execution worker Thread 2,5,main]) started.
[        ] :file_picker:preDebugBuild (Thread[#396,Execution worker Thread 2,5,main]) started.
[        ] > Task :file_picker:preDebugBuild UP-TO-DATE
[        ] Skipping task ':file_picker:preDebugBuild' as it has no actions.
[        ] Resolve mutations for :file_picker:writeDebugAarMetadata (Thread[#396,Execution worker Thread 2,5,main]) started.
[        ] :file_picker:writeDebugAarMetadata (Thread[#396,Execution worker Thread 2,5,main]) started.
[        ] > Task :file_picker:writeDebugAarMetadata UP-TO-DATE
[        ] Caching disabled for task ':file_picker:writeDebugAarMetadata' because:
[        ]   Build cache is disabled
[        ]   Caching has been disabled for the task
[        ] Skipping task ':file_picker:writeDebugAarMetadata' as it is up-to-date.
[        ] work action resolve aar-metadata.properties (project :file_picker) (Thread[#396,Execution worker Thread 2,5,main]) started.
[        ] Resolve mutations for :flutter_plugin_android_lifecycle:preBuild (Thread[#395,Execution worker,5,main]) started.
[        ] :flutter_plugin_android_lifecycle:preBuild (Thread[#395,Execution worker,5,main]) started.
[        ] > Task :flutter_plugin_android_lifecycle:preBuild UP-TO-DATE
[        ] Skipping task ':flutter_plugin_android_lifecycle:preBuild' as it has no actions.
[        ] Resolve mutations for :flutter_plugin_android_lifecycle:preDebugBuild (Thread[#395,Execution worker,5,main]) started.
[        ] :flutter_plugin_android_lifecycle:preDebugBuild (Thread[#395,Execution worker,5,main]) started.
[        ] > Task :flutter_plugin_android_lifecycle:preDebugBuild UP-TO-DATE
[        ] Skipping task ':flutter_plugin_android_lifecycle:preDebugBuild' as it has no actions.
[        ] Resolve mutations for :flutter_plugin_android_lifecycle:writeDebugAarMetadata (Thread[#395,Execution worker,5,main]) started.
[        ] :flutter_plugin_android_lifecycle:writeDebugAarMetadata (Thread[#395,Execution worker,5,main]) started.
[        ] > Task :flutter_plugin_android_lifecycle:writeDebugAarMetadata UP-TO-DATE
[        ] Caching disabled for task ':flutter_plugin_android_lifecycle:writeDebugAarMetadata' because:
[        ]   Build cache is disabled
[        ]   Caching has been disabled for the task
[        ] Skipping task ':flutter_plugin_android_lifecycle:writeDebugAarMetadata' as it is up-to-date.
[        ] work action resolve aar-metadata.properties (project :flutter_plugin_android_lifecycle) (Thread[#395,Execution worker,5,main]) started.
[        ] Resolve mutations for :local_auth_android:preBuild (Thread[#395,Execution worker,5,main]) started.
[        ] :local_auth_android:preBuild (Thread[#395,Execution worker,5,main]) started.
[        ] > Task :local_auth_android:preBuild UP-TO-DATE
[        ] Skipping task ':local_auth_android:preBuild' as it has no actions.
[        ] Resolve mutations for :local_auth_android:preDebugBuild (Thread[#395,Execution worker,5,main]) started.
[        ] :local_auth_android:preDebugBuild (Thread[#395,Execution worker,5,main]) started.
[        ] > Task :local_auth_android:preDebugBuild UP-TO-DATE
[        ] Skipping task ':local_auth_android:preDebugBuild' as it has no actions.
[        ] Resolve mutations for :local_auth_android:writeDebugAarMetadata (Thread[#395,Execution worker,5,main]) started.
[        ] :local_auth_android:writeDebugAarMetadata (Thread[#395,Execution worker,5,main]) started.
[        ] > Task :local_auth_android:writeDebugAarMetadata UP-TO-DATE
[        ] Caching disabled for task ':local_auth_android:writeDebugAarMetadata' because:
[        ]   Build cache is disabled
[        ]   Caching has been disabled for the task
[        ] Skipping task ':local_auth_android:writeDebugAarMetadata' as it is up-to-date.
[        ] work action resolve aar-metadata.properties (project :local_auth_android) (Thread[#395,Execution worker,5,main]) started.
[        ] Resolve mutations for :path_provider_android:preBuild (Thread[#397,Execution worker Thread 3,5,main]) started.
[        ] :path_provider_android:preBuild (Thread[#397,Execution worker Thread 3,5,main]) started.
[        ] > Task :path_provider_android:preBuild UP-TO-DATE
[        ] Skipping task ':path_provider_android:preBuild' as it has no actions.
[        ] Resolve mutations for :path_provider_android:preDebugBuild (Thread[#397,Execution worker Thread 3,5,main]) started.
[        ] :path_provider_android:preDebugBuild (Thread[#397,Execution worker Thread 3,5,main]) started.
[        ] > Task :path_provider_android:preDebugBuild UP-TO-DATE
[        ] Skipping task ':path_provider_android:preDebugBuild' as it has no actions.
[        ] Resolve mutations for :path_provider_android:writeDebugAarMetadata (Thread[#397,Execution worker Thread 3,5,main]) started.
[        ] :path_provider_android:writeDebugAarMetadata (Thread[#397,Execution worker Thread 3,5,main]) started.
[  +79 ms] > Task :path_provider_android:writeDebugAarMetadata UP-TO-DATE
[        ] Caching disabled for task ':path_provider_android:writeDebugAarMetadata' because:
[        ]   Build cache is disabled
[        ]   Caching has been disabled for the task
[        ] Skipping task ':path_provider_android:writeDebugAarMetadata' as it is up-to-date.
[        ] work action resolve aar-metadata.properties (project :path_provider_android) (Thread[#397,Execution worker Thread 3,5,main]) started.
[        ] Resolve mutations for :share_plus:preBuild (Thread[#397,Execution worker Thread 3,5,main]) started.
[        ] :share_plus:preBuild (Thread[#397,Execution worker Thread 3,5,main]) started.
[        ] > Task :share_plus:preBuild UP-TO-DATE
[        ] Skipping task ':share_plus:preBuild' as it has no actions.
[        ] Resolve mutations for :share_plus:preDebugBuild (Thread[#397,Execution worker Thread 3,5,main]) started.
[        ] :share_plus:preDebugBuild (Thread[#397,Execution worker Thread 3,5,main]) started.
[        ] > Task :share_plus:preDebugBuild UP-TO-DATE
[        ] Skipping task ':share_plus:preDebugBuild' as it has no actions.
[        ] Resolve mutations for :share_plus:writeDebugAarMetadata (Thread[#397,Execution worker Thread 3,5,main]) started.
[        ] :share_plus:writeDebugAarMetadata (Thread[#397,Execution worker Thread 3,5,main]) started.
[        ] > Task :share_plus:writeDebugAarMetadata UP-TO-DATE
[        ] Caching disabled for task ':share_plus:writeDebugAarMetadata' because:
[        ]   Build cache is disabled
[        ]   Caching has been disabled for the task
[        ] Skipping task ':share_plus:writeDebugAarMetadata' as it is up-to-date.
[        ] work action resolve aar-metadata.properties (project :share_plus) (Thread[#397,Execution worker Thread 3,5,main]) started.
[        ] Resolve mutations for :url_launcher_android:preBuild (Thread[#397,Execution worker Thread 3,5,main]) started.
[        ] :url_launcher_android:preBuild (Thread[#397,Execution worker Thread 3,5,main]) started.
[        ] > Task :url_launcher_android:preBuild UP-TO-DATE
[        ] Skipping task ':url_launcher_android:preBuild' as it has no actions.
[        ] Resolve mutations for :url_launcher_android:preDebugBuild (Thread[#397,Execution worker Thread 3,5,main]) started.
[        ] :url_launcher_android:preDebugBuild (Thread[#397,Execution worker Thread 3,5,main]) started.
[        ] > Task :url_launcher_android:preDebugBuild UP-TO-DATE
[        ] Skipping task ':url_launcher_android:preDebugBuild' as it has no actions.
[        ] Resolve mutations for :url_launcher_android:writeDebugAarMetadata (Thread[#397,Execution worker Thread 3,5,main]) started.
[        ] :url_launcher_android:writeDebugAarMetadata (Thread[#397,Execution worker Thread 3,5,main]) started.
[        ] > Task :url_launcher_android:writeDebugAarMetadata UP-TO-DATE
[        ] Caching disabled for task ':url_launcher_android:writeDebugAarMetadata' because:
[        ]   Build cache is disabled
[        ]   Caching has been disabled for the task
[        ] Skipping task ':url_launcher_android:writeDebugAarMetadata' as it is up-to-date.
[        ] work action resolve aar-metadata.properties (project :url_launcher_android) (Thread[#397,Execution worker Thread 3,5,main]) started.
[        ] Resolve mutations for :webview_flutter_android:preBuild (Thread[#397,Execution worker Thread 3,5,main]) started.
[        ] :webview_flutter_android:preBuild (Thread[#397,Execution worker Thread 3,5,main]) started.
[        ] > Task :webview_flutter_android:preBuild UP-TO-DATE
[        ] Skipping task ':webview_flutter_android:preBuild' as it has no actions.
[        ] Resolve mutations for :webview_flutter_android:preDebugBuild (Thread[#397,Execution worker Thread 3,5,main]) started.
[        ] :webview_flutter_android:preDebugBuild (Thread[#397,Execution worker Thread 3,5,main]) started.
[        ] > Task :webview_flutter_android:preDebugBuild UP-TO-DATE
[        ] Skipping task ':webview_flutter_android:preDebugBuild' as it has no actions.
[        ] Resolve mutations for :webview_flutter_android:writeDebugAarMetadata (Thread[#397,Execution worker Thread 3,5,main]) started.
[        ] :webview_flutter_android:writeDebugAarMetadata (Thread[#397,Execution worker Thread 3,5,main]) started.
[        ] > Task :webview_flutter_android:writeDebugAarMetadata UP-TO-DATE
[        ] Caching disabled for task ':webview_flutter_android:writeDebugAarMetadata' because:
[        ]   Build cache is disabled
[        ]   Caching has been disabled for the task
[        ] Skipping task ':webview_flutter_android:writeDebugAarMetadata' as it is up-to-date.
[        ] work action resolve aar-metadata.properties (project :webview_flutter_android) (Thread[#397,Execution worker Thread 3,5,main]) started.
[        ] Resolve mutations for :app:checkDebugAarMetadata (Thread[#397,Execution worker Thread 3,5,main]) started.
[        ] :app:checkDebugAarMetadata (Thread[#397,Execution worker Thread 3,5,main]) started.
[        ] > Task :app:checkDebugAarMetadata UP-TO-DATE
[        ] Caching disabled for task ':app:checkDebugAarMetadata' because:
[        ]   Build cache is disabled
[        ]   Caching has been disabled for the task
[        ] Skipping task ':app:checkDebugAarMetadata' as it is up-to-date.
[        ] Resolve mutations for :app:cleanMergeDebugAssets (Thread[#397,Execution worker Thread 3,5,main]) started.
[        ] :app:cleanMergeDebugAssets (Thread[#394,included builds,5,main]) started.
[  +88 ms] > Task :app:cleanMergeDebugAssets
[        ] Caching disabled for task ':app:cleanMergeDebugAssets' because:
[        ]   Build cache is disabled
[        ] Task ':app:cleanMergeDebugAssets' is not up-to-date because:
[        ]   Task has not declared any outputs despite executing actions.
[        ] Resolve mutations for :app:mergeDebugShaders (Thread[#394,included builds,5,main]) started.
[        ] :app:mergeDebugShaders (Thread[#394,included builds,5,main]) started.
[        ] > Task :app:mergeDebugShaders UP-TO-DATE
[        ] Caching disabled for task ':app:mergeDebugShaders' because:
[        ]   Build cache is disabled
[        ]   Simple merging task
[        ] Skipping task ':app:mergeDebugShaders' as it is up-to-date.
[        ] Resolve mutations for :app:compileDebugShaders (Thread[#394,included builds,5,main]) started.
[        ] :app:compileDebugShaders (Thread[#397,Execution worker Thread 3,5,main]) started.
[        ] > Task :app:compileDebugShaders NO-SOURCE
[        ] Skipping task ':app:compileDebugShaders' as it has no source files and no previous output files.
[        ] Resolve mutations for :app:generateDebugAssets (Thread[#397,Execution worker Thread 3,5,main]) started.
[        ] :app:generateDebugAssets (Thread[#397,Execution worker Thread 3,5,main]) started.
[        ] > Task :app:generateDebugAssets UP-TO-DATE
[        ] Skipping task ':app:generateDebugAssets' as it has no actions.
[        ] Resolve mutations for :file_picker:mergeDebugShaders (Thread[#397,Execution worker Thread 3,5,main]) started.
[        ] :file_picker:mergeDebugShaders (Thread[#397,Execution worker Thread 3,5,main]) started.
[        ] > Task :file_picker:mergeDebugShaders UP-TO-DATE
[        ] Caching disabled for task ':file_picker:mergeDebugShaders' because:
[        ]   Build cache is disabled
[        ]   Simple merging task
[        ] Skipping task ':file_picker:mergeDebugShaders' as it is up-to-date.
[        ] Resolve mutations for :file_picker:compileDebugShaders (Thread[#397,Execution worker Thread 3,5,main]) started.
[        ] :file_picker:compileDebugShaders (Thread[#397,Execution worker Thread 3,5,main]) started.
[        ] > Task :file_picker:compileDebugShaders NO-SOURCE
[        ] Skipping task ':file_picker:compileDebugShaders' as it has no source files and no previous output files.
[        ] Resolve mutations for :file_picker:generateDebugAssets (Thread[#397,Execution worker Thread 3,5,main]) started.
[        ] :file_picker:generateDebugAssets (Thread[#397,Execution worker Thread 3,5,main]) started.
[        ] > Task :file_picker:generateDebugAssets UP-TO-DATE
[        ] Skipping task ':file_picker:generateDebugAssets' as it has no actions.
[        ] Resolve mutations for :file_picker:mergeDebugAssets (Thread[#397,Execution worker Thread 3,5,main]) started.
[        ] :file_picker:mergeDebugAssets (Thread[#397,Execution worker Thread 3,5,main]) started.
[        ] > Task :file_picker:mergeDebugAssets UP-TO-DATE
[        ] Caching disabled for task ':file_picker:mergeDebugAssets' because:
[        ]   Build cache is disabled
[        ]   Simple merging task
[        ] Skipping task ':file_picker:mergeDebugAssets' as it is up-to-date.
[        ] work action resolve mergeDebugAssets (project :file_picker) (Thread[#397,Execution worker Thread 3,5,main]) started.
[        ] Resolve mutations for :flutter_plugin_android_lifecycle:mergeDebugShaders (Thread[#395,Execution worker,5,main]) started.
[        ] :flutter_plugin_android_lifecycle:mergeDebugShaders (Thread[#395,Execution worker,5,main]) started.
[        ] > Task :flutter_plugin_android_lifecycle:mergeDebugShaders UP-TO-DATE
[        ] Caching disabled for task ':flutter_plugin_android_lifecycle:mergeDebugShaders' because:
[        ]   Build cache is disabled
[        ]   Simple merging task
[        ] Skipping task ':flutter_plugin_android_lifecycle:mergeDebugShaders' as it is up-to-date.
[        ] Resolve mutations for :flutter_plugin_android_lifecycle:compileDebugShaders (Thread[#395,Execution worker,5,main]) started.
[        ] :flutter_plugin_android_lifecycle:compileDebugShaders (Thread[#395,Execution worker,5,main]) started.
[        ] > Task :flutter_plugin_android_lifecycle:compileDebugShaders NO-SOURCE
[        ] Skipping task ':flutter_plugin_android_lifecycle:compileDebugShaders' as it has no source files and no previous output files.
[        ] Resolve mutations for :flutter_plugin_android_lifecycle:generateDebugAssets (Thread[#395,Execution worker,5,main]) started.
[        ] :flutter_plugin_android_lifecycle:generateDebugAssets (Thread[#396,Execution worker Thread 2,5,main]) started.
[        ] > Task :flutter_plugin_android_lifecycle:generateDebugAssets UP-TO-DATE
[        ] Skipping task ':flutter_plugin_android_lifecycle:generateDebugAssets' as it has no actions.
[        ] Resolve mutations for :flutter_plugin_android_lifecycle:mergeDebugAssets (Thread[#396,Execution worker Thread 2,5,main]) started.
[        ] :flutter_plugin_android_lifecycle:mergeDebugAssets (Thread[#396,Execution worker Thread 2,5,main]) started.
[        ] > Task :flutter_plugin_android_lifecycle:mergeDebugAssets UP-TO-DATE
[        ] Caching disabled for task ':flutter_plugin_android_lifecycle:mergeDebugAssets' because:
[        ]   Build cache is disabled
[        ]   Simple merging task
[        ] Skipping task ':flutter_plugin_android_lifecycle:mergeDebugAssets' as it is up-to-date.
[        ] work action resolve mergeDebugAssets (project :flutter_plugin_android_lifecycle) (Thread[#396,Execution worker Thread 2,5,main]) started.
[        ] Resolve mutations for :local_auth_android:mergeDebugShaders (Thread[#396,Execution worker Thread 2,5,main]) started.
[        ] :local_auth_android:mergeDebugShaders (Thread[#396,Execution worker Thread 2,5,main]) started.
[        ] > Task :local_auth_android:mergeDebugShaders UP-TO-DATE
[        ] Caching disabled for task ':local_auth_android:mergeDebugShaders' because:
[        ]   Build cache is disabled
[        ]   Simple merging task
[        ] Skipping task ':local_auth_android:mergeDebugShaders' as it is up-to-date.
[        ] Resolve mutations for :local_auth_android:compileDebugShaders (Thread[#396,Execution worker Thread 2,5,main]) started.
[        ] :local_auth_android:compileDebugShaders (Thread[#396,Execution worker Thread 2,5,main]) started.
[        ] > Task :local_auth_android:compileDebugShaders NO-SOURCE
[        ] Skipping task ':local_auth_android:compileDebugShaders' as it has no source files and no previous output files.
[        ] Resolve mutations for :local_auth_android:generateDebugAssets (Thread[#396,Execution worker Thread 2,5,main]) started.
[        ] :local_auth_android:generateDebugAssets (Thread[#396,Execution worker Thread 2,5,main]) started.
[        ] > Task :local_auth_android:generateDebugAssets UP-TO-DATE
[        ] Skipping task ':local_auth_android:generateDebugAssets' as it has no actions.
[        ] Resolve mutations for :local_auth_android:mergeDebugAssets (Thread[#396,Execution worker Thread 2,5,main]) started.
[        ] :local_auth_android:mergeDebugAssets (Thread[#396,Execution worker Thread 2,5,main]) started.
[        ] > Task :local_auth_android:mergeDebugAssets UP-TO-DATE
[        ] Caching disabled for task ':local_auth_android:mergeDebugAssets' because:
[        ]   Build cache is disabled
[        ]   Simple merging task
[        ] Skipping task ':local_auth_android:mergeDebugAssets' as it is up-to-date.
[        ] work action resolve mergeDebugAssets (project :local_auth_android) (Thread[#396,Execution worker Thread 2,5,main]) started.
[        ] Resolve mutations for :path_provider_android:mergeDebugShaders (Thread[#396,Execution worker Thread 2,5,main]) started.
[        ] :path_provider_android:mergeDebugShaders (Thread[#396,Execution worker Thread 2,5,main]) started.
[        ] > Task :path_provider_android:mergeDebugShaders UP-TO-DATE
[        ] Caching disabled for task ':path_provider_android:mergeDebugShaders' because:
[        ]   Build cache is disabled
[        ]   Simple merging task
[        ] Skipping task ':path_provider_android:mergeDebugShaders' as it is up-to-date.
[        ] Resolve mutations for :path_provider_android:compileDebugShaders (Thread[#396,Execution worker Thread 2,5,main]) started.
[        ] :path_provider_android:compileDebugShaders (Thread[#396,Execution worker Thread 2,5,main]) started.
[        ] > Task :path_provider_android:compileDebugShaders NO-SOURCE
[        ] Skipping task ':path_provider_android:compileDebugShaders' as it has no source files and no previous output files.
[        ] Resolve mutations for :path_provider_android:generateDebugAssets (Thread[#396,Execution worker Thread 2,5,main]) started.
[        ] :path_provider_android:generateDebugAssets (Thread[#396,Execution worker Thread 2,5,main]) started.
[        ] > Task :path_provider_android:generateDebugAssets UP-TO-DATE
[        ] Skipping task ':path_provider_android:generateDebugAssets' as it has no actions.
[        ] Resolve mutations for :path_provider_android:mergeDebugAssets (Thread[#396,Execution worker Thread 2,5,main]) started.
[        ] :path_provider_android:mergeDebugAssets (Thread[#396,Execution worker Thread 2,5,main]) started.
[        ] > Task :path_provider_android:mergeDebugAssets UP-TO-DATE
[        ] Caching disabled for task ':path_provider_android:mergeDebugAssets' because:
[        ]   Build cache is disabled
[        ]   Simple merging task
[        ] Skipping task ':path_provider_android:mergeDebugAssets' as it is up-to-date.
[        ] work action resolve mergeDebugAssets (project :path_provider_android) (Thread[#396,Execution worker Thread 2,5,main]) started.
[        ] Resolve mutations for :share_plus:mergeDebugShaders (Thread[#396,Execution worker Thread 2,5,main]) started.
[        ] :share_plus:mergeDebugShaders (Thread[#396,Execution worker Thread 2,5,main]) started.
[        ] > Task :share_plus:mergeDebugShaders UP-TO-DATE
[        ] Caching disabled for task ':share_plus:mergeDebugShaders' because:
[        ]   Build cache is disabled
[        ]   Simple merging task
[        ] Skipping task ':share_plus:mergeDebugShaders' as it is up-to-date.
[        ] Resolve mutations for :share_plus:compileDebugShaders (Thread[#396,Execution worker Thread 2,5,main]) started.
[        ] :share_plus:compileDebugShaders (Thread[#396,Execution worker Thread 2,5,main]) started.
[        ] > Task :share_plus:compileDebugShaders NO-SOURCE
[        ] Skipping task ':share_plus:compileDebugShaders' as it has no source files and no previous output files.
[        ] Resolve mutations for :share_plus:generateDebugAssets (Thread[#396,Execution worker Thread 2,5,main]) started.
[        ] :share_plus:generateDebugAssets (Thread[#396,Execution worker Thread 2,5,main]) started.
[        ] > Task :share_plus:generateDebugAssets UP-TO-DATE
[        ] Skipping task ':share_plus:generateDebugAssets' as it has no actions.
[        ] Resolve mutations for :share_plus:mergeDebugAssets (Thread[#396,Execution worker Thread 2,5,main]) started.
[        ] :share_plus:mergeDebugAssets (Thread[#396,Execution worker Thread 2,5,main]) started.
[        ] > Task :share_plus:mergeDebugAssets UP-TO-DATE
[        ] Caching disabled for task ':share_plus:mergeDebugAssets' because:
[        ]   Build cache is disabled
[        ]   Simple merging task
[        ] Skipping task ':share_plus:mergeDebugAssets' as it is up-to-date.
[        ] work action resolve mergeDebugAssets (project :share_plus) (Thread[#396,Execution worker Thread 2,5,main]) started.
[        ] Resolve mutations for :url_launcher_android:mergeDebugShaders (Thread[#396,Execution worker Thread 2,5,main]) started.
[        ] :url_launcher_android:mergeDebugShaders (Thread[#396,Execution worker Thread 2,5,main]) started.
[        ] > Task :url_launcher_android:mergeDebugShaders UP-TO-DATE
[        ] Caching disabled for task ':url_launcher_android:mergeDebugShaders' because:
[        ]   Build cache is disabled
[        ]   Simple merging task
[        ] Skipping task ':url_launcher_android:mergeDebugShaders' as it is up-to-date.
[        ] Resolve mutations for :url_launcher_android:compileDebugShaders (Thread[#396,Execution worker Thread 2,5,main]) started.
[        ] :url_launcher_android:compileDebugShaders (Thread[#396,Execution worker Thread 2,5,main]) started.
[        ] > Task :url_launcher_android:compileDebugShaders NO-SOURCE
[        ] Skipping task ':url_launcher_android:compileDebugShaders' as it has no source files and no previous output files.
[        ] Resolve mutations for :url_launcher_android:generateDebugAssets (Thread[#396,Execution worker Thread 2,5,main]) started.
[        ] :url_launcher_android:generateDebugAssets (Thread[#394,included builds,5,main]) started.
[        ] > Task :url_launcher_android:generateDebugAssets UP-TO-DATE
[        ] Skipping task ':url_launcher_android:generateDebugAssets' as it has no actions.
[        ] Resolve mutations for :url_launcher_android:mergeDebugAssets (Thread[#394,included builds,5,main]) started.
[        ] :url_launcher_android:mergeDebugAssets (Thread[#394,included builds,5,main]) started.
[        ] > Task :url_launcher_android:mergeDebugAssets UP-TO-DATE
[        ] Caching disabled for task ':url_launcher_android:mergeDebugAssets' because:
[        ]   Build cache is disabled
[        ]   Simple merging task
[        ] Skipping task ':url_launcher_android:mergeDebugAssets' as it is up-to-date.
[        ] work action resolve mergeDebugAssets (project :url_launcher_android) (Thread[#394,included builds,5,main]) started.
[        ] Resolve mutations for :webview_flutter_android:mergeDebugShaders (Thread[#394,included builds,5,main]) started.
[        ] :webview_flutter_android:mergeDebugShaders (Thread[#394,included builds,5,main]) started.
[        ] > Task :webview_flutter_android:mergeDebugShaders UP-TO-DATE
[        ] Caching disabled for task ':webview_flutter_android:mergeDebugShaders' because:
[        ]   Build cache is disabled
[        ]   Simple merging task
[        ] Skipping task ':webview_flutter_android:mergeDebugShaders' as it is up-to-date.
[        ] Resolve mutations for :webview_flutter_android:compileDebugShaders (Thread[#394,included builds,5,main]) started.
[        ] :webview_flutter_android:compileDebugShaders (Thread[#394,included builds,5,main]) started.
[        ] > Task :webview_flutter_android:compileDebugShaders NO-SOURCE
[        ] Skipping task ':webview_flutter_android:compileDebugShaders' as it has no source files and no previous output files.
[        ] Resolve mutations for :webview_flutter_android:generateDebugAssets (Thread[#394,included builds,5,main]) started.
[        ] :webview_flutter_android:generateDebugAssets (Thread[#394,included builds,5,main]) started.
[        ] > Task :webview_flutter_android:generateDebugAssets UP-TO-DATE
[        ] Skipping task ':webview_flutter_android:generateDebugAssets' as it has no actions.
[        ] Resolve mutations for :webview_flutter_android:mergeDebugAssets (Thread[#394,included builds,5,main]) started.
[        ] :webview_flutter_android:mergeDebugAssets (Thread[#394,included builds,5,main]) started.
[        ] > Task :webview_flutter_android:mergeDebugAssets UP-TO-DATE
[        ] Caching disabled for task ':webview_flutter_android:mergeDebugAssets' because:
[        ]   Build cache is disabled
[        ]   Simple merging task
[        ] Skipping task ':webview_flutter_android:mergeDebugAssets' as it is up-to-date.
[        ] work action resolve mergeDebugAssets (project :webview_flutter_android) (Thread[#394,included builds,5,main]) started.
[        ] Resolve mutations for :app:mergeDebugAssets (Thread[#394,included builds,5,main]) started.
[        ] :app:mergeDebugAssets (Thread[#394,included builds,5,main]) started.
[        ] > Task :app:mergeDebugAssets
[        ] Caching disabled for task ':app:mergeDebugAssets' because:
[        ]   Build cache is disabled
[        ]   Simple merging task
[        ] Task ':app:mergeDebugAssets' is not up-to-date because:
[        ]   Output property 'outputDir' file C:\Users\RDP\Desktop\flutter_app\test_app\build\app\intermediates\assets\debug\mergeDebugAssets has been removed.
[        ] The input changes require a full rebuild for incremental task ':app:mergeDebugAssets'.
[        ] Resolve mutations for :app:copyFlutterAssetsDebug (Thread[#394,included builds,5,main]) started.
[        ] :app:copyFlutterAssetsDebug (Thread[#394,included builds,5,main]) started.
[ +769 ms] > Task :app:copyFlutterAssetsDebug
[        ] Caching disabled for task ':app:copyFlutterAssetsDebug' because:
[   +1 ms]   Build cache is disabled
[        ]   Not worth caching
[        ] Task ':app:copyFlutterAssetsDebug' is not up-to-date because:
[        ]   Output property 'destinationDir' file C:\Users\RDP\Desktop\flutter_app\test_app\build\app\intermediates\assets\debug\mergeDebugAssets\flutter_assets has been removed.
[        ]   Output property 'destinationDir' file C:\Users\RDP\Desktop\flutter_app\test_app\build\app\intermediates\assets\debug\mergeDebugAssets\flutter_assets\AssetManifest.bin has been removed.
[        ]   Output property 'destinationDir' file C:\Users\RDP\Desktop\flutter_app\test_app\build\app\intermediates\assets\debug\mergeDebugAssets\flutter_assets\FontManifest.json has been removed.
[        ]   and more...
[        ] Resolve mutations for :app:generateDebugResValues (Thread[#394,included builds,5,main]) started.
[   +1 ms] :app:generateDebugResValues (Thread[#394,included builds,5,main]) started.
[   +1 ms] > Task :app:generateDebugResValues UP-TO-DATE
[        ] Caching disabled for task ':app:generateDebugResValues' because:
[        ]   Build cache is disabled
[        ] Skipping task ':app:generateDebugResValues' as it is up-to-date.
[        ] Resolve mutations for :file_picker:generateDebugResValues (Thread[#394,included builds,5,main]) started.
[        ] :file_picker:generateDebugResValues (Thread[#394,included builds,5,main]) started.
[        ] > Task :file_picker:generateDebugResValues UP-TO-DATE
[        ] Caching disabled for task ':file_picker:generateDebugResValues' because:
[        ]   Build cache is disabled
[        ] Skipping task ':file_picker:generateDebugResValues' as it is up-to-date.
[        ] Resolve mutations for :file_picker:generateDebugResources (Thread[#394,included builds,5,main]) started.
[        ] :file_picker:generateDebugResources (Thread[#394,included builds,5,main]) started.
[        ] > Task :file_picker:generateDebugResources UP-TO-DATE
[        ] Caching disabled for task ':file_picker:generateDebugResources' because:
[        ]   Build cache is disabled
[        ] Skipping task ':file_picker:generateDebugResources' as it is up-to-date.
[        ] Resolve mutations for :file_picker:packageDebugResources (Thread[#394,included builds,5,main]) started.
[        ] :file_picker:packageDebugResources (Thread[#394,included builds,5,main]) started.
[   +6 ms] > Task :file_picker:packageDebugResources UP-TO-DATE
[        ] Caching disabled for task ':file_picker:packageDebugResources' because:
[        ]   Build cache is disabled
[        ] Skipping task ':file_picker:packageDebugResources' as it is up-to-date.
[        ] work action resolve packageDebugResources (project :file_picker) (Thread[#394,included builds,5,main]) started.
[        ] Resolve mutations for :flutter_plugin_android_lifecycle:generateDebugResValues (Thread[#394,included builds,5,main]) started.
[        ] :flutter_plugin_android_lifecycle:generateDebugResValues (Thread[#394,included builds,5,main]) started.
[        ] > Task :flutter_plugin_android_lifecycle:generateDebugResValues UP-TO-DATE
[        ] Caching disabled for task ':flutter_plugin_android_lifecycle:generateDebugResValues' because:
[        ]   Build cache is disabled
[        ] Skipping task ':flutter_plugin_android_lifecycle:generateDebugResValues' as it is up-to-date.
[   +1 ms] Resolve mutations for :flutter_plugin_android_lifecycle:generateDebugResources (Thread[#394,included builds,5,main]) started.
[        ] :flutter_plugin_android_lifecycle:generateDebugResources (Thread[#394,included builds,5,main]) started.
[        ] > Task :flutter_plugin_android_lifecycle:generateDebugResources UP-TO-DATE
[        ] Caching disabled for task ':flutter_plugin_android_lifecycle:generateDebugResources' because:
[        ]   Build cache is disabled
[        ] Skipping task ':flutter_plugin_android_lifecycle:generateDebugResources' as it is up-to-date.
[        ] Resolve mutations for :flutter_plugin_android_lifecycle:packageDebugResources (Thread[#394,included builds,5,main]) started.
[        ] :flutter_plugin_android_lifecycle:packageDebugResources (Thread[#395,Execution worker,5,main]) started.
[        ] > Task :flutter_plugin_android_lifecycle:packageDebugResources UP-TO-DATE
[        ] Caching disabled for task ':flutter_plugin_android_lifecycle:packageDebugResources' because:
[        ]   Build cache is disabled
[        ] Skipping task ':flutter_plugin_android_lifecycle:packageDebugResources' as it is up-to-date.
[        ] work action resolve packageDebugResources (project :flutter_plugin_android_lifecycle) (Thread[#395,Execution worker,5,main]) started.
[        ] Resolve mutations for :local_auth_android:generateDebugResValues (Thread[#395,Execution worker,5,main]) started.
[        ] :local_auth_android:generateDebugResValues (Thread[#397,Execution worker Thread 3,5,main]) started.
[        ] > Task :local_auth_android:generateDebugResValues UP-TO-DATE
[        ] Caching disabled for task ':local_auth_android:generateDebugResValues' because:
[        ]   Build cache is disabled
[        ] Skipping task ':local_auth_android:generateDebugResValues' as it is up-to-date.
[        ] Resolve mutations for :local_auth_android:generateDebugResources (Thread[#397,Execution worker Thread 3,5,main]) started.
[        ] :local_auth_android:generateDebugResources (Thread[#397,Execution worker Thread 3,5,main]) started.
[        ] > Task :local_auth_android:generateDebugResources UP-TO-DATE
[        ] Caching disabled for task ':local_auth_android:generateDebugResources' because:
[        ]   Build cache is disabled
[        ] Skipping task ':local_auth_android:generateDebugResources' as it is up-to-date.
[        ] Resolve mutations for :local_auth_android:packageDebugResources (Thread[#397,Execution worker Thread 3,5,main]) started.
[        ] :local_auth_android:packageDebugResources (Thread[#397,Execution worker Thread 3,5,main]) started.
[        ] > Task :local_auth_android:packageDebugResources UP-TO-DATE
[        ] Caching disabled for task ':local_auth_android:packageDebugResources' because:
[        ]   Build cache is disabled
[        ] Skipping task ':local_auth_android:packageDebugResources' as it is up-to-date.
[        ] work action resolve packageDebugResources (project :local_auth_android) (Thread[#397,Execution worker Thread 3,5,main]) started.
[        ] Resolve mutations for :path_provider_android:generateDebugResValues (Thread[#397,Execution worker Thread 3,5,main]) started.
[        ] :path_provider_android:generateDebugResValues (Thread[#397,Execution worker Thread 3,5,main]) started.
[        ] > Task :path_provider_android:generateDebugResValues UP-TO-DATE
[        ] Caching disabled for task ':path_provider_android:generateDebugResValues' because:
[        ]   Build cache is disabled
[        ] Skipping task ':path_provider_android:generateDebugResValues' as it is up-to-date.
[        ] Resolve mutations for :path_provider_android:generateDebugResources (Thread[#397,Execution worker Thread 3,5,main]) started.
[        ] :path_provider_android:generateDebugResources (Thread[#397,Execution worker Thread 3,5,main]) started.
[        ] > Task :path_provider_android:generateDebugResources UP-TO-DATE
[        ] Caching disabled for task ':path_provider_android:generateDebugResources' because:
[        ]   Build cache is disabled
[        ] Skipping task ':path_provider_android:generateDebugResources' as it is up-to-date.
[        ] Resolve mutations for :path_provider_android:packageDebugResources (Thread[#397,Execution worker Thread 3,5,main]) started.
[        ] :path_provider_android:packageDebugResources (Thread[#397,Execution worker Thread 3,5,main]) started.
[        ] > Task :path_provider_android:packageDebugResources UP-TO-DATE
[        ] Caching disabled for task ':path_provider_android:packageDebugResources' because:
[        ]   Build cache is disabled
[        ] Skipping task ':path_provider_android:packageDebugResources' as it is up-to-date.
[        ] work action resolve packageDebugResources (project :path_provider_android) (Thread[#397,Execution worker Thread 3,5,main]) started.
[        ] Resolve mutations for :share_plus:generateDebugResValues (Thread[#397,Execution worker Thread 3,5,main]) started.
[        ] :share_plus:generateDebugResValues (Thread[#397,Execution worker Thread 3,5,main]) started.
[        ] > Task :share_plus:generateDebugResValues UP-TO-DATE
[        ] Caching disabled for task ':share_plus:generateDebugResValues' because:
[        ]   Build cache is disabled
[        ] Skipping task ':share_plus:generateDebugResValues' as it is up-to-date.
[        ] Resolve mutations for :share_plus:generateDebugResources (Thread[#397,Execution worker Thread 3,5,main]) started.
[        ] :share_plus:generateDebugResources (Thread[#397,Execution worker Thread 3,5,main]) started.
[        ] > Task :share_plus:generateDebugResources UP-TO-DATE
[        ] Caching disabled for task ':share_plus:generateDebugResources' because:
[        ]   Build cache is disabled
[        ] Skipping task ':share_plus:generateDebugResources' as it is up-to-date.
[        ] Resolve mutations for :share_plus:packageDebugResources (Thread[#397,Execution worker Thread 3,5,main]) started.
[        ] :share_plus:packageDebugResources (Thread[#397,Execution worker Thread 3,5,main]) started.
[  +64 ms] > Task :share_plus:packageDebugResources UP-TO-DATE
[        ] Caching disabled for task ':share_plus:packageDebugResources' because:
[        ]   Build cache is disabled
[        ] Skipping task ':share_plus:packageDebugResources' as it is up-to-date.
[        ] work action resolve packageDebugResources (project :share_plus) (Thread[#397,Execution worker Thread 3,5,main]) started.
[        ] Resolve mutations for :url_launcher_android:generateDebugResValues (Thread[#397,Execution worker Thread 3,5,main]) started.
[        ] :url_launcher_android:generateDebugResValues (Thread[#397,Execution worker Thread 3,5,main]) started.
[        ] > Task :url_launcher_android:generateDebugResValues UP-TO-DATE
[        ] Caching disabled for task ':url_launcher_android:generateDebugResValues' because:
[        ]   Build cache is disabled
[        ] Skipping task ':url_launcher_android:generateDebugResValues' as it is up-to-date.
[        ] Resolve mutations for :url_launcher_android:generateDebugResources (Thread[#397,Execution worker Thread 3,5,main]) started.
[        ] :url_launcher_android:generateDebugResources (Thread[#397,Execution worker Thread 3,5,main]) started.
[        ] > Task :url_launcher_android:generateDebugResources UP-TO-DATE
[        ] Caching disabled for task ':url_launcher_android:generateDebugResources' because:
[        ]   Build cache is disabled
[        ] Skipping task ':url_launcher_android:generateDebugResources' as it is up-to-date.
[        ] Resolve mutations for :url_launcher_android:packageDebugResources (Thread[#397,Execution worker Thread 3,5,main]) started.
[        ] :url_launcher_android:packageDebugResources (Thread[#397,Execution worker Thread 3,5,main]) started.
[        ] > Task :url_launcher_android:packageDebugResources UP-TO-DATE
[        ] Caching disabled for task ':url_launcher_android:packageDebugResources' because:
[        ]   Build cache is disabled
[        ] Skipping task ':url_launcher_android:packageDebugResources' as it is up-to-date.
[        ] work action resolve packageDebugResources (project :url_launcher_android) (Thread[#397,Execution worker Thread 3,5,main]) started.
[        ] Resolve mutations for :webview_flutter_android:generateDebugResValues (Thread[#394,included builds,5,main]) started.
[        ] :webview_flutter_android:generateDebugResValues (Thread[#394,included builds,5,main]) started.
[        ] > Task :webview_flutter_android:generateDebugResValues UP-TO-DATE
[        ] Caching disabled for task ':webview_flutter_android:generateDebugResValues' because:
[        ]   Build cache is disabled
[        ] Skipping task ':webview_flutter_android:generateDebugResValues' as it is up-to-date.
[        ] Resolve mutations for :webview_flutter_android:generateDebugResources (Thread[#394,included builds,5,main]) started.
[        ] :webview_flutter_android:generateDebugResources (Thread[#394,included builds,5,main]) started.
[        ] > Task :webview_flutter_android:generateDebugResources UP-TO-DATE
[        ] Caching disabled for task ':webview_flutter_android:generateDebugResources' because:
[        ]   Build cache is disabled
[        ] Skipping task ':webview_flutter_android:generateDebugResources' as it is up-to-date.
[        ] Resolve mutations for :webview_flutter_android:packageDebugResources (Thread[#394,included builds,5,main]) started.
[        ] :webview_flutter_android:packageDebugResources (Thread[#394,included builds,5,main]) started.
[        ] > Task :webview_flutter_android:packageDebugResources UP-TO-DATE
[        ] Caching disabled for task ':webview_flutter_android:packageDebugResources' because:
[        ]   Build cache is disabled
[        ] Skipping task ':webview_flutter_android:packageDebugResources' as it is up-to-date.
[        ] work action resolve packageDebugResources (project :webview_flutter_android) (Thread[#394,included builds,5,main]) started.
[        ] Resolve mutations for :app:mapDebugSourceSetPaths (Thread[#394,included builds,5,main]) started.
[        ] :app:mapDebugSourceSetPaths (Thread[#394,included builds,5,main]) started.
[        ] > Task :app:mapDebugSourceSetPaths UP-TO-DATE
[        ] Caching disabled for task ':app:mapDebugSourceSetPaths' because:
[        ]   Build cache is disabled
[        ]   Caching has been disabled for the task
[        ] Skipping task ':app:mapDebugSourceSetPaths' as it is up-to-date.
[        ] Resolve mutations for :app:generateDebugResources (Thread[#394,included builds,5,main]) started.
[        ] :app:generateDebugResources (Thread[#394,included builds,5,main]) started.
[        ] > Task :app:generateDebugResources UP-TO-DATE
[        ] Caching disabled for task ':app:generateDebugResources' because:
[        ]   Build cache is disabled
[        ] Skipping task ':app:generateDebugResources' as it is up-to-date.
[        ] Resolve mutations for :app:mergeDebugResources (Thread[#394,included builds,5,main]) started.
[        ] :app:mergeDebugResources (Thread[#394,included builds,5,main]) started.
[        ] > Task :app:mergeDebugResources UP-TO-DATE
[        ] Caching disabled for task ':app:mergeDebugResources' because:
[        ]   Build cache is disabled
[        ] Skipping task ':app:mergeDebugResources' as it is up-to-date.
[        ] Resolve mutations for :app:packageDebugResources (Thread[#394,included builds,5,main]) started.
[        ] :app:packageDebugResources (Thread[#394,included builds,5,main]) started.
[        ] > Task :app:packageDebugResources UP-TO-DATE
[        ] Caching disabled for task ':app:packageDebugResources' because:
[        ]   Build cache is disabled
[        ] Skipping task ':app:packageDebugResources' as it is up-to-date.
[        ] Resolve mutations for :app:parseDebugLocalResources (Thread[#394,included builds,5,main]) started.
[        ] :app:parseDebugLocalResources (Thread[#394,included builds,5,main]) started.
[        ] > Task :app:parseDebugLocalResources UP-TO-DATE
[        ] Caching disabled for task ':app:parseDebugLocalResources' because:
[        ]   Build cache is disabled
[        ] Skipping task ':app:parseDebugLocalResources' as it is up-to-date.
[        ] Resolve mutations for :app:createDebugCompatibleScreenManifests (Thread[#394,included builds,5,main]) started.
[        ] :app:createDebugCompatibleScreenManifests (Thread[#394,included builds,5,main]) started.
[        ] > Task :app:createDebugCompatibleScreenManifests UP-TO-DATE
[        ] Caching disabled for task ':app:createDebugCompatibleScreenManifests' because:
[        ]   Build cache is disabled
[        ]   Caching has been disabled for the task
[        ] Skipping task ':app:createDebugCompatibleScreenManifests' as it is up-to-date.
[        ] Resolve mutations for :app:extractDeepLinksDebug (Thread[#394,included builds,5,main]) started.
[        ] :app:extractDeepLinksDebug (Thread[#394,included builds,5,main]) started.
[        ] > Task :app:extractDeepLinksDebug UP-TO-DATE
[        ] Caching disabled for task ':app:extractDeepLinksDebug' because:
[        ]   Build cache is disabled
[        ] Skipping task ':app:extractDeepLinksDebug' as it is up-to-date.
[        ] Resolve mutations for :file_picker:extractDeepLinksDebug (Thread[#394,included builds,5,main]) started.
[        ] :file_picker:extractDeepLinksDebug (Thread[#394,included builds,5,main]) started.
[        ] > Task :file_picker:extractDeepLinksDebug UP-TO-DATE
[        ] Caching disabled for task ':file_picker:extractDeepLinksDebug' because:
[        ]   Build cache is disabled
[        ] Skipping task ':file_picker:extractDeepLinksDebug' as it is up-to-date.
[        ] work action resolve navigation.json (project :file_picker) (Thread[#394,included builds,5,main]) started.
[        ] Resolve mutations for :file_picker:processDebugManifest (Thread[#394,included builds,5,main]) started.
[        ] :file_picker:processDebugManifest (Thread[#394,included builds,5,main]) started.
[        ] > Task :file_picker:processDebugManifest UP-TO-DATE
[        ] Caching disabled for task ':file_picker:processDebugManifest' because:
[        ]   Build cache is disabled
[        ] Skipping task ':file_picker:processDebugManifest' as it is up-to-date.
[        ] work action resolve AndroidManifest.xml (project :file_picker) (Thread[#394,included builds,5,main]) started.
[        ] Resolve mutations for :flutter_plugin_android_lifecycle:extractDeepLinksDebug (Thread[#394,included builds,5,main]) started.
[        ] :flutter_plugin_android_lifecycle:extractDeepLinksDebug (Thread[#394,included builds,5,main]) started.
[        ] > Task :flutter_plugin_android_lifecycle:extractDeepLinksDebug UP-TO-DATE
[        ] Caching disabled for task ':flutter_plugin_android_lifecycle:extractDeepLinksDebug' because:
[        ]   Build cache is disabled
[        ] Skipping task ':flutter_plugin_android_lifecycle:extractDeepLinksDebug' as it is up-to-date.
[        ] work action resolve navigation.json (project :flutter_plugin_android_lifecycle) (Thread[#394,included builds,5,main]) started.
[        ] Resolve mutations for :flutter_plugin_android_lifecycle:processDebugManifest (Thread[#394,included builds,5,main]) started.
[        ] :flutter_plugin_android_lifecycle:processDebugManifest (Thread[#394,included builds,5,main]) started.
[        ] > Task :flutter_plugin_android_lifecycle:processDebugManifest UP-TO-DATE
[        ] Caching disabled for task ':flutter_plugin_android_lifecycle:processDebugManifest' because:
[        ]   Build cache is disabled
[        ] Skipping task ':flutter_plugin_android_lifecycle:processDebugManifest' as it is up-to-date.
[        ] work action resolve AndroidManifest.xml (project :flutter_plugin_android_lifecycle) (Thread[#394,included builds,5,main]) started.
[        ] Resolve mutations for :local_auth_android:extractDeepLinksDebug (Thread[#395,Execution worker,5,main]) started.
[        ] :local_auth_android:extractDeepLinksDebug (Thread[#395,Execution worker,5,main]) started.
[        ] > Task :local_auth_android:extractDeepLinksDebug UP-TO-DATE
[        ] Caching disabled for task ':local_auth_android:extractDeepLinksDebug' because:
[        ]   Build cache is disabled
[        ] Skipping task ':local_auth_android:extractDeepLinksDebug' as it is up-to-date.
[        ] work action resolve navigation.json (project :local_auth_android) (Thread[#395,Execution worker,5,main]) started.
[        ] Resolve mutations for :local_auth_android:processDebugManifest (Thread[#395,Execution worker,5,main]) started.
[        ] :local_auth_android:processDebugManifest (Thread[#395,Execution worker,5,main]) started.
[        ] > Task :local_auth_android:processDebugManifest UP-TO-DATE
[        ] Caching disabled for task ':local_auth_android:processDebugManifest' because:
[        ]   Build cache is disabled
[        ] Skipping task ':local_auth_android:processDebugManifest' as it is up-to-date.
[        ] work action resolve AndroidManifest.xml (project :local_auth_android) (Thread[#395,Execution worker,5,main]) started.
[        ] Resolve mutations for :path_provider_android:extractDeepLinksDebug (Thread[#395,Execution worker,5,main]) started.
[        ] :path_provider_android:extractDeepLinksDebug (Thread[#394,included builds,5,main]) started.
[        ] > Task :path_provider_android:extractDeepLinksDebug UP-TO-DATE
[        ] Caching disabled for task ':path_provider_android:extractDeepLinksDebug' because:
[        ]   Build cache is disabled
[        ] Skipping task ':path_provider_android:extractDeepLinksDebug' as it is up-to-date.
[        ] work action resolve navigation.json (project :path_provider_android) (Thread[#394,included builds,5,main]) started.
[        ] Resolve mutations for :path_provider_android:processDebugManifest (Thread[#394,included builds,5,main]) started.
[        ] :path_provider_android:processDebugManifest (Thread[#394,included builds,5,main]) started.
[        ] > Task :path_provider_android:processDebugManifest UP-TO-DATE
[        ] Caching disabled for task ':path_provider_android:processDebugManifest' because:
[        ]   Build cache is disabled
[        ] Skipping task ':path_provider_android:processDebugManifest' as it is up-to-date.
[        ] work action resolve AndroidManifest.xml (project :path_provider_android) (Thread[#394,included builds,5,main]) started.
[        ] Resolve mutations for :share_plus:extractDeepLinksDebug (Thread[#394,included builds,5,main]) started.
[        ] :share_plus:extractDeepLinksDebug (Thread[#394,included builds,5,main]) started.
[        ] > Task :share_plus:extractDeepLinksDebug UP-TO-DATE
[        ] Caching disabled for task ':share_plus:extractDeepLinksDebug' because:
[        ]   Build cache is disabled
[        ] Skipping task ':share_plus:extractDeepLinksDebug' as it is up-to-date.
[        ] work action resolve navigation.json (project :share_plus) (Thread[#394,included builds,5,main]) started.
[        ] Resolve mutations for :share_plus:processDebugManifest (Thread[#394,included builds,5,main]) started.
[        ] :share_plus:processDebugManifest (Thread[#394,included builds,5,main]) started.
[        ] > Task :share_plus:processDebugManifest UP-TO-DATE
[        ] Caching disabled for task ':share_plus:processDebugManifest' because:
[        ]   Build cache is disabled
[        ] Skipping task ':share_plus:processDebugManifest' as it is up-to-date.
[        ] work action resolve AndroidManifest.xml (project :share_plus) (Thread[#394,included builds,5,main]) started.
[        ] Resolve mutations for :url_launcher_android:extractDeepLinksDebug (Thread[#394,included builds,5,main]) started.
[        ] :url_launcher_android:extractDeepLinksDebug (Thread[#394,included builds,5,main]) started.
[        ] > Task :url_launcher_android:extractDeepLinksDebug UP-TO-DATE
[        ] Caching disabled for task ':url_launcher_android:extractDeepLinksDebug' because:
[        ]   Build cache is disabled
[        ] Skipping task ':url_launcher_android:extractDeepLinksDebug' as it is up-to-date.
[        ] work action resolve navigation.json (project :url_launcher_android) (Thread[#397,Execution worker Thread 3,5,main]) started.
[        ] Resolve mutations for :url_launcher_android:processDebugManifest (Thread[#397,Execution worker Thread 3,5,main]) started.
[        ] :url_launcher_android:processDebugManifest (Thread[#397,Execution worker Thread 3,5,main]) started.
[        ] > Task :url_launcher_android:processDebugManifest UP-TO-DATE
[        ] Caching disabled for task ':url_launcher_android:processDebugManifest' because:
[        ]   Build cache is disabled
[        ] Skipping task ':url_launcher_android:processDebugManifest' as it is up-to-date.
[        ] work action resolve AndroidManifest.xml (project :url_launcher_android) (Thread[#397,Execution worker Thread 3,5,main]) started.
[        ] Resolve mutations for :webview_flutter_android:extractDeepLinksDebug (Thread[#397,Execution worker Thread 3,5,main]) started.
[        ] :webview_flutter_android:extractDeepLinksDebug (Thread[#397,Execution worker Thread 3,5,main]) started.
[        ] > Task :webview_flutter_android:extractDeepLinksDebug UP-TO-DATE
[        ] Caching disabled for task ':webview_flutter_android:extractDeepLinksDebug' because:
[        ]   Build cache is disabled
[        ] Skipping task ':webview_flutter_android:extractDeepLinksDebug' as it is up-to-date.
[        ] work action resolve navigation.json (project :webview_flutter_android) (Thread[#397,Execution worker Thread 3,5,main]) started.
[        ] Resolve mutations for :webview_flutter_android:processDebugManifest (Thread[#397,Execution worker Thread 3,5,main]) started.
[        ] :webview_flutter_android:processDebugManifest (Thread[#397,Execution worker Thread 3,5,main]) started.
[        ] > Task :webview_flutter_android:processDebugManifest UP-TO-DATE
[        ] Caching disabled for task ':webview_flutter_android:processDebugManifest' because:
[        ]   Build cache is disabled
[        ] Skipping task ':webview_flutter_android:processDebugManifest' as it is up-to-date.
[        ] work action resolve AndroidManifest.xml (project :webview_flutter_android) (Thread[#397,Execution worker Thread 3,5,main]) started.
[        ] Resolve mutations for :app:processDebugMainManifest (Thread[#397,Execution worker Thread 3,5,main]) started.
[        ] :app:processDebugMainManifest (Thread[#397,Execution worker Thread 3,5,main]) started.
[  +70 ms] > Task :app:processDebugMainManifest UP-TO-DATE
[        ] Caching disabled for task ':app:processDebugMainManifest' because:
[        ]   Build cache is disabled
[        ] Skipping task ':app:processDebugMainManifest' as it is up-to-date.
[        ] Resolve mutations for :app:outputDebugAppLinkSettings (Thread[#397,Execution worker Thread 3,5,main]) started.
[        ] :app:outputDebugAppLinkSettings (Thread[#397,Execution worker Thread 3,5,main]) started.
[        ] > Task :app:outputDebugAppLinkSettings UP-TO-DATE
[        ] Caching disabled for task ':app:outputDebugAppLinkSettings' because:
[        ]   Build cache is disabled
[        ]   Caching has not been enabled for the task
[        ] Skipping task ':app:outputDebugAppLinkSettings' as it is up-to-date.
[        ] Resolve mutations for :app:processDebugManifest (Thread[#397,Execution worker Thread 3,5,main]) started.
[        ] :app:processDebugManifest (Thread[#397,Execution worker Thread 3,5,main]) started.
[        ] > Task :app:processDebugManifest UP-TO-DATE
[        ] Caching disabled for task ':app:processDebugManifest' because:
[        ]   Build cache is disabled
[        ] Skipping task ':app:processDebugManifest' as it is up-to-date.
[        ] Resolve mutations for :app:processDebugManifestForPackage (Thread[#397,Execution worker Thread 3,5,main]) started.
[        ] :app:processDebugManifestForPackage (Thread[#397,Execution worker Thread 3,5,main]) started.
[   +1 ms] > Task :app:processDebugManifestForPackage UP-TO-DATE
[        ] Custom actions are attached to task ':app:processDebugManifestForPackage'.
[        ] Caching disabled for task ':app:processDebugManifestForPackage' because:
[        ]   Build cache is disabled
[        ] Skipping task ':app:processDebugManifestForPackage' as it is up-to-date.
[        ] Resolve mutations for :file_picker:compileDebugLibraryResources (Thread[#397,Execution worker Thread 3,5,main]) started.
[        ] :file_picker:compileDebugLibraryResources (Thread[#397,Execution worker Thread 3,5,main]) started.
[        ] > Task :file_picker:compileDebugLibraryResources UP-TO-DATE
[        ] Caching disabled for task ':file_picker:compileDebugLibraryResources' because:
[        ]   Build cache is disabled
[        ] Skipping task ':file_picker:compileDebugLibraryResources' as it is up-to-date.
[        ] work action resolve out (project :file_picker) (Thread[#397,Execution worker Thread 3,5,main]) started.
[        ] Resolve mutations for :file_picker:parseDebugLocalResources (Thread[#397,Execution worker Thread 3,5,main]) started.
[        ] :file_picker:parseDebugLocalResources (Thread[#395,Execution worker,5,main]) started.
[        ] > Task :file_picker:parseDebugLocalResources UP-TO-DATE
[        ] Caching disabled for task ':file_picker:parseDebugLocalResources' because:
[        ]   Build cache is disabled
[        ] Skipping task ':file_picker:parseDebugLocalResources' as it is up-to-date.
[        ] Resolve mutations for :file_picker:generateDebugRFile (Thread[#395,Execution worker,5,main]) started.
[        ] :file_picker:generateDebugRFile (Thread[#395,Execution worker,5,main]) started.
[        ] > Task :file_picker:generateDebugRFile UP-TO-DATE
[        ] Caching disabled for task ':file_picker:generateDebugRFile' because:
[        ]   Build cache is disabled
[        ] Skipping task ':file_picker:generateDebugRFile' as it is up-to-date.
[        ] work action resolve package-aware-r.txt (project :file_picker) (Thread[#395,Execution worker,5,main]) started.
[        ] Resolve mutations for :flutter_plugin_android_lifecycle:compileDebugLibraryResources (Thread[#397,Execution worker Thread 3,5,main]) started.
[        ] :flutter_plugin_android_lifecycle:compileDebugLibraryResources (Thread[#397,Execution worker Thread 3,5,main]) started.
[        ] > Task :flutter_plugin_android_lifecycle:compileDebugLibraryResources UP-TO-DATE
[        ] Caching disabled for task ':flutter_plugin_android_lifecycle:compileDebugLibraryResources' because:
[        ]   Build cache is disabled
[        ] Skipping task ':flutter_plugin_android_lifecycle:compileDebugLibraryResources' as it is up-to-date.
[        ] work action resolve out (project :flutter_plugin_android_lifecycle) (Thread[#397,Execution worker Thread 3,5,main]) started.
[        ] Resolve mutations for :flutter_plugin_android_lifecycle:parseDebugLocalResources (Thread[#396,Execution worker Thread 2,5,main]) started.
[        ] :flutter_plugin_android_lifecycle:parseDebugLocalResources (Thread[#397,Execution worker Thread 3,5,main]) started.
[        ] > Task :flutter_plugin_android_lifecycle:parseDebugLocalResources UP-TO-DATE
[        ] Caching disabled for task ':flutter_plugin_android_lifecycle:parseDebugLocalResources' because:
[        ]   Build cache is disabled
[        ] Skipping task ':flutter_plugin_android_lifecycle:parseDebugLocalResources' as it is up-to-date.
[        ] Resolve mutations for :flutter_plugin_android_lifecycle:generateDebugRFile (Thread[#397,Execution worker Thread 3,5,main]) started.
[        ] :flutter_plugin_android_lifecycle:generateDebugRFile (Thread[#397,Execution worker Thread 3,5,main]) started.
[        ] > Task :flutter_plugin_android_lifecycle:generateDebugRFile UP-TO-DATE
[        ] Caching disabled for task ':flutter_plugin_android_lifecycle:generateDebugRFile' because:
[        ]   Build cache is disabled
[        ] Skipping task ':flutter_plugin_android_lifecycle:generateDebugRFile' as it is up-to-date.
[        ] work action resolve package-aware-r.txt (project :flutter_plugin_android_lifecycle) (Thread[#397,Execution worker Thread 3,5,main]) started.
[        ] Resolve mutations for :local_auth_android:compileDebugLibraryResources (Thread[#397,Execution worker Thread 3,5,main]) started.
[        ] :local_auth_android:compileDebugLibraryResources (Thread[#396,Execution worker Thread 2,5,main]) started.
[        ] > Task :local_auth_android:compileDebugLibraryResources UP-TO-DATE
[        ] Caching disabled for task ':local_auth_android:compileDebugLibraryResources' because:
[        ]   Build cache is disabled
[        ] Skipping task ':local_auth_android:compileDebugLibraryResources' as it is up-to-date.
[        ] work action resolve out (project :local_auth_android) (Thread[#396,Execution worker Thread 2,5,main]) started.
[        ] Resolve mutations for :local_auth_android:parseDebugLocalResources (Thread[#395,Execution worker,5,main]) started.
[        ] :local_auth_android:parseDebugLocalResources (Thread[#395,Execution worker,5,main]) started.
[        ] > Task :local_auth_android:parseDebugLocalResources UP-TO-DATE
[        ] Caching disabled for task ':local_auth_android:parseDebugLocalResources' because:
[        ]   Build cache is disabled
[        ] Skipping task ':local_auth_android:parseDebugLocalResources' as it is up-to-date.
[        ] Resolve mutations for :local_auth_android:generateDebugRFile (Thread[#395,Execution worker,5,main]) started.
[        ] :local_auth_android:generateDebugRFile (Thread[#395,Execution worker,5,main]) started.
[        ] > Task :local_auth_android:generateDebugRFile UP-TO-DATE
[        ] Caching disabled for task ':local_auth_android:generateDebugRFile' because:
[        ]   Build cache is disabled
[        ] Skipping task ':local_auth_android:generateDebugRFile' as it is up-to-date.
[        ] work action resolve package-aware-r.txt (project :local_auth_android) (Thread[#395,Execution worker,5,main]) started.
[        ] Resolve mutations for :path_provider_android:compileDebugLibraryResources (Thread[#395,Execution worker,5,main]) started.
[        ] :path_provider_android:compileDebugLibraryResources (Thread[#395,Execution worker,5,main]) started.
[        ] > Task :path_provider_android:compileDebugLibraryResources UP-TO-DATE
[        ] Caching disabled for task ':path_provider_android:compileDebugLibraryResources' because:
[        ]   Build cache is disabled
[        ] Skipping task ':path_provider_android:compileDebugLibraryResources' as it is up-to-date.
[        ] work action resolve out (project :path_provider_android) (Thread[#395,Execution worker,5,main]) started.
[        ] Resolve mutations for :path_provider_android:parseDebugLocalResources (Thread[#395,Execution worker,5,main]) started.
[        ] :path_provider_android:parseDebugLocalResources (Thread[#395,Execution worker,5,main]) started.
[        ] > Task :path_provider_android:parseDebugLocalResources UP-TO-DATE
[        ] Caching disabled for task ':path_provider_android:parseDebugLocalResources' because:
[        ]   Build cache is disabled
[        ] Skipping task ':path_provider_android:parseDebugLocalResources' as it is up-to-date.
[        ] Resolve mutations for :path_provider_android:generateDebugRFile (Thread[#395,Execution worker,5,main]) started.
[        ] :path_provider_android:generateDebugRFile (Thread[#395,Execution worker,5,main]) started.
[        ] > Task :path_provider_android:generateDebugRFile UP-TO-DATE
[        ] Caching disabled for task ':path_provider_android:generateDebugRFile' because:
[        ]   Build cache is disabled
[        ] Skipping task ':path_provider_android:generateDebugRFile' as it is up-to-date.
[        ] work action resolve package-aware-r.txt (project :path_provider_android) (Thread[#396,Execution worker Thread 2,5,main]) started.
[        ] Resolve mutations for :share_plus:compileDebugLibraryResources (Thread[#396,Execution worker Thread 2,5,main]) started.
[        ] :share_plus:compileDebugLibraryResources (Thread[#396,Execution worker Thread 2,5,main]) started.
[        ] > Task :share_plus:compileDebugLibraryResources UP-TO-DATE
[        ] Caching disabled for task ':share_plus:compileDebugLibraryResources' because:
[        ]   Build cache is disabled
[        ] Skipping task ':share_plus:compileDebugLibraryResources' as it is up-to-date.
[        ] work action resolve out (project :share_plus) (Thread[#396,Execution worker Thread 2,5,main]) started.
[        ] Resolve mutations for :share_plus:parseDebugLocalResources (Thread[#396,Execution worker Thread 2,5,main]) started.
[        ] :share_plus:parseDebugLocalResources (Thread[#396,Execution worker Thread 2,5,main]) started.
[        ] > Task :share_plus:parseDebugLocalResources UP-TO-DATE
[        ] Caching disabled for task ':share_plus:parseDebugLocalResources' because:
[        ]   Build cache is disabled
[        ] Skipping task ':share_plus:parseDebugLocalResources' as it is up-to-date.
[        ] Resolve mutations for :share_plus:generateDebugRFile (Thread[#396,Execution worker Thread 2,5,main]) started.
[        ] :share_plus:generateDebugRFile (Thread[#396,Execution worker Thread 2,5,main]) started.
[        ] > Task :share_plus:generateDebugRFile UP-TO-DATE
[        ] Caching disabled for task ':share_plus:generateDebugRFile' because:
[        ]   Build cache is disabled
[        ] Skipping task ':share_plus:generateDebugRFile' as it is up-to-date.
[        ] work action resolve package-aware-r.txt (project :share_plus) (Thread[#396,Execution worker Thread 2,5,main]) started.
[        ] Resolve mutations for :url_launcher_android:compileDebugLibraryResources (Thread[#396,Execution worker Thread 2,5,main]) started.
[        ] :url_launcher_android:compileDebugLibraryResources (Thread[#396,Execution worker Thread 2,5,main]) started.
[        ] > Task :url_launcher_android:compileDebugLibraryResources UP-TO-DATE
[        ] Caching disabled for task ':url_launcher_android:compileDebugLibraryResources' because:
[        ]   Build cache is disabled
[        ] Skipping task ':url_launcher_android:compileDebugLibraryResources' as it is up-to-date.
[        ] work action resolve out (project :url_launcher_android) (Thread[#396,Execution worker Thread 2,5,main]) started.
[        ] Resolve mutations for :url_launcher_android:parseDebugLocalResources (Thread[#396,Execution worker Thread 2,5,main]) started.
[        ] :url_launcher_android:parseDebugLocalResources (Thread[#396,Execution worker Thread 2,5,main]) started.
[        ] > Task :url_launcher_android:parseDebugLocalResources UP-TO-DATE
[        ] Caching disabled for task ':url_launcher_android:parseDebugLocalResources' because:
[        ]   Build cache is disabled
[        ] Skipping task ':url_launcher_android:parseDebugLocalResources' as it is up-to-date.
[        ] Resolve mutations for :url_launcher_android:generateDebugRFile (Thread[#396,Execution worker Thread 2,5,main]) started.
[        ] :url_launcher_android:generateDebugRFile (Thread[#396,Execution worker Thread 2,5,main]) started.
[        ] > Task :url_launcher_android:generateDebugRFile UP-TO-DATE
[        ] Caching disabled for task ':url_launcher_android:generateDebugRFile' because:
[        ]   Build cache is disabled
[        ] Skipping task ':url_launcher_android:generateDebugRFile' as it is up-to-date.
[        ] work action resolve package-aware-r.txt (project :url_launcher_android) (Thread[#396,Execution worker Thread 2,5,main]) started.
[        ] Resolve mutations for :webview_flutter_android:compileDebugLibraryResources (Thread[#396,Execution worker Thread 2,5,main]) started.
[        ] :webview_flutter_android:compileDebugLibraryResources (Thread[#396,Execution worker Thread 2,5,main]) started.
[        ] > Task :webview_flutter_android:compileDebugLibraryResources UP-TO-DATE
[        ] Caching disabled for task ':webview_flutter_android:compileDebugLibraryResources' because:
[   +1 ms]   Build cache is disabled
[        ] Skipping task ':webview_flutter_android:compileDebugLibraryResources' as it is up-to-date.
[        ] work action resolve out (project :webview_flutter_android) (Thread[#396,Execution worker Thread 2,5,main]) started.
[        ] Resolve mutations for :webview_flutter_android:parseDebugLocalResources (Thread[#394,included builds,5,main]) started.
[        ] :webview_flutter_android:parseDebugLocalResources (Thread[#394,included builds,5,main]) started.
[        ] > Task :webview_flutter_android:parseDebugLocalResources UP-TO-DATE
[        ] Caching disabled for task ':webview_flutter_android:parseDebugLocalResources' because:
[        ]   Build cache is disabled
[        ] Skipping task ':webview_flutter_android:parseDebugLocalResources' as it is up-to-date.
[        ] Resolve mutations for :webview_flutter_android:generateDebugRFile (Thread[#394,included builds,5,main]) started.
[        ] :webview_flutter_android:generateDebugRFile (Thread[#394,included builds,5,main]) started.
[  +80 ms] > Task :webview_flutter_android:generateDebugRFile UP-TO-DATE
[   +1 ms] Caching disabled for task ':webview_flutter_android:generateDebugRFile' because:
[        ]   Build cache is disabled
[        ] Skipping task ':webview_flutter_android:generateDebugRFile' as it is up-to-date.
[        ] work action resolve package-aware-r.txt (project :webview_flutter_android) (Thread[#394,included builds,5,main]) started.
[        ] Resolve mutations for :app:processDebugResources (Thread[#394,included builds,5,main]) started.
[        ] :app:processDebugResources (Thread[#394,included builds,5,main]) started.
[        ] > Task :app:processDebugResources UP-TO-DATE
[        ] Caching disabled for task ':app:processDebugResources' because:
[        ]   Build cache is disabled
[        ] Skipping task ':app:processDebugResources' as it is up-to-date.
[        ] Resolve mutations for :file_picker:javaPreCompileDebug (Thread[#394,included builds,5,main]) started.
[        ] :file_picker:javaPreCompileDebug (Thread[#394,included builds,5,main]) started.
[        ] > Task :file_picker:javaPreCompileDebug UP-TO-DATE
[        ] Caching disabled for task ':file_picker:javaPreCompileDebug' because:
[        ]   Build cache is disabled
[        ] Skipping task ':file_picker:javaPreCompileDebug' as it is up-to-date.
[   +1 ms] Resolve mutations for :flutter_plugin_android_lifecycle:javaPreCompileDebug (Thread[#394,included builds,5,main]) started.
[   +1 ms] :flutter_plugin_android_lifecycle:javaPreCompileDebug (Thread[#394,included builds,5,main]) started.
[        ] > Task :flutter_plugin_android_lifecycle:javaPreCompileDebug UP-TO-DATE
[        ] Caching disabled for task ':flutter_plugin_android_lifecycle:javaPreCompileDebug' because:
[        ]   Build cache is disabled
[        ] Skipping task ':flutter_plugin_android_lifecycle:javaPreCompileDebug' as it is up-to-date.
[        ] Resolve mutations for :flutter_plugin_android_lifecycle:compileDebugJavaWithJavac (Thread[#394,included builds,5,main]) started.
[        ] :flutter_plugin_android_lifecycle:compileDebugJavaWithJavac (Thread[#394,included builds,5,main]) started.
[        ] > Task :flutter_plugin_android_lifecycle:compileDebugJavaWithJavac UP-TO-DATE
[        ] Custom actions are attached to task ':flutter_plugin_android_lifecycle:compileDebugJavaWithJavac'.
[        ] Caching disabled for task ':flutter_plugin_android_lifecycle:compileDebugJavaWithJavac' because:
[        ]   Build cache is disabled
[        ] Skipping task ':flutter_plugin_android_lifecycle:compileDebugJavaWithJavac' as it is up-to-date.
[        ] No compile result for :flutter_plugin_android_lifecycle:compileDebugJavaWithJavac
[        ] No compile result for :flutter_plugin_android_lifecycle:compileDebugJavaWithJavac
[        ] Resolve mutations for :flutter_plugin_android_lifecycle:bundleLibCompileToJarDebug (Thread[#394,included builds,5,main]) started.
[        ] :flutter_plugin_android_lifecycle:bundleLibCompileToJarDebug (Thread[#394,included builds,5,main]) started.
[        ] > Task :flutter_plugin_android_lifecycle:bundleLibCompileToJarDebug UP-TO-DATE
[        ] Caching disabled for task ':flutter_plugin_android_lifecycle:bundleLibCompileToJarDebug' because:
[        ]   Build cache is disabled
[        ]   Simple merging task
[        ] Skipping task ':flutter_plugin_android_lifecycle:bundleLibCompileToJarDebug' as it is up-to-date.
[        ] work action resolve classes.jar (project :flutter_plugin_android_lifecycle) (Thread[#394,included builds,5,main]) started.
[        ] Resolve mutations for :file_picker:compileDebugJavaWithJavac (Thread[#394,included builds,5,main]) started.
[        ] :file_picker:compileDebugJavaWithJavac (Thread[#394,included builds,5,main]) started.
[ +201 ms] > Task :file_picker:compileDebugJavaWithJavac UP-TO-DATE
[        ] Custom actions are attached to task ':file_picker:compileDebugJavaWithJavac'.
[        ] Caching disabled for task ':file_picker:compileDebugJavaWithJavac' because:
[        ]   Build cache is disabled
[        ] Skipping task ':file_picker:compileDebugJavaWithJavac' as it is up-to-date.
[        ] No compile result for :file_picker:compileDebugJavaWithJavac
[  +16 ms] No compile result for :file_picker:compileDebugJavaWithJavac
[        ] Resolve mutations for :file_picker:bundleLibCompileToJarDebug (Thread[#396,Execution worker Thread 2,5,main]) started.
[        ] :file_picker:bundleLibCompileToJarDebug (Thread[#396,Execution worker Thread 2,5,main]) started.
[        ] > Task :file_picker:bundleLibCompileToJarDebug UP-TO-DATE
[        ] Caching disabled for task ':file_picker:bundleLibCompileToJarDebug' because:
[        ]   Build cache is disabled
[        ]   Simple merging task
[        ] Skipping task ':file_picker:bundleLibCompileToJarDebug' as it is up-to-date.
[        ] work action resolve classes.jar (project :file_picker) (Thread[#396,Execution worker Thread 2,5,main]) started.
[        ] Resolve mutations for :local_auth_android:javaPreCompileDebug (Thread[#396,Execution worker Thread 2,5,main]) started.
[        ] :local_auth_android:javaPreCompileDebug (Thread[#396,Execution worker Thread 2,5,main]) started.
[        ] > Task :local_auth_android:javaPreCompileDebug UP-TO-DATE
[        ] Caching disabled for task ':local_auth_android:javaPreCompileDebug' because:
[        ]   Build cache is disabled
[        ] Skipping task ':local_auth_android:javaPreCompileDebug' as it is up-to-date.
[        ] Resolve mutations for :local_auth_android:compileDebugJavaWithJavac (Thread[#396,Execution worker Thread 2,5,main]) started.
[        ] :local_auth_android:compileDebugJavaWithJavac (Thread[#396,Execution worker Thread 2,5,main]) started.
[        ] > Task :local_auth_android:compileDebugJavaWithJavac UP-TO-DATE
[        ] Custom actions are attached to task ':local_auth_android:compileDebugJavaWithJavac'.
[        ] Caching disabled for task ':local_auth_android:compileDebugJavaWithJavac' because:
[        ]   Build cache is disabled
[        ] Skipping task ':local_auth_android:compileDebugJavaWithJavac' as it is up-to-date.
[        ] No compile result for :local_auth_android:compileDebugJavaWithJavac
[        ] No compile result for :local_auth_android:compileDebugJavaWithJavac
[        ] Resolve mutations for :local_auth_android:bundleLibCompileToJarDebug (Thread[#394,included builds,5,main]) started.
[        ] :local_auth_android:bundleLibCompileToJarDebug (Thread[#394,included builds,5,main]) started.
[        ] > Task :local_auth_android:bundleLibCompileToJarDebug UP-TO-DATE
[        ] Caching disabled for task ':local_auth_android:bundleLibCompileToJarDebug' because:
[        ]   Build cache is disabled
[        ]   Simple merging task
[        ] Skipping task ':local_auth_android:bundleLibCompileToJarDebug' as it is up-to-date.
[   +1 ms] work action resolve classes.jar (project :local_auth_android) (Thread[#394,included builds,5,main]) started.
[        ] Resolve mutations for :path_provider_android:javaPreCompileDebug (Thread[#394,included builds,5,main]) started.
[        ] :path_provider_android:javaPreCompileDebug (Thread[#394,included builds,5,main]) started.
[        ] > Task :path_provider_android:javaPreCompileDebug UP-TO-DATE
[        ] Caching disabled for task ':path_provider_android:javaPreCompileDebug' because:
[        ]   Build cache is disabled
[        ] Skipping task ':path_provider_android:javaPreCompileDebug' as it is up-to-date.
[        ] Resolve mutations for :path_provider_android:compileDebugJavaWithJavac (Thread[#394,included builds,5,main]) started.
[        ] :path_provider_android:compileDebugJavaWithJavac (Thread[#394,included builds,5,main]) started.
[        ] > Task :path_provider_android:compileDebugJavaWithJavac UP-TO-DATE
[        ] Custom actions are attached to task ':path_provider_android:compileDebugJavaWithJavac'.
[        ] Caching disabled for task ':path_provider_android:compileDebugJavaWithJavac' because:
[        ]   Build cache is disabled
[        ] Skipping task ':path_provider_android:compileDebugJavaWithJavac' as it is up-to-date.
[        ] No compile result for :path_provider_android:compileDebugJavaWithJavac
[        ] No compile result for :path_provider_android:compileDebugJavaWithJavac
[        ] Resolve mutations for :path_provider_android:bundleLibCompileToJarDebug (Thread[#394,included builds,5,main]) started.
[        ] :path_provider_android:bundleLibCompileToJarDebug (Thread[#394,included builds,5,main]) started.
[        ] > Task :path_provider_android:bundleLibCompileToJarDebug UP-TO-DATE
[        ] Caching disabled for task ':path_provider_android:bundleLibCompileToJarDebug' because:
[        ]   Build cache is disabled
[        ]   Simple merging task
[        ] Skipping task ':path_provider_android:bundleLibCompileToJarDebug' as it is up-to-date.
[        ] work action resolve classes.jar (project :path_provider_android) (Thread[#396,Execution worker Thread 2,5,main]) started.
[        ] Resolve mutations for :share_plus:checkKotlinGradlePluginConfigurationErrors (Thread[#396,Execution worker Thread 2,5,main]) started.
[        ] :share_plus:checkKotlinGradlePluginConfigurationErrors (Thread[#396,Execution worker Thread 2,5,main]) started.
[        ] > Task :share_plus:checkKotlinGradlePluginConfigurationErrors SKIPPED
[        ] Skipping task ':share_plus:checkKotlinGradlePluginConfigurationErrors' as task onlyIf 'errorDiagnostics are present' is false.
[        ] Resolve mutations for :share_plus:compileDebugKotlin (Thread[#396,Execution worker Thread 2,5,main]) started.
[        ] :share_plus:compileDebugKotlin (Thread[#395,Execution worker,5,main]) started.
[ +166 ms] > Task :share_plus:compileDebugKotlin UP-TO-DATE
[        ] Adding -Xuse-inline-scopes-numbers Kotlin compiler flag for task :share_plus:compileDebugAndroidTestKotlin
[   +3 ms] Caching disabled for task ':share_plus:compileDebugKotlin' because:
[        ]   Build cache is disabled
[        ] Skipping task ':share_plus:compileDebugKotlin' as it is up-to-date.
[        ] Resolve mutations for :share_plus:javaPreCompileDebug (Thread[#394,included builds,5,main]) started.
[        ] :share_plus:javaPreCompileDebug (Thread[#394,included builds,5,main]) started.
[        ] > Task :share_plus:javaPreCompileDebug UP-TO-DATE
[        ] Caching disabled for task ':share_plus:javaPreCompileDebug' because:
[        ]   Build cache is disabled
[        ] Skipping task ':share_plus:javaPreCompileDebug' as it is up-to-date.
[        ] Resolve mutations for :share_plus:compileDebugJavaWithJavac (Thread[#394,included builds,5,main]) started.
[        ] :share_plus:compileDebugJavaWithJavac (Thread[#394,included builds,5,main]) started.
[  +46 ms] > Task :share_plus:compileDebugJavaWithJavac NO-SOURCE
[   +3 ms] Skipping task ':share_plus:compileDebugJavaWithJavac' as it has no source files and no previous output files.
[        ] Resolve mutations for :share_plus:bundleLibCompileToJarDebug (Thread[#394,included builds,5,main]) started.
[        ] :share_plus:bundleLibCompileToJarDebug (Thread[#394,included builds,5,main]) started.
[        ] > Task :share_plus:bundleLibCompileToJarDebug UP-TO-DATE
[        ] Caching disabled for task ':share_plus:bundleLibCompileToJarDebug' because:
[        ]   Build cache is disabled
[        ]   Simple merging task
[        ] Skipping task ':share_plus:bundleLibCompileToJarDebug' as it is up-to-date.
[        ] work action resolve classes.jar (project :share_plus) (Thread[#394,included builds,5,main]) started.
[        ] Resolve mutations for :url_launcher_android:generateDebugBuildConfig (Thread[#394,included builds,5,main]) started.
[        ] :url_launcher_android:generateDebugBuildConfig (Thread[#394,included builds,5,main]) started.
[        ] > Task :url_launcher_android:generateDebugBuildConfig UP-TO-DATE
[        ] Caching disabled for task ':url_launcher_android:generateDebugBuildConfig' because:
[        ]   Build cache is disabled
[        ] Skipping task ':url_launcher_android:generateDebugBuildConfig' as it is up-to-date.
[        ] Resolve mutations for :url_launcher_android:javaPreCompileDebug (Thread[#394,included builds,5,main]) started.
[        ] :url_launcher_android:javaPreCompileDebug (Thread[#394,included builds,5,main]) started.
[        ] > Task :url_launcher_android:javaPreCompileDebug UP-TO-DATE
[        ] Caching disabled for task ':url_launcher_android:javaPreCompileDebug' because:
[        ]   Build cache is disabled
[        ] Skipping task ':url_launcher_android:javaPreCompileDebug' as it is up-to-date.
[        ] Resolve mutations for :url_launcher_android:compileDebugJavaWithJavac (Thread[#394,included builds,5,main]) started.
[        ] :url_launcher_android:compileDebugJavaWithJavac (Thread[#394,included builds,5,main]) started.
[        ] > Task :url_launcher_android:compileDebugJavaWithJavac UP-TO-DATE
[        ] Custom actions are attached to task ':url_launcher_android:compileDebugJavaWithJavac'.
[        ] Caching disabled for task ':url_launcher_android:compileDebugJavaWithJavac' because:
[        ]   Build cache is disabled
[        ] Skipping task ':url_launcher_android:compileDebugJavaWithJavac' as it is up-to-date.
[        ] No compile result for :url_launcher_android:compileDebugJavaWithJavac
[        ] No compile result for :url_launcher_android:compileDebugJavaWithJavac
[        ] Resolve mutations for :url_launcher_android:bundleLibCompileToJarDebug (Thread[#396,Execution worker Thread 2,5,main]) started.
[        ] :url_launcher_android:bundleLibCompileToJarDebug (Thread[#396,Execution worker Thread 2,5,main]) started.
[        ] > Task :url_launcher_android:bundleLibCompileToJarDebug UP-TO-DATE
[        ] Caching disabled for task ':url_launcher_android:bundleLibCompileToJarDebug' because:
[        ]   Build cache is disabled
[        ]   Simple merging task
[        ] Skipping task ':url_launcher_android:bundleLibCompileToJarDebug' as it is up-to-date.
[        ] work action resolve classes.jar (project :url_launcher_android) (Thread[#396,Execution worker Thread 2,5,main]) started.
[        ] Resolve mutations for :webview_flutter_android:checkKotlinGradlePluginConfigurationErrors (Thread[#396,Execution worker Thread 2,5,main]) started.
[        ] :webview_flutter_android:checkKotlinGradlePluginConfigurationErrors (Thread[#396,Execution worker Thread 2,5,main]) started.
[        ] > Task :webview_flutter_android:checkKotlinGradlePluginConfigurationErrors SKIPPED
[        ] Skipping task ':webview_flutter_android:checkKotlinGradlePluginConfigurationErrors' as task onlyIf 'errorDiagnostics are present' is false.
[        ] Resolve mutations for :webview_flutter_android:compileDebugKotlin (Thread[#396,Execution worker Thread 2,5,main]) started.
[        ] :webview_flutter_android:compileDebugKotlin (Thread[#396,Execution worker Thread 2,5,main]) started.
[  +13 ms] > Task :webview_flutter_android:compileDebugKotlin UP-TO-DATE
[        ] Adding -Xuse-inline-scopes-numbers Kotlin compiler flag for task :webview_flutter_android:compileDebugAndroidTestKotlin
[        ] Caching disabled for task ':webview_flutter_android:compileDebugKotlin' because:
[        ]   Build cache is disabled
[        ] Skipping task ':webview_flutter_android:compileDebugKotlin' as it is up-to-date.
[        ] Resolve mutations for :webview_flutter_android:javaPreCompileDebug (Thread[#396,Execution worker Thread 2,5,main]) started.
[        ] :webview_flutter_android:javaPreCompileDebug (Thread[#396,Execution worker Thread 2,5,main]) started.
[        ] > Task :webview_flutter_android:javaPreCompileDebug UP-TO-DATE
[        ] Caching disabled for task ':webview_flutter_android:javaPreCompileDebug' because:
[        ]   Build cache is disabled
[        ] Skipping task ':webview_flutter_android:javaPreCompileDebug' as it is up-to-date.
[        ] Resolve mutations for :webview_flutter_android:compileDebugJavaWithJavac (Thread[#396,Execution worker Thread 2,5,main]) started.
[        ] :webview_flutter_android:compileDebugJavaWithJavac (Thread[#396,Execution worker Thread 2,5,main]) started.
[  +98 ms] > Task :webview_flutter_android:compileDebugJavaWithJavac UP-TO-DATE
[        ] Custom actions are attached to task ':webview_flutter_android:compileDebugJavaWithJavac'.
[        ] Caching disabled for task ':webview_flutter_android:compileDebugJavaWithJavac' because:
[        ]   Build cache is disabled
[        ] Skipping task ':webview_flutter_android:compileDebugJavaWithJavac' as it is up-to-date.
[        ] No compile result for :webview_flutter_android:compileDebugJavaWithJavac
[        ] No compile result for :webview_flutter_android:compileDebugJavaWithJavac
[        ] Resolve mutations for :webview_flutter_android:bundleLibCompileToJarDebug (Thread[#396,Execution worker Thread 2,5,main]) started.
[        ] :webview_flutter_android:bundleLibCompileToJarDebug (Thread[#396,Execution worker Thread 2,5,main]) started.
[        ] > Task :webview_flutter_android:bundleLibCompileToJarDebug UP-TO-DATE
[        ] Caching disabled for task ':webview_flutter_android:bundleLibCompileToJarDebug' because:
[        ]   Build cache is disabled
[        ]   Simple merging task
[        ] Skipping task ':webview_flutter_android:bundleLibCompileToJarDebug' as it is up-to-date.
[        ] work action resolve classes.jar (project :webview_flutter_android) (Thread[#394,included builds,5,main]) started.
[        ] Resolve mutations for :app:compileDebugKotlin (Thread[#394,included builds,5,main]) started.
[        ] :app:compileDebugKotlin (Thread[#394,included builds,5,main]) started.
[ +125 ms] Resolve mutations for :app:javaPreCompileDebug (Thread[#396,Execution worker Thread 2,5,main]) started.
[        ] :app:javaPreCompileDebug (Thread[#396,Execution worker Thread 2,5,main]) started.
[        ] > Task :app:javaPreCompileDebug UP-TO-DATE
[        ] Caching disabled for task ':app:javaPreCompileDebug' because:
[        ]   Build cache is disabled
[        ] Skipping task ':app:javaPreCompileDebug' as it is up-to-date.
[        ] Resolve mutations for :app:compressDebugAssets (Thread[#396,Execution worker Thread 2,5,main]) started.
[        ] :app:compressDebugAssets (Thread[#396,Execution worker Thread 2,5,main]) started.
[        ] > Task :app:compressDebugAssets UP-TO-DATE
[        ] Caching disabled for task ':app:compressDebugAssets' because:
[        ]   Build cache is disabled
[        ] Skipping task ':app:compressDebugAssets' as it is up-to-date.
[        ] Resolve mutations for :file_picker:bundleLibRuntimeToJarDebug (Thread[#396,Execution worker Thread 2,5,main]) started.
[        ] :file_picker:bundleLibRuntimeToJarDebug (Thread[#396,Execution worker Thread 2,5,main]) started.
[        ] > Task :file_picker:bundleLibRuntimeToJarDebug UP-TO-DATE
[        ] Caching disabled for task ':file_picker:bundleLibRuntimeToJarDebug' because:
[        ]   Build cache is disabled
[        ]   Simple merging task
[        ] Skipping task ':file_picker:bundleLibRuntimeToJarDebug' as it is up-to-date.
[        ] work action resolve classes.jar (project :file_picker) (Thread[#396,Execution worker Thread 2,5,main]) started.
[        ] IdentityTransform (Thread[#396,Execution worker Thread 2,5,main]) started.
[        ] Resolve mutations for :local_auth_android:bundleLibRuntimeToJarDebug (Thread[#397,Execution worker Thread 3,5,main]) started.
[        ] :local_auth_android:bundleLibRuntimeToJarDebug (Thread[#397,Execution worker Thread 3,5,main]) started.
[        ] DexingNoClasspathTransform (Thread[#396,Execution worker Thread 2,5,main]) started.
[        ] > Task :local_auth_android:bundleLibRuntimeToJarDebug UP-TO-DATE
[        ] Caching disabled for task ':local_auth_android:bundleLibRuntimeToJarDebug' because:
[        ]   Build cache is disabled
[        ]   Simple merging task
[        ] Skipping task ':local_auth_android:bundleLibRuntimeToJarDebug' as it is up-to-date.
[        ] work action resolve classes.jar (project :local_auth_android) (Thread[#397,Execution worker Thread 3,5,main]) started.
[        ] IdentityTransform (Thread[#397,Execution worker Thread 3,5,main]) started.
[        ] Resolve mutations for :flutter_plugin_android_lifecycle:bundleLibRuntimeToJarDebug (Thread[#395,Execution worker,5,main]) started.
[        ] DexingNoClasspathTransform (Thread[#397,Execution worker Thread 3,5,main]) started.
[        ] :flutter_plugin_android_lifecycle:bundleLibRuntimeToJarDebug (Thread[#395,Execution worker,5,main]) started.
[        ] > Transform classes.jar (project :file_picker) with DexingNoClasspathTransform
[        ] Caching disabled for DexingNoClasspathTransform: C:\Users\RDP\Desktop\flutter_app\test_app\build\file_picker\intermediates\runtime_library_classes_jar\debug\bundleLibRuntimeToJarDebug\classes.jar because:
[        ]   Build cache is disabled
[        ] Skipping DexingNoClasspathTransform: C:\Users\RDP\Desktop\flutter_app\test_app\build\file_picker\intermediates\runtime_library_classes_jar\debug\bundleLibRuntimeToJarDebug\classes.jar as it is up-to-date.
[        ] DexingOutputSplitTransform (Thread[#396,Execution worker Thread 2,5,main]) started.
[        ] > Task :flutter_plugin_android_lifecycle:bundleLibRuntimeToJarDebug UP-TO-DATE
[        ] Caching disabled for task ':flutter_plugin_android_lifecycle:bundleLibRuntimeToJarDebug' because:
[        ]   Build cache is disabled
[        ]   Simple merging task
[        ] Skipping task ':flutter_plugin_android_lifecycle:bundleLibRuntimeToJarDebug' as it is up-to-date.
[        ] work action resolve classes.jar (project :flutter_plugin_android_lifecycle) (Thread[#395,Execution worker,5,main]) started.
[        ] IdentityTransform (Thread[#395,Execution worker,5,main]) started.
[        ] DexingNoClasspathTransform (Thread[#395,Execution worker,5,main]) started.
[        ] > Transform classes.jar (project :local_auth_android) with DexingNoClasspathTransform
[        ] Caching disabled for DexingNoClasspathTransform: C:\Users\RDP\Desktop\flutter_app\test_app\build\local_auth_android\intermediates\runtime_library_classes_jar\debug\bundleLibRuntimeToJarDebug\classes.jar because:
[        ]   Build cache is disabled
[        ] Skipping DexingNoClasspathTransform: C:\Users\RDP\Desktop\flutter_app\test_app\build\local_auth_android\intermediates\runtime_library_classes_jar\debug\bundleLibRuntimeToJarDebug\classes.jar as it is up-to-date.
[        ] DexingOutputSplitTransform (Thread[#397,Execution worker Thread 3,5,main]) started.
[        ] Resolve mutations for :path_provider_android:bundleLibRuntimeToJarDebug (Thread[#397,Execution worker Thread 3,5,main]) started.
[        ] :path_provider_android:bundleLibRuntimeToJarDebug (Thread[#397,Execution worker Thread 3,5,main]) started.
[        ] > Transform classes.jar (project :flutter_plugin_android_lifecycle) with DexingNoClasspathTransform
[        ] Caching disabled for DexingNoClasspathTransform: C:\Users\RDP\Desktop\flutter_app\test_app\build\flutter_plugin_android_lifecycle\intermediates\runtime_library_classes_jar\debug\bundleLibRuntimeToJarDebug\classes.jar because:
[        ]   Build cache is disabled
[        ] Skipping DexingNoClasspathTransform: C:\Users\RDP\Desktop\flutter_app\test_app\build\flutter_plugin_android_lifecycle\intermediates\runtime_library_classes_jar\debug\bundleLibRuntimeToJarDebug\classes.jar as it is up-to-date.
[        ] DexingOutputSplitTransform (Thread[#395,Execution worker,5,main]) started.
[        ] > Task :path_provider_android:bundleLibRuntimeToJarDebug UP-TO-DATE
[        ] Caching disabled for task ':path_provider_android:bundleLibRuntimeToJarDebug' because:
[        ]   Build cache is disabled
[        ]   Simple merging task
[        ] Skipping task ':path_provider_android:bundleLibRuntimeToJarDebug' as it is up-to-date.
[        ] work action resolve classes.jar (project :path_provider_android) (Thread[#397,Execution worker Thread 3,5,main]) started.
[        ] IdentityTransform (Thread[#397,Execution worker Thread 3,5,main]) started.
[        ] Resolve mutations for :share_plus:bundleLibRuntimeToJarDebug (Thread[#395,Execution worker,5,main]) started.
[        ] DexingNoClasspathTransform (Thread[#397,Execution worker Thread 3,5,main]) started.
[        ] :share_plus:bundleLibRuntimeToJarDebug (Thread[#395,Execution worker,5,main]) started.
[        ] > Task :share_plus:bundleLibRuntimeToJarDebug UP-TO-DATE
[        ] Caching disabled for task ':share_plus:bundleLibRuntimeToJarDebug' because:
[        ]   Build cache is disabled
[        ]   Simple merging task
[        ] Skipping task ':share_plus:bundleLibRuntimeToJarDebug' as it is up-to-date.
[        ] work action resolve classes.jar (project :share_plus) (Thread[#395,Execution worker,5,main]) started.
[        ] > Transform classes.jar (project :path_provider_android) with DexingNoClasspathTransform
[        ] Caching disabled for DexingNoClasspathTransform: C:\Users\RDP\Desktop\flutter_app\test_app\build\path_provider_android\intermediates\runtime_library_classes_jar\debug\bundleLibRuntimeToJarDebug\classes.jar because:
[        ]   Build cache is disabled
[        ] Skipping DexingNoClasspathTransform: C:\Users\RDP\Desktop\flutter_app\test_app\build\path_provider_android\intermediates\runtime_library_classes_jar\debug\bundleLibRuntimeToJarDebug\classes.jar as it is up-to-date.
[        ] IdentityTransform (Thread[#395,Execution worker,5,main]) started.
[        ] DexingOutputSplitTransform (Thread[#397,Execution worker Thread 3,5,main]) started.
[        ] Resolve mutations for :url_launcher_android:bundleLibRuntimeToJarDebug (Thread[#396,Execution worker Thread 2,5,main]) started.
[        ] DexingNoClasspathTransform (Thread[#395,Execution worker,5,main]) started.
[        ] :url_launcher_android:bundleLibRuntimeToJarDebug (Thread[#396,Execution worker Thread 2,5,main]) started.
[        ] > Task :url_launcher_android:bundleLibRuntimeToJarDebug UP-TO-DATE
[        ] Caching disabled for task ':url_launcher_android:bundleLibRuntimeToJarDebug' because:
[        ]   Build cache is disabled
[        ]   Simple merging task
[        ] Skipping task ':url_launcher_android:bundleLibRuntimeToJarDebug' as it is up-to-date.
[        ] work action resolve classes.jar (project :url_launcher_android) (Thread[#396,Execution worker Thread 2,5,main]) started.
[        ] IdentityTransform (Thread[#396,Execution worker Thread 2,5,main]) started.
[        ] Resolve mutations for :webview_flutter_android:bundleLibRuntimeToJarDebug (Thread[#397,Execution worker Thread 3,5,main]) started.
[        ] DexingNoClasspathTransform (Thread[#396,Execution worker Thread 2,5,main]) started.
[        ] > Transform classes.jar (project :share_plus) with DexingNoClasspathTransform
[        ] Caching disabled for DexingNoClasspathTransform: C:\Users\RDP\Desktop\flutter_app\test_app\build\share_plus\intermediates\runtime_library_classes_jar\debug\bundleLibRuntimeToJarDebug\classes.jar because:
[        ]   Build cache is disabled
[   +1 ms] Skipping DexingNoClasspathTransform: C:\Users\RDP\Desktop\flutter_app\test_app\build\share_plus\intermediates\runtime_library_classes_jar\debug\bundleLibRuntimeToJarDebug\classes.jar as it is up-to-date.
[        ] DexingOutputSplitTransform (Thread[#395,Execution worker,5,main]) started.
[        ] :webview_flutter_android:bundleLibRuntimeToJarDebug (Thread[#397,Execution worker Thread 3,5,main]) started.
[        ] > Task :webview_flutter_android:bundleLibRuntimeToJarDebug UP-TO-DATE
[        ] Caching disabled for task ':webview_flutter_android:bundleLibRuntimeToJarDebug' because:
[        ]   Build cache is disabled
[        ]   Simple merging task
[        ] Skipping task ':webview_flutter_android:bundleLibRuntimeToJarDebug' as it is up-to-date.
[        ] work action resolve classes.jar (project :webview_flutter_android) (Thread[#397,Execution worker Thread 3,5,main]) started.
[        ] IdentityTransform (Thread[#397,Execution worker Thread 3,5,main]) started.
[        ] Resolve mutations for :app:desugarDebugFileDependencies (Thread[#395,Execution worker,5,main]) started.
[        ] DexingNoClasspathTransform (Thread[#397,Execution worker Thread 3,5,main]) started.
[        ] > Transform classes.jar (project :url_launcher_android) with DexingNoClasspathTransform
[        ] Caching disabled for DexingNoClasspathTransform: C:\Users\RDP\Desktop\flutter_app\test_app\build\url_launcher_android\intermediates\runtime_library_classes_jar\debug\bundleLibRuntimeToJarDebug\classes.jar because:
[        ]   Build cache is disabled
[        ] Skipping DexingNoClasspathTransform: C:\Users\RDP\Desktop\flutter_app\test_app\build\url_launcher_android\intermediates\runtime_library_classes_jar\debug\bundleLibRuntimeToJarDebug\classes.jar as it is up-to-date.
[        ] DexingOutputSplitTransform (Thread[#396,Execution worker Thread 2,5,main]) started.
[        ] :app:desugarDebugFileDependencies (Thread[#395,Execution worker,5,main]) started.
[        ] > Transform classes.jar (project :webview_flutter_android) with DexingNoClasspathTransform
[        ] Caching disabled for DexingNoClasspathTransform: C:\Users\RDP\Desktop\flutter_app\test_app\build\webview_flutter_android\intermediates\runtime_library_classes_jar\debug\bundleLibRuntimeToJarDebug\classes.jar because:
[        ]   Build cache is disabled
[        ] Skipping DexingNoClasspathTransform: C:\Users\RDP\Desktop\flutter_app\test_app\build\webview_flutter_android\intermediates\runtime_library_classes_jar\debug\bundleLibRuntimeToJarDebug\classes.jar as it is up-to-date.
[        ] DexingOutputSplitTransform (Thread[#397,Execution worker Thread 3,5,main]) started.
[        ] > Task :app:desugarDebugFileDependencies UP-TO-DATE
[        ] Caching disabled for task ':app:desugarDebugFileDependencies' because:
[        ]   Build cache is disabled
[        ] Skipping task ':app:desugarDebugFileDependencies' as it is up-to-date.
[        ] Resolve mutations for :file_picker:processDebugJavaRes (Thread[#395,Execution worker,5,main]) started.
[        ] :file_picker:processDebugJavaRes (Thread[#395,Execution worker,5,main]) started.
[        ] > Task :file_picker:processDebugJavaRes NO-SOURCE
[        ] file or directory 'C:\Users\RDP\AppData\Local\Pub\Cache\hosted\pub.dev\file_picker-8.3.7\android\src\main\resources', not found
[        ] file or directory 'C:\Users\RDP\AppData\Local\Pub\Cache\hosted\pub.dev\file_picker-8.3.7\android\src\debug\resources', not found
[        ] Skipping task ':file_picker:processDebugJavaRes' as it has no source files and no previous output files.
[        ] work action resolve out (project :file_picker) (Thread[#395,Execution worker,5,main]) started.
[        ] Resolve mutations for :flutter_plugin_android_lifecycle:processDebugJavaRes (Thread[#395,Execution worker,5,main]) started.
[        ] :flutter_plugin_android_lifecycle:processDebugJavaRes (Thread[#395,Execution worker,5,main]) started.
[        ] > Task :flutter_plugin_android_lifecycle:processDebugJavaRes NO-SOURCE
[        ] file or directory 'C:\Users\RDP\AppData\Local\Pub\Cache\hosted\pub.dev\flutter_plugin_android_lifecycle-2.0.33\android\src\main\resources', not found
[        ] file or directory 'C:\Users\RDP\AppData\Local\Pub\Cache\hosted\pub.dev\flutter_plugin_android_lifecycle-2.0.33\android\src\debug\resources', not found
[        ] Skipping task ':flutter_plugin_android_lifecycle:processDebugJavaRes' as it has no source files and no previous output files.
[        ] work action resolve out (project :flutter_plugin_android_lifecycle) (Thread[#395,Execution worker,5,main]) started.
[        ] Resolve mutations for :local_auth_android:processDebugJavaRes (Thread[#396,Execution worker Thread 2,5,main]) started.
[        ] > Transform classes.jar (project :webview_flutter_android) with DexingOutputSplitTransform
[        ] Caching disabled for DexingOutputSplitTransform: C:\Users\RDP\Desktop\flutter_app\test_app\build\webview_flutter_android\.transforms\0ef589a4b8a05cdfeed1b4540cef1b3b\transformed\classes because:
[        ]   Build cache is disabled
[        ]   Caching not enabled.
[        ] :local_auth_android:processDebugJavaRes (Thread[#396,Execution worker Thread 2,5,main]) started.
[        ] > Task :local_auth_android:processDebugJavaRes NO-SOURCE
[        ] file or directory 'C:\Users\RDP\AppData\Local\Pub\Cache\hosted\pub.dev\local_auth_android-1.0.56\android\src\main\resources', not found
[        ] file or directory 'C:\Users\RDP\AppData\Local\Pub\Cache\hosted\pub.dev\local_auth_android-1.0.56\android\src\debug\resources', not found
[        ] Skipping task ':local_auth_android:processDebugJavaRes' as it has no source files and no previous output files.
[        ] work action resolve out (project :local_auth_android) (Thread[#396,Execution worker Thread 2,5,main]) started.
[        ] Resolve mutations for :path_provider_android:processDebugJavaRes (Thread[#395,Execution worker,5,main]) started.
[        ] :path_provider_android:processDebugJavaRes (Thread[#395,Execution worker,5,main]) started.
[        ] > Task :path_provider_android:processDebugJavaRes NO-SOURCE
[        ] file or directory 'C:\Users\RDP\AppData\Local\Pub\Cache\hosted\pub.dev\path_provider_android-2.2.22\android\src\main\resources', not found
[        ] file or directory 'C:\Users\RDP\AppData\Local\Pub\Cache\hosted\pub.dev\path_provider_android-2.2.22\android\src\debug\resources', not found
[        ] Skipping task ':path_provider_android:processDebugJavaRes' as it has no source files and no previous output files.
[        ] work action resolve out (project :path_provider_android) (Thread[#395,Execution worker,5,main]) started.
[        ] Resolve mutations for :share_plus:processDebugJavaRes (Thread[#395,Execution worker,5,main]) started.
[        ] :share_plus:processDebugJavaRes (Thread[#395,Execution worker,5,main]) started.
[        ] > Task :share_plus:processDebugJavaRes UP-TO-DATE
[        ] file or directory 'C:\Users\RDP\AppData\Local\Pub\Cache\hosted\pub.dev\share_plus-10.1.4\android\src\main\resources', not found
[        ] file or directory 'C:\Users\RDP\AppData\Local\Pub\Cache\hosted\pub.dev\share_plus-10.1.4\android\src\debug\resources', not found
[        ] file or directory 'C:\Users\RDP\AppData\Local\Pub\Cache\hosted\pub.dev\share_plus-10.1.4\android\src\main\resources', not found
[        ] file or directory 'C:\Users\RDP\AppData\Local\Pub\Cache\hosted\pub.dev\share_plus-10.1.4\android\src\debug\resources', not found
[        ] Caching disabled for task ':share_plus:processDebugJavaRes' because:
[        ]   Build cache is disabled
[        ]   Caching has been disabled for the task
[        ] Skipping task ':share_plus:processDebugJavaRes' as it is up-to-date.
[        ] work action resolve out (project :share_plus) (Thread[#395,Execution worker,5,main]) started.
[        ] Resolve mutations for :url_launcher_android:processDebugJavaRes (Thread[#395,Execution worker,5,main]) started.
[        ] :url_launcher_android:processDebugJavaRes (Thread[#395,Execution worker,5,main]) started.
[        ] > Task :url_launcher_android:processDebugJavaRes NO-SOURCE
[        ] file or directory 'C:\Users\RDP\AppData\Local\Pub\Cache\hosted\pub.dev\url_launcher_android-6.3.28\android\src\main\resources', not found
[        ] file or directory 'C:\Users\RDP\AppData\Local\Pub\Cache\hosted\pub.dev\url_launcher_android-6.3.28\android\src\debug\resources', not found
[        ] Skipping task ':url_launcher_android:processDebugJavaRes' as it has no source files and no previous output files.
[        ] work action resolve out (project :url_launcher_android) (Thread[#395,Execution worker,5,main]) started.
[        ] Resolve mutations for :webview_flutter_android:processDebugJavaRes (Thread[#395,Execution worker,5,main]) started.
[        ] :webview_flutter_android:processDebugJavaRes (Thread[#395,Execution worker,5,main]) started.
[        ] > Task :webview_flutter_android:processDebugJavaRes UP-TO-DATE
[        ] file or directory 'C:\Users\RDP\AppData\Local\Pub\Cache\hosted\pub.dev\webview_flutter_android-4.10.11\android\src\main\resources', not found
[        ] file or directory 'C:\Users\RDP\AppData\Local\Pub\Cache\hosted\pub.dev\webview_flutter_android-4.10.11\android\src\debug\resources', not found
[        ] file or directory 'C:\Users\RDP\AppData\Local\Pub\Cache\hosted\pub.dev\webview_flutter_android-4.10.11\android\src\main\resources', not found
[   +1 ms] file or directory 'C:\Users\RDP\AppData\Local\Pub\Cache\hosted\pub.dev\webview_flutter_android-4.10.11\android\src\debug\resources', not found
[        ] Caching disabled for task ':webview_flutter_android:processDebugJavaRes' because:
[        ]   Build cache is disabled
[        ]   Caching has been disabled for the task
[        ] Skipping task ':webview_flutter_android:processDebugJavaRes' as it is up-to-date.
[   +4 ms] work action resolve out (project :webview_flutter_android) (Thread[#395,Execution worker,5,main]) started.
[  +25 ms] Resolve mutations for :app:checkDebugDuplicateClasses (Thread[#395,Execution worker,5,main]) started.
[        ] :app:checkDebugDuplicateClasses (Thread[#395,Execution worker,5,main]) started.
[  +59 ms] Resolve mutations for :file_picker:bundleLibRuntimeToDirDebug (Thread[#397,Execution worker Thread 3,5,main]) started.
[        ] :file_picker:bundleLibRuntimeToDirDebug (Thread[#397,Execution worker Thread 3,5,main]) started.
[        ] > Task :file_picker:bundleLibRuntimeToDirDebug UP-TO-DATE
[        ] Caching disabled for task ':file_picker:bundleLibRuntimeToDirDebug' because:
[        ]   Build cache is disabled
[        ]   Simple merging task
[        ] Skipping task ':file_picker:bundleLibRuntimeToDirDebug' as it is up-to-date.
[        ] work action resolve bundleLibRuntimeToDirDebug (project :file_picker) (Thread[#397,Execution worker Thread 3,5,main]) started.
[        ] ClassesDirToClassesTransform (Thread[#397,Execution worker Thread 3,5,main]) started.
[        ] DexingNoClasspathTransform (Thread[#397,Execution worker Thread 3,5,main]) started.
[        ] Resolve mutations for :local_auth_android:bundleLibRuntimeToDirDebug (Thread[#396,Execution worker Thread 2,5,main]) started.
[        ] :local_auth_android:bundleLibRuntimeToDirDebug (Thread[#396,Execution worker Thread 2,5,main]) started.
[        ] > Transform bundleLibRuntimeToDirDebug (project :file_picker) with DexingNoClasspathTransform
[  +16 ms] Caching disabled for DexingNoClasspathTransform: C:\Users\RDP\Desktop\flutter_app\test_app\build\file_picker\intermediates\runtime_library_classes_dir\debug\bundleLibRuntimeToDirDebug because:
[        ]   Build cache is disabled
[        ] Skipping DexingNoClasspathTransform: C:\Users\RDP\Desktop\flutter_app\test_app\build\file_picker\intermediates\runtime_library_classes_dir\debug\bundleLibRuntimeToDirDebug as it is up-to-date.
[        ] > Task :local_auth_android:bundleLibRuntimeToDirDebug UP-TO-DATE
[        ] Caching disabled for task ':local_auth_android:bundleLibRuntimeToDirDebug' because:
[        ]   Build cache is disabled
[        ]   Simple merging task
[        ] Skipping task ':local_auth_android:bundleLibRuntimeToDirDebug' as it is up-to-date.
[        ] DexingOutputSplitTransform (Thread[#397,Execution worker Thread 3,5,main]) started.
[        ] work action resolve bundleLibRuntimeToDirDebug (project :local_auth_android) (Thread[#396,Execution worker Thread 2,5,main]) started.
[        ] ClassesDirToClassesTransform (Thread[#396,Execution worker Thread 2,5,main]) started.
[        ] DexingNoClasspathTransform (Thread[#396,Execution worker Thread 2,5,main]) started.
[  +12 ms] Resolve mutations for :flutter_plugin_android_lifecycle:bundleLibRuntimeToDirDebug (Thread[#397,Execution worker Thread 3,5,main]) started.
[        ] :flutter_plugin_android_lifecycle:bundleLibRuntimeToDirDebug (Thread[#397,Execution worker Thread 3,5,main]) started.
[        ] > Transform bundleLibRuntimeToDirDebug (project :local_auth_android) with DexingNoClasspathTransform
[        ] Caching disabled for DexingNoClasspathTransform: C:\Users\RDP\Desktop\flutter_app\test_app\build\local_auth_android\intermediates\runtime_library_classes_dir\debug\bundleLibRuntimeToDirDebug because:
[        ]   Build cache is disabled
[        ] Skipping DexingNoClasspathTransform: C:\Users\RDP\Desktop\flutter_app\test_app\build\local_auth_android\intermediates\runtime_library_classes_dir\debug\bundleLibRuntimeToDirDebug as it is up-to-date.
[        ] DexingOutputSplitTransform (Thread[#396,Execution worker Thread 2,5,main]) started.
[        ] > Task :flutter_plugin_android_lifecycle:bundleLibRuntimeToDirDebug UP-TO-DATE
[        ] Caching disabled for task ':flutter_plugin_android_lifecycle:bundleLibRuntimeToDirDebug' because:
[        ]   Build cache is disabled
[        ]   Simple merging task
[  +28 ms] Skipping task ':flutter_plugin_android_lifecycle:bundleLibRuntimeToDirDebug' as it is up-to-date.
[        ] work action resolve bundleLibRuntimeToDirDebug (project :flutter_plugin_android_lifecycle) (Thread[#397,Execution worker Thread 3,5,main]) started.
[        ] ClassesDirToClassesTransform (Thread[#397,Execution worker Thread 3,5,main]) started.
[        ] DexingNoClasspathTransform (Thread[#397,Execution worker Thread 3,5,main]) started.
[        ] Resolve mutations for :path_provider_android:bundleLibRuntimeToDirDebug (Thread[#396,Execution worker Thread 2,5,main]) started.
[        ] :path_provider_android:bundleLibRuntimeToDirDebug (Thread[#396,Execution worker Thread 2,5,main]) started.
[  +14 ms] > Task :app:checkDebugDuplicateClasses
[        ] Caching disabled for EnumerateClassesTransform: C:\Users\RDP\.gradle\caches\8.14\transforms\0d68b8c4e8bab8f83485eedffe0e9570\transformed\jetified-libs.jar because:
[        ]   Build cache is disabled
[        ] Caching disabled for task ':app:checkDebugDuplicateClasses' because:
[        ]   Build cache is disabled
[        ]   Caching has been disabled for the task
[        ] Task ':app:checkDebugDuplicateClasses' is not up-to-date because:
[        ]   Input property 'enumeratedClasses' file C:\Users\RDP\.gradle\caches\8.14\transforms\3f8633a8e0eeffc4c3d6db09d9d0d9ad\transformed\jetified-armeabi_v7a_debug-1.0.0-3452d735bd38224ef2db85ca763d862d6326b17f has been added.
[        ]   Input property 'enumeratedClasses' file C:\Users\RDP\.gradle\caches\8.14\transforms\cf5d456bdd3be80f827c31ed110ffd62\transformed\jetified-x86_64_debug-1.0.0-3452d735bd38224ef2db85ca763d862d6326b17f has been added.
[        ] > Transform bundleLibRuntimeToDirDebug (project :flutter_plugin_android_lifecycle) with DexingNoClasspathTransform
[   +5 ms] Caching disabled for DexingNoClasspathTransform: C:\Users\RDP\Desktop\flutter_app\test_app\build\flutter_plugin_android_lifecycle\intermediates\runtime_library_classes_dir\debug\bundleLibRuntimeToDirDebug because:
[        ]   Build cache is disabled
[        ] Skipping DexingNoClasspathTransform: C:\Users\RDP\Desktop\flutter_app\test_app\build\flutter_plugin_android_lifecycle\intermediates\runtime_library_classes_dir\debug\bundleLibRuntimeToDirDebug as it is up-to-date.
[        ] DexingOutputSplitTransform (Thread[#397,Execution worker Thread 3,5,main]) started.
[        ] > Task :path_provider_android:bundleLibRuntimeToDirDebug UP-TO-DATE
[        ] Caching disabled for task ':path_provider_android:bundleLibRuntimeToDirDebug' because:
[        ]   Build cache is disabled
[        ]   Simple merging task
[        ] Skipping task ':path_provider_android:bundleLibRuntimeToDirDebug' as it is up-to-date.
[        ] work action resolve bundleLibRuntimeToDirDebug (project :path_provider_android) (Thread[#396,Execution worker Thread 2,5,main]) started.
[        ] Resolve mutations for :app:mergeExtDexDebug (Thread[#395,Execution worker,5,main]) started.
[        ] ClassesDirToClassesTransform (Thread[#396,Execution worker Thread 2,5,main]) started.
[        ] :app:mergeExtDexDebug (Thread[#395,Execution worker,5,main]) started.
[   +3 ms] DexingNoClasspathTransform (Thread[#396,Execution worker Thread 2,5,main]) started.
[        ] > Transform bundleLibRuntimeToDirDebug (project :path_provider_android) with DexingNoClasspathTransform
[        ] Caching disabled for DexingNoClasspathTransform: C:\Users\RDP\Desktop\flutter_app\test_app\build\path_provider_android\intermediates\runtime_library_classes_dir\debug\bundleLibRuntimeToDirDebug because:
[        ]   Build cache is disabled
[        ] Skipping DexingNoClasspathTransform: C:\Users\RDP\Desktop\flutter_app\test_app\build\path_provider_android\intermediates\runtime_library_classes_dir\debug\bundleLibRuntimeToDirDebug as it is up-to-date.
[        ] DexingOutputSplitTransform (Thread[#396,Execution worker Thread 2,5,main]) started.
[        ] > Task :app:mergeExtDexDebug UP-TO-DATE
[        ] Caching disabled for task ':app:mergeExtDexDebug' because:
[        ]   Build cache is disabled
[        ] Skipping task ':app:mergeExtDexDebug' as it is up-to-date.
[        ] Resolve mutations for :share_plus:bundleLibRuntimeToDirDebug (Thread[#395,Execution worker,5,main]) started.
[        ] :share_plus:bundleLibRuntimeToDirDebug (Thread[#395,Execution worker,5,main]) started.
[  +59 ms] > Task :share_plus:bundleLibRuntimeToDirDebug UP-TO-DATE
[        ] Caching disabled for task ':share_plus:bundleLibRuntimeToDirDebug' because:
[        ]   Build cache is disabled
[        ]   Simple merging task
[        ] Skipping task ':share_plus:bundleLibRuntimeToDirDebug' as it is up-to-date.
[        ] work action resolve bundleLibRuntimeToDirDebug (project :share_plus) (Thread[#395,Execution worker,5,main]) started.
[        ] ClassesDirToClassesTransform (Thread[#395,Execution worker,5,main]) started.
[        ] Resolve mutations for :url_launcher_android:bundleLibRuntimeToDirDebug (Thread[#396,Execution worker Thread 2,5,main]) started.
[        ] :url_launcher_android:bundleLibRuntimeToDirDebug (Thread[#396,Execution worker Thread 2,5,main]) started.
[        ] DexingNoClasspathTransform (Thread[#395,Execution worker,5,main]) started.
[        ] > Task :url_launcher_android:bundleLibRuntimeToDirDebug UP-TO-DATE
[        ] Caching disabled for task ':url_launcher_android:bundleLibRuntimeToDirDebug' because:
[        ]   Build cache is disabled
[        ]   Simple merging task
[        ] Skipping task ':url_launcher_android:bundleLibRuntimeToDirDebug' as it is up-to-date.
[   +3 ms] work action resolve bundleLibRuntimeToDirDebug (project :url_launcher_android) (Thread[#396,Execution worker Thread 2,5,main]) started.
[        ] ClassesDirToClassesTransform (Thread[#396,Execution worker Thread 2,5,main]) started.
[        ] DexingNoClasspathTransform (Thread[#396,Execution worker Thread 2,5,main]) started.
[        ] Resolve mutations for :webview_flutter_android:bundleLibRuntimeToDirDebug (Thread[#397,Execution worker Thread 3,5,main]) started.
[        ] :webview_flutter_android:bundleLibRuntimeToDirDebug (Thread[#397,Execution worker Thread 3,5,main]) started.
[        ] > Transform bundleLibRuntimeToDirDebug (project :share_plus) with DexingNoClasspathTransform
[        ] Caching disabled for DexingNoClasspathTransform: C:\Users\RDP\Desktop\flutter_app\test_app\build\share_plus\intermediates\runtime_library_classes_dir\debug\bundleLibRuntimeToDirDebug because:
[        ]   Build cache is disabled
[        ] Skipping DexingNoClasspathTransform: C:\Users\RDP\Desktop\flutter_app\test_app\build\share_plus\intermediates\runtime_library_classes_dir\debug\bundleLibRuntimeToDirDebug as it is up-to-date.
[        ] DexingOutputSplitTransform (Thread[#395,Execution worker,5,main]) started.
[   +9 ms] > Transform bundleLibRuntimeToDirDebug (project :url_launcher_android) with DexingNoClasspathTransform
[        ] Caching disabled for DexingNoClasspathTransform: C:\Users\RDP\Desktop\flutter_app\test_app\build\url_launcher_android\intermediates\runtime_library_classes_dir\debug\bundleLibRuntimeToDirDebug because:
[        ]   Build cache is disabled
[        ] Skipping DexingNoClasspathTransform: C:\Users\RDP\Desktop\flutter_app\test_app\build\url_launcher_android\intermediates\runtime_library_classes_dir\debug\bundleLibRuntimeToDirDebug as it is up-to-date.
[        ] DexingOutputSplitTransform (Thread[#396,Execution worker Thread 2,5,main]) started.
[        ] > Task :webview_flutter_android:bundleLibRuntimeToDirDebug UP-TO-DATE
[        ] Caching disabled for task ':webview_flutter_android:bundleLibRuntimeToDirDebug' because:
[        ]   Build cache is disabled
[        ]   Simple merging task
[        ] Skipping task ':webview_flutter_android:bundleLibRuntimeToDirDebug' as it is up-to-date.
[        ] work action resolve bundleLibRuntimeToDirDebug (project :webview_flutter_android) (Thread[#397,Execution worker Thread 3,5,main]) started.
[   +3 ms] ClassesDirToClassesTransform (Thread[#397,Execution worker Thread 3,5,main]) started.
[        ] Resolve mutations for :app:configureCMakeDebug[arm64-v8a] (Thread[#396,Execution worker Thread 2,5,main]) started.
[        ] :app:configureCMakeDebug[arm64-v8a] (Thread[#396,Execution worker Thread 2,5,main]) started.
[        ] > Transform bundleLibRuntimeToDirDebug (project :webview_flutter_android) with ClassesDirToClassesTransform
[        ] Caching disabled for ClassesDirToClassesTransform: C:\Users\RDP\Desktop\flutter_app\test_app\build\webview_flutter_android\intermediates\runtime_library_classes_dir\debug\bundleLibRuntimeToDirDebug because:
[        ]   Build cache is disabled
[        ]   Caching not enabled.
[        ] DexingNoClasspathTransform (Thread[#397,Execution worker Thread 3,5,main]) started.
[        ] > Task :app:compileDebugKotlin
[        ] Caching disabled for JetifyTransform: C:\Users\RDP\Desktop\flutter_app\test_app\build\app\intermediates\flutter\debug\libs.jar because:
[        ]   Build cache is disabled
[        ] Caching disabled for IdentityTransform: C:\Users\RDP\.gradle\caches\8.14\transforms\0d68b8c4e8bab8f83485eedffe0e9570\transformed\jetified-libs.jar because:
[  +30 ms]   Build cache is disabled
[        ]   Caching not enabled.
[        ] Adding -Xuse-inline-scopes-numbers Kotlin compiler flag for task :app:compileDebugAndroidTestKotlin
[        ] Caching disabled for BuildToolsApiClasspathEntrySnapshotTransform: C:\Users\RDP\.gradle\caches\8.14\transforms\0d68b8c4e8bab8f83485eedffe0e9570\transformed\jetified-libs.jar because:
[        ]   Build cache is disabled
[        ] Caching disabled for task ':app:compileDebugKotlin' because:
[        ]   Build cache is disabled
[        ] Task ':app:compileDebugKotlin' is not up-to-date because:
[        ]   Input property 'classpathSnapshotProperties.classpathSnapshot' file C:\Users\RDP\.gradle\caches\8.14\transforms\31c84422b803672a2c916009d21cc9dd\transformed\jetified-annotations-23_0_0_jar-snapshot.bin has been removed.
[        ]   Input property 'classpathSnapshotProperties.classpathSnapshot' file C:\Users\RDP\.gradle\caches\8.14\transforms\1ef6d882772b0207516019253e3534db\transformed\jetified-arm64_v8a_debug-1_0_0-3452d735bd38224ef2db85ca763d862d6326b17f_jar-snapshot.bin has been added.
[   +3 ms]   Input property 'classpathSnapshotProperties.classpathSnapshot' file C:\Users\RDP\.gradle\caches\8.14\transforms\afa21636adbb7d325cdb06536fbb325e\transformed\jetified-x86_64_debug-1_0_0-3452d735bd38224ef2db85ca763d862d6326b17f_jar-snapshot.bin has been added.
[        ]   and more...
[        ] file or directory 'C:\Users\RDP\Desktop\flutter_app\test_app\android\app\src\debug\kotlin', not found
[        ] file or directory 'C:\Users\RDP\Desktop\flutter_app\test_app\android\app\src\debug\java', not found
[        ] file or directory 'C:\Users\RDP\Desktop\flutter_app\test_app\android\app\src\debug\kotlin', not found
[        ] file or directory 'C:\Users\RDP\Desktop\flutter_app\test_app\android\app\src\debug\kotlin', not found
[        ] file or directory 'C:\Users\RDP\Desktop\flutter_app\test_app\android\app\src\debug\java', not found
[        ] file or directory 'C:\Users\RDP\Desktop\flutter_app\test_app\android\app\src\debug\java', not found
[        ] file or directory 'C:\Users\RDP\Desktop\flutter_app\test_app\android\app\src\debug\kotlin', not found
[        ] file or directory 'C:\Users\RDP\Desktop\flutter_app\test_app\android\app\src\debug\java', not found
[        ] file or directory 'C:\Users\RDP\Desktop\flutter_app\test_app\android\app\src\debug\kotlin', not found
[   +2 ms] file or directory 'C:\Users\RDP\Desktop\flutter_app\test_app\android\app\src\debug\kotlin', not found
[        ] file or directory 'C:\Users\RDP\Desktop\flutter_app\test_app\android\app\src\debug\java', not found
[        ] file or directory 'C:\Users\RDP\Desktop\flutter_app\test_app\android\app\src\debug\java', not found
[        ] file or directory 'C:\Users\RDP\Desktop\flutter_app\test_app\android\app\src\debug\kotlin', not found
[        ] file or directory 'C:\Users\RDP\Desktop\flutter_app\test_app\android\app\src\debug\java', not found
[        ] file or directory 'C:\Users\RDP\Desktop\flutter_app\test_app\android\app\src\debug\kotlin', not found
[        ] file or directory 'C:\Users\RDP\Desktop\flutter_app\test_app\android\app\src\debug\kotlin', not found
[        ] file or directory 'C:\Users\RDP\Desktop\flutter_app\test_app\android\app\src\debug\java', not found
[        ] file or directory 'C:\Users\RDP\Desktop\flutter_app\test_app\android\app\src\debug\java', not found
[        ] file or directory 'C:\Users\RDP\Desktop\flutter_app\test_app\android\app\src\debug\kotlin', not found
[        ] file or directory 'C:\Users\RDP\Desktop\flutter_app\test_app\android\app\src\debug\java', not found
[  +28 ms] file or directory 'C:\Users\RDP\Desktop\flutter_app\test_app\android\app\src\debug\kotlin', not found
[        ] file or directory 'C:\Users\RDP\Desktop\flutter_app\test_app\android\app\src\debug\kotlin', not found
[        ] file or directory 'C:\Users\RDP\Desktop\flutter_app\test_app\android\app\src\debug\java', not found
[        ] file or directory 'C:\Users\RDP\Desktop\flutter_app\test_app\android\app\src\debug\java', not found
[        ] Kotlin source files: C:\Users\RDP\Desktop\flutter_app\test_app\android\app\src\main\kotlin\com\example\test_app\MainActivity.kt
[        ] Java source files: C:\Users\RDP\Desktop\flutter_app\test_app\android\app\src\main\java\io\flutter\plugins\GeneratedPluginRegistrant.java
[        ] Script source files: 
[        ] Script file extensions: 
[        ] Using Kotlin/JVM incremental compilation
[        ] [KOTLIN] Kotlin compilation 'jdkHome' argument: null
[  +11 ms] Options for KOTLIN DAEMON: IncrementalCompilationOptions(super=CompilationOptions(compilerMode=INCREMENTAL_COMPILER, targetPlatform=JVM, reportCategories=[0, 3], reportSeverity=2, requestedCompilationResults=[0], kotlinScriptExtensions=[]), sourceChanges=org.jetbrains.kotlin.buildtools.api.SourcesChanges$Known@7cf3f3fb, classpathChanges=ToBeComputedByIncrementalCompiler, workingDir=C:\Users\RDP\Desktop\flutter_app\test_app\build\app\kotlin\compileDebugKotlin\cacheable, multiModuleICSettings=MultiModuleICSettings(buildHistoryFile=C:\Users\RDP\Desktop\flutter_app\test_app\build\app\kotlin\compileDebugKotlin\local-state\build-history.bin, useModuleDetection=true), icFeatures=IncrementalCompilationFeatures(usePreciseJavaTracking=true, withAbiSnapshot=false, preciseCompilationResultsBackup=true, keepIncrementalCompilationCachesInMemory=true, enableUnsafeIncrementalCompilationForMultiplatform=false, enableMonotonousIncrementalCompileSetExpansion=true), outputFiles=[C:\Users\RDP\Desktop\flutter_app\test_app\build\app\tmp\kotlin-classes\debug, C:\Users\RDP\Desktop\flutter_app\test_app\build\app\kotlin\compileDebugKotlin\cacheable, C:\Users\RDP\Desktop\flutter_app\test_app\build\app\kotlin\compileDebugKotlin\local-state])
[        ] Finished executing kotlin compiler using DAEMON strategy
[+1810 ms] > Task :app:configureCMakeDebug[arm64-v8a]
[        ] Caching disabled for task ':app:configureCMakeDebug[arm64-v8a]' because:
[        ]   Build cache is disabled
[        ]   Caching has been disabled for the task
[        ] Task ':app:configureCMakeDebug[arm64-v8a]' is not up-to-date because:
[        ]   Task.upToDateWhen is false.
[        ] Starting process 'command 'C:\Program Files\CMake\bin\cmake''. Working directory: C:\Users\RDP\Desktop\flutter_app\test_app\android Command: C:\Program Files\CMake\bin\cmake --version
[        ] Successfully started process 'command 'C:\Program Files\CMake\bin\cmake''
[        ] Starting process 'command 'C:\Strawberry\c\bin\cmake''. Working directory: C:\Users\RDP\Desktop\flutter_app\test_app\android Command: C:\Strawberry\c\bin\cmake --version
[        ] Successfully started process 'command 'C:\Strawberry\c\bin\cmake''
[        ] Parsing legacy package: C:\Program Files (x86)\Android\android-sdk\cmdline-tools\12.0
[        ] Parsing legacy package: C:\Program Files (x86)\Android\android-sdk\cmdline-tools\latest
[        ] SDK Manager found the following installed packages: build-tools;34.0.0 build-tools;35.0.0 build-tools;35.0.1 build-tools;36.0.0 build-tools;36.1.0 cmake;3.30.5 cmake;3.31.5 cmake;4.1.2 emulator extras;android;m2repository extras;google;google_play_services extras;google;m2repository ndk;27.3.13750724 ndk;28.2.13676358 ndk;29.0.14206865 platform-tools platforms;android-34 platforms;android-34-ext10 platforms;android-34-ext11 platforms;android-34-ext12 platforms;android-34-ext8 platforms;android-35 platforms;android-35-ext14 platforms;android-35-ext15 platforms;android-36 platforms;android-36-ext18 platforms;android-36-ext19 platforms;android-36.1
[+1066 ms] Checking the license for package CMake 3.22.1 in C:\Program Files (x86)\Android\android-sdk\licenses
[        ] License for package CMake 3.22.1 accepted.
[        ] Preparing "Install CMake 3.22.1 v.3.22.1".
[        ] Warning: Failed to read or create install properties file.
[        ] > Task :app:configureCMakeDebug[arm64-v8a] FAILED
[   +1 ms] > Transform bundleLibRuntimeToDirDebug (project :webview_flutter_android) with DexingNoClasspathTransform
[        ] Caching disabled for DexingNoClasspathTransform: C:\Users\RDP\Desktop\flutter_app\test_app\build\webview_flutter_android\intermediates\runtime_library_classes_dir\debug\bundleLibRuntimeToDirDebug because:
[   +3 ms]   Build cache is disabled
[        ] DexingNoClasspathTransform: C:\Users\RDP\Desktop\flutter_app\test_app\build\webview_flutter_android\intermediates\runtime_library_classes_dir\debug\bundleLibRuntimeToDirDebug is not up-to-date because:
[        ]   Output property 'outputDirectory' file C:\Users\RDP\Desktop\flutter_app\test_app\build\webview_flutter_android\.transforms\c7b139dd8e0f80243d24cc9b8e03ff6b\transformed has been removed.
[        ]   Output property 'outputDirectory' file C:\Users\RDP\Desktop\flutter_app\test_app\build\webview_flutter_android\.transforms\c7b139dd8e0f80243d24cc9b8e03ff6b\transformed\bundleLibRuntimeToDirDebug has been removed.
[        ]   Output property 'outputDirectory' file C:\Users\RDP\Desktop\flutter_app\test_app\build\webview_flutter_android\.transforms\c7b139dd8e0f80243d24cc9b8e03ff6b\transformed\bundleLibRuntimeToDirDebug\bundleLibRuntimeToDirDebug_dex has been removed.
[   +1 ms]   and more...
[   +1 ms] The input changes require a full rebuild for incremental DexingNoClasspathTransform: C:\Users\RDP\Desktop\flutter_app\test_app\build\webview_flutter_android\intermediates\runtime_library_classes_dir\debug\bundleLibRuntimeToDirDebug.
[        ] Running dexing transform non-incrementally for 'C:\Users\RDP\Desktop\flutter_app\test_app\build\webview_flutter_android\intermediates\runtime_library_classes_dir\debug\bundleLibRuntimeToDirDebug'
[   +3 ms] DexingOutputSplitTransform (Thread[#397,Execution worker Thread 3,5,main]) started.
[        ] > Transform bundleLibRuntimeToDirDebug (project :webview_flutter_android) with DexingOutputSplitTransform
[        ] Caching disabled for DexingOutputSplitTransform: C:\Users\RDP\Desktop\flutter_app\test_app\build\webview_flutter_android\.transforms\c7b139dd8e0f80243d24cc9b8e03ff6b\transformed\bundleLibRuntimeToDirDebug because:
[        ]   Build cache is disabled
[        ]   Caching not enabled.
[  +85 ms] Build 19b837fb-27be-4402-8d80-a26fe5b36e10 is closed
[   +1 ms] [Incubating] Problems report is available at: file:///C:/Users/RDP/Desktop/flutter_app/test_app/build/reports/problems/problems-report.html
[   +1 ms] FAILURE: Build failed with an exception.
[   +2 ms] * What went wrong:
[        ] Execution failed for task ':app:configureCMakeDebug[arm64-v8a]'.
[        ] > com.android.builder.sdk.InstallFailedException: Failed to install the following SDK components:
[   +1 ms]       cmake;3.22.1 CMake 3.22.1
[        ]   The SDK directory is not writable (C:\Android\android-sdk)
[   +6 ms] * Try:
[   +1 ms] > Run with --debug option to get more log output.
[        ] > Run with --scan to get full insights.
[        ] > Get more help at https://help.gradle.org.
[        ] * Exception is:
[   +1 ms] org.gradle.api.tasks.TaskExecutionException: Execution failed for task ':app:configureCMakeDebug[arm64-v8a]'.
[   +1 ms] 	at org.gradle.api.internal.tasks.execution.ExecuteActionsTaskExecuter.lambda$executeIfValid$1(ExecuteActionsTaskExecuter.java:130)
[        ] 	at org.gradle.internal.Try$Failure.ifSuccessfulOrElse(Try.java:293)
[        ] 	at org.gradle.api.internal.tasks.execution.ExecuteActionsTaskExecuter.executeIfValid(ExecuteActionsTaskExecuter.java:128)
[        ] 	at org.gradle.api.internal.tasks.execution.ExecuteActionsTaskExecuter.execute(ExecuteActionsTaskExecuter.java:116)
[   +1 ms] 	at org.gradle.api.internal.tasks.execution.ProblemsTaskPathTrackingTaskExecuter.execute(ProblemsTaskPathTrackingTaskExecuter.java:41)
[   +9 ms] 	at org.gradle.api.internal.tasks.execution.FinalizePropertiesTaskExecuter.execute(FinalizePropertiesTaskExecuter.java:46)
[   +3 ms] 	at org.gradle.api.internal.tasks.execution.ResolveTaskExecutionModeExecuter.execute(ResolveTaskExecutionModeExecuter.java:51)
[   +3 ms] 	at org.gradle.api.internal.tasks.execution.SkipTaskWithNoActionsExecuter.execute(SkipTaskWithNoActionsExecuter.java:57)
[   +3 ms] 	at org.gradle.api.internal.tasks.execution.SkipOnlyIfTaskExecuter.execute(SkipOnlyIfTaskExecuter.java:74)
[   +1 ms] 	at org.gradle.api.internal.tasks.execution.CatchExceptionTaskExecuter.execute(CatchExceptionTaskExecuter.java:36)
[   +9 ms] 	at org.gradle.api.internal.tasks.execution.EventFiringTaskExecuter$1.executeTask(EventFiringTaskExecuter.java:77)
[   +2 ms] 	at org.gradle.api.internal.tasks.execution.EventFiringTaskExecuter$1.call(EventFiringTaskExecuter.java:55)
[        ] 	at org.gradle.api.internal.tasks.execution.EventFiringTaskExecuter$1.call(EventFiringTaskExecuter.java:52)
[        ] 	at org.gradle.internal.operations.DefaultBuildOperationRunner$CallableBuildOperationWorker.execute(DefaultBuildOperationRunner.java:210)
[        ] 	at org.gradle.internal.operations.DefaultBuildOperationRunner$CallableBuildOperationWorker.execute(DefaultBuildOperationRunner.java:205)
[   +5 ms] 	at org.gradle.internal.operations.DefaultBuildOperationRunner$2.execute(DefaultBuildOperationRunner.java:67)
[   +1 ms] 	at org.gradle.internal.operations.DefaultBuildOperationRunner$2.execute(DefaultBuildOperationRunner.java:60)
[  +10 ms] 	at org.gradle.internal.operations.DefaultBuildOperationRunner.execute(DefaultBuildOperationRunner.java:167)
[        ] 	at org.gradle.internal.operations.DefaultBuildOperationRunner.execute(DefaultBuildOperationRunner.java:60)
[        ] 	at org.gradle.internal.operations.DefaultBuildOperationRunner.call(DefaultBuildOperationRunner.java:54)
[        ] 	at org.gradle.api.internal.tasks.execution.EventFiringTaskExecuter.execute(EventFiringTaskExecuter.java:52)
[        ] 	at org.gradle.execution.plan.LocalTaskNodeExecutor.execute(LocalTaskNodeExecutor.java:42)
[        ] 	at org.gradle.execution.taskgraph.DefaultTaskExecutionGraph$InvokeNodeExecutorsAction.execute(DefaultTaskExecutionGraph.java:331)
[        ] 	at org.gradle.execution.taskgraph.DefaultTaskExecutionGraph$InvokeNodeExecutorsAction.execute(DefaultTaskExecutionGraph.java:318)
[        ] 	at org.gradle.execution.taskgraph.DefaultTaskExecutionGraph$BuildOperationAwareExecutionAction.lambda$execute$0(DefaultTaskExecutionGraph.java:314)
[        ] 	at org.gradle.internal.operations.CurrentBuildOperationRef.with(CurrentBuildOperationRef.java:85)
[        ] 	at org.gradle.execution.taskgraph.DefaultTaskExecutionGraph$BuildOperationAwareExecutionAction.execute(DefaultTaskExecutionGraph.java:314)
[        ] 	at org.gradle.execution.taskgraph.DefaultTaskExecutionGraph$BuildOperationAwareExecutionAction.execute(DefaultTaskExecutionGraph.java:303)
[        ] 	at org.gradle.execution.plan.DefaultPlanExecutor$ExecutorWorker.execute(DefaultPlanExecutor.java:459)
[        ] 	at org.gradle.execution.plan.DefaultPlanExecutor$ExecutorWorker.run(DefaultPlanExecutor.java:376)
[        ] 	at org.gradle.internal.concurrent.ExecutorPolicy$CatchAndRecordFailures.onExecute(ExecutorPolicy.java:64)
[        ] 	at org.gradle.internal.concurrent.AbstractManagedExecutor$1.run(AbstractManagedExecutor.java:48)
[        ] 	at java.base/java.util.concurrent.ThreadPoolExecutor.runWorker(Unknown Source)
[        ] 	at java.base/java.util.concurrent.ThreadPoolExecutor$Worker.run(Unknown Source)
[        ] 	at java.base/java.lang.Thread.run(Unknown Source)
[        ] Caused by: java.lang.RuntimeException: com.android.builder.sdk.InstallFailedException: Failed to install the following SDK components:
[        ]     cmake;3.22.1 CMake 3.22.1
[        ] The SDK directory is not writable (C:\Android\android-sdk)
[        ] 	at com.android.build.gradle.internal.SdkHandler.installCMake(SdkHandler.java:352)
[        ] 	at com.android.build.gradle.internal.SdkComponentsBuildService.installCmake(SdkComponents.kt:411)
[        ] 	at com.android.build.gradle.internal.cxx.configure.NativeLocationsBuildService$locateCMake$1$location$2.accept(NativeLocationsBuildService.kt:81)
[        ] 	at com.android.build.gradle.internal.cxx.configure.NativeLocationsBuildService$locateCMake$1$location$2.accept(NativeLocationsBuildService.kt:75)
[        ] 	at com.android.build.gradle.internal.cxx.configure.CmakeLocatorKt.findCmakePathLogic(CmakeLocator.kt:424)
[        ] 	at com.android.build.gradle.internal.cxx.configure.CmakeLocator.findCmakePath(CmakeLocator.kt:475)
[        ] 	at com.android.build.gradle.internal.cxx.configure.NativeLocationsBuildService.locateCMake(NativeLocationsBuildService.kt:75)
[        ] 	at com.android.build.gradle.internal.cxx.configure.NativeLocationsBuildServiceKt.rewriteWithLocations(NativeLocationsBuildService.kt:187)
[        ] 	at com.android.build.gradle.tasks.ExternalNativeBuildJsonTask.doTaskAction(ExternalNativeBuildJsonTask.kt:86)
[        ] 	at com.android.build.gradle.internal.tasks.UnsafeOutputsTask$taskAction$$inlined$recordTaskAction$1.invoke(BaseTask.kt:59)
[        ] 	at com.android.build.gradle.internal.tasks.Blocks.recordSpan(Blocks.java:51)
[        ] 	at com.android.build.gradle.internal.tasks.UnsafeOutputsTask.taskAction(UnsafeOutputsTask.kt:81)
[        ] 	at java.base/jdk.internal.reflect.DirectMethodHandleAccessor.invoke(Unknown Source)
[        ] 	at java.base/java.lang.reflect.Method.invoke(Unknown Source)
[        ] 	at org.gradle.internal.reflect.JavaMethod.invoke(JavaMethod.java:125)
[        ] 	at org.gradle.api.internal.project.taskfactory.StandardTaskAction.doExecute(StandardTaskAction.java:58)
[        ] 	at org.gradle.api.internal.project.taskfactory.StandardTaskAction.execute(StandardTaskAction.java:51)
[        ] 	at org.gradle.api.internal.project.taskfactory.StandardTaskAction.execute(StandardTaskAction.java:29)
[        ] 	at org.gradle.api.internal.tasks.execution.TaskExecution$3.run(TaskExecution.java:244)
[        ] 	at org.gradle.internal.operations.DefaultBuildOperationRunner$1.execute(DefaultBuildOperationRunner.java:30)
[        ] 	at org.gradle.internal.operations.DefaultBuildOperationRunner$1.execute(DefaultBuildOperationRunner.java:27)
[        ] 	at org.gradle.internal.operations.DefaultBuildOperationRunner$2.execute(DefaultBuildOperationRunner.java:67)
[        ] 	at org.gradle.internal.operations.DefaultBuildOperationRunner$2.execute(DefaultBuildOperationRunner.java:60)
[        ] 	at org.gradle.internal.operations.DefaultBuildOperationRunner.execute(DefaultBuildOperationRunner.java:167)
[        ] 	at org.gradle.internal.operations.DefaultBuildOperationRunner.execute(DefaultBuildOperationRunner.java:60)
[        ] 	at org.gradle.internal.operations.DefaultBuildOperationRunner.run(DefaultBuildOperationRunner.java:48)
[        ] 	at org.gradle.api.internal.tasks.execution.TaskExecution.executeAction(TaskExecution.java:229)
[        ] 	at org.gradle.api.internal.tasks.execution.TaskExecution.executeActions(TaskExecution.java:212)
[        ] 	at org.gradle.api.internal.tasks.execution.TaskExecution.executeWithPreviousOutputFiles(TaskExecution.java:195)
[        ] 	at org.gradle.api.internal.tasks.execution.TaskExecution.execute(TaskExecution.java:162)
[        ] 	at org.gradle.internal.execution.steps.ExecuteStep.executeInternal(ExecuteStep.java:105)
[        ] 	at org.gradle.internal.execution.steps.ExecuteStep.access$000(ExecuteStep.java:44)
[        ] 	at org.gradle.internal.execution.steps.ExecuteStep$1.call(ExecuteStep.java:59)
[        ] 	at org.gradle.internal.execution.steps.ExecuteStep$1.call(ExecuteStep.java:56)
[        ] 	at org.gradle.internal.operations.DefaultBuildOperationRunner$CallableBuildOperationWorker.execute(DefaultBuildOperationRunner.java:210)
[        ] 	at org.gradle.internal.operations.DefaultBuildOperationRunner$CallableBuildOperationWorker.execute(DefaultBuildOperationRunner.java:205)
[        ] 	at org.gradle.internal.operations.DefaultBuildOperationRunner$2.execute(DefaultBuildOperationRunner.java:67)
[        ] 	at org.gradle.internal.operations.DefaultBuildOperationRunner$2.execute(DefaultBuildOperationRunner.java:60)
[        ] 	at org.gradle.internal.operations.DefaultBuildOperationRunner.execute(DefaultBuildOperationRunner.java:167)
[        ] 	at org.gradle.internal.operations.DefaultBuildOperationRunner.execute(DefaultBuildOperationRunner.java:60)
[        ] 	at org.gradle.internal.operations.DefaultBuildOperationRunner.call(DefaultBuildOperationRunner.java:54)
[        ] 	at org.gradle.internal.execution.steps.ExecuteStep.execute(ExecuteStep.java:56)
[        ] 	at org.gradle.internal.execution.steps.ExecuteStep.execute(ExecuteStep.java:44)
[        ] 	at org.gradle.internal.execution.steps.CancelExecutionStep.execute(CancelExecutionStep.java:42)
[        ] 	at org.gradle.internal.execution.steps.TimeoutStep.executeWithoutTimeout(TimeoutStep.java:75)
[        ] 	at org.gradle.internal.execution.steps.TimeoutStep.execute(TimeoutStep.java:55)
[        ] 	at org.gradle.internal.execution.steps.PreCreateOutputParentsStep.execute(PreCreateOutputParentsStep.java:50)
[        ] 	at org.gradle.internal.execution.steps.PreCreateOutputParentsStep.execute(PreCreateOutputParentsStep.java:28)
[        ] 	at org.gradle.internal.execution.steps.RemovePreviousOutputsStep.execute(RemovePreviousOutputsStep.java:67)
[        ] 	at org.gradle.internal.execution.steps.RemovePreviousOutputsStep.execute(RemovePreviousOutputsStep.java:37)
[        ] 	at org.gradle.internal.execution.steps.BroadcastChangingOutputsStep.execute(BroadcastChangingOutputsStep.java:61)
[        ] 	at org.gradle.internal.execution.steps.BroadcastChangingOutputsStep.execute(BroadcastChangingOutputsStep.java:26)
[        ] 	at org.gradle.internal.execution.steps.CaptureOutputsAfterExecutionStep.execute(CaptureOutputsAfterExecutionStep.java:69)
[        ] 	at org.gradle.internal.execution.steps.CaptureOutputsAfterExecutionStep.execute(CaptureOutputsAfterExecutionStep.java:46)
[        ] 	at org.gradle.internal.execution.steps.ResolveInputChangesStep.execute(ResolveInputChangesStep.java:40)
[        ] 	at org.gradle.internal.execution.steps.ResolveInputChangesStep.execute(ResolveInputChangesStep.java:29)
[        ] 	at org.gradle.internal.execution.steps.BuildCacheStep.executeWithoutCache(BuildCacheStep.java:189)
[        ] 	at org.gradle.internal.execution.steps.BuildCacheStep.lambda$execute$1(BuildCacheStep.java:75)
[        ] 	at org.gradle.internal.Either$Right.fold(Either.java:175)
[        ] 	at org.gradle.internal.execution.caching.CachingState.fold(CachingState.java:62)
[        ] 	at org.gradle.internal.execution.steps.BuildCacheStep.execute(BuildCacheStep.java:73)
[        ] 	at org.gradle.internal.execution.steps.BuildCacheStep.execute(BuildCacheStep.java:48)
[        ] 	at org.gradle.internal.execution.steps.StoreExecutionStateStep.execute(StoreExecutionStateStep.java:46)
[        ] 	at org.gradle.internal.execution.steps.StoreExecutionStateStep.execute(StoreExecutionStateStep.java:35)
[        ] 	at org.gradle.internal.execution.steps.SkipUpToDateStep.executeBecause(SkipUpToDateStep.java:75)
[        ] 	at org.gradle.internal.execution.steps.SkipUpToDateStep.lambda$execute$2(SkipUpToDateStep.java:53)
[        ] 	at java.base/java.util.Optional.orElseGet(Unknown Source)
[        ] 	at org.gradle.internal.execution.steps.SkipUpToDateStep.execute(SkipUpToDateStep.java:53)
[        ] 	at org.gradle.internal.execution.steps.SkipUpToDateStep.execute(SkipUpToDateStep.java:35)
[        ] 	at org.gradle.internal.execution.steps.legacy.MarkSnapshottingInputsFinishedStep.execute(MarkSnapshottingInputsFinishedStep.java:37)
[        ] 	at org.gradle.internal.execution.steps.legacy.MarkSnapshottingInputsFinishedStep.execute(MarkSnapshottingInputsFinishedStep.java:27)
[        ] 	at org.gradle.internal.execution.steps.ResolveIncrementalCachingStateStep.executeDelegate(ResolveIncrementalCachingStateStep.java:49)
[        ] 	at org.gradle.internal.execution.steps.ResolveIncrementalCachingStateStep.executeDelegate(ResolveIncrementalCachingStateStep.java:27)
[        ] 	at org.gradle.internal.execution.steps.AbstractResolveCachingStateStep.execute(AbstractResolveCachingStateStep.java:71)
[        ] 	at org.gradle.internal.execution.steps.AbstractResolveCachingStateStep.execute(AbstractResolveCachingStateStep.java:39)
[        ] 	at org.gradle.internal.execution.steps.ResolveChangesStep.execute(ResolveChangesStep.java:65)
[        ] 	at org.gradle.internal.execution.steps.ResolveChangesStep.execute(ResolveChangesStep.java:36)
[        ] 	at org.gradle.internal.execution.steps.ValidateStep.execute(ValidateStep.java:107)
[        ] 	at org.gradle.internal.execution.steps.ValidateStep.execute(ValidateStep.java:56)
[        ] 	at org.gradle.internal.execution.steps.AbstractCaptureStateBeforeExecutionStep.execute(AbstractCaptureStateBeforeExecutionStep.java:64)
[        ] 	at org.gradle.internal.execution.steps.AbstractCaptureStateBeforeExecutionStep.execute(AbstractCaptureStateBeforeExecutionStep.java:43)
[        ] 	at org.gradle.internal.execution.steps.AbstractSkipEmptyWorkStep.executeWithNonEmptySources(AbstractSkipEmptyWorkStep.java:125)
[        ] 	at org.gradle.internal.execution.steps.AbstractSkipEmptyWorkStep.execute(AbstractSkipEmptyWorkStep.java:56)
[        ] 	at org.gradle.internal.execution.steps.AbstractSkipEmptyWorkStep.execute(AbstractSkipEmptyWorkStep.java:36)
[        ] 	at org.gradle.internal.execution.steps.legacy.MarkSnapshottingInputsStartedStep.execute(MarkSnapshottingInputsStartedStep.java:38)
[        ] 	at org.gradle.internal.execution.steps.LoadPreviousExecutionStateStep.execute(LoadPreviousExecutionStateStep.java:36)
[        ] 	at org.gradle.internal.execution.steps.LoadPreviousExecutionStateStep.execute(LoadPreviousExecutionStateStep.java:23)
[        ] 	at org.gradle.internal.execution.steps.HandleStaleOutputsStep.execute(HandleStaleOutputsStep.java:75)
[        ] 	at org.gradle.internal.execution.steps.HandleStaleOutputsStep.execute(HandleStaleOutputsStep.java:41)
[        ] 	at org.gradle.internal.execution.steps.AssignMutableWorkspaceStep.lambda$execute$0(AssignMutableWorkspaceStep.java:35)
[        ] 	at org.gradle.api.internal.tasks.execution.TaskExecution$4.withWorkspace(TaskExecution.java:289)
[        ] 	at org.gradle.internal.execution.steps.AssignMutableWorkspaceStep.execute(AssignMutableWorkspaceStep.java:31)
[        ] 	at org.gradle.internal.execution.steps.AssignMutableWorkspaceStep.execute(AssignMutableWorkspaceStep.java:22)
[        ] 	at org.gradle.internal.execution.steps.ChoosePipelineStep.execute(ChoosePipelineStep.java:40)
[        ] 	at org.gradle.internal.execution.steps.ChoosePipelineStep.execute(ChoosePipelineStep.java:23)
[        ] 	at org.gradle.internal.execution.steps.ExecuteWorkBuildOperationFiringStep.lambda$execute$2(ExecuteWorkBuildOperationFiringStep.java:67)
[        ] 	at java.base/java.util.Optional.orElseGet(Unknown Source)
[        ] 	at org.gradle.internal.execution.steps.ExecuteWorkBuildOperationFiringStep.execute(ExecuteWorkBuildOperationFiringStep.java:67)
[        ] 	at org.gradle.internal.execution.steps.ExecuteWorkBuildOperationFiringStep.execute(ExecuteWorkBuildOperationFiringStep.java:39)
[        ] 	at org.gradle.internal.execution.steps.IdentityCacheStep.execute(IdentityCacheStep.java:46)
[        ] 	at org.gradle.internal.execution.steps.IdentityCacheStep.execute(IdentityCacheStep.java:34)
[        ] 	at org.gradle.internal.execution.steps.IdentifyStep.execute(IdentifyStep.java:48)
[        ] 	at org.gradle.internal.execution.steps.IdentifyStep.execute(IdentifyStep.java:35)
[        ] 	at org.gradle.internal.execution.impl.DefaultExecutionEngine$1.execute(DefaultExecutionEngine.java:64)
[        ] 	at org.gradle.api.internal.tasks.execution.ExecuteActionsTaskExecuter.executeIfValid(ExecuteActionsTaskExecuter.java:127)
[        ] 	at org.gradle.api.internal.tasks.execution.ExecuteActionsTaskExecuter.execute(ExecuteActionsTaskExecuter.java:116)
[        ] 	at org.gradle.api.internal.tasks.execution.ProblemsTaskPathTrackingTaskExecuter.execute(ProblemsTaskPathTrackingTaskExecuter.java:41)
[        ] 	at org.gradle.api.internal.tasks.execution.FinalizePropertiesTaskExecuter.execute(FinalizePropertiesTaskExecuter.java:46)
[        ] 	at org.gradle.api.internal.tasks.execution.ResolveTaskExecutionModeExecuter.execute(ResolveTaskExecutionModeExecuter.java:51)
[        ] 	at org.gradle.api.internal.tasks.execution.SkipTaskWithNoActionsExecuter.execute(SkipTaskWithNoActionsExecuter.java:57)
[  +20 ms] 	at org.gradle.api.internal.tasks.execution.SkipOnlyIfTaskExecuter.execute(SkipOnlyIfTaskExecuter.java:74)
[        ] 	at org.gradle.api.internal.tasks.execution.CatchExceptionTaskExecuter.execute(CatchExceptionTaskExecuter.java:36)
[        ] 	at org.gradle.api.internal.tasks.execution.EventFiringTaskExecuter$1.executeTask(EventFiringTaskExecuter.java:77)
[        ] 	at org.gradle.api.internal.tasks.execution.EventFiringTaskExecuter$1.call(EventFiringTaskExecuter.java:55)
[        ] 	at org.gradle.api.internal.tasks.execution.EventFiringTaskExecuter$1.call(EventFiringTaskExecuter.java:52)
[        ] 	at org.gradle.internal.operations.DefaultBuildOperationRunner$CallableBuildOperationWorker.execute(DefaultBuildOperationRunner.java:210)
[        ] 	at org.gradle.internal.operations.DefaultBuildOperationRunner$CallableBuildOperationWorker.execute(DefaultBuildOperationRunner.java:205)
[        ] 	at org.gradle.internal.operations.DefaultBuildOperationRunner$2.execute(DefaultBuildOperationRunner.java:67)
[        ] 	at org.gradle.internal.operations.DefaultBuildOperationRunner$2.execute(DefaultBuildOperationRunner.java:60)
[        ] 	at org.gradle.internal.operations.DefaultBuildOperationRunner.execute(DefaultBuildOperationRunner.java:167)
[        ] 	at org.gradle.internal.operations.DefaultBuildOperationRunner.execute(DefaultBuildOperationRunner.java:60)
[        ] 	at org.gradle.internal.operations.DefaultBuildOperationRunner.call(DefaultBuildOperationRunner.java:54)
[        ] 	at org.gradle.api.internal.tasks.execution.EventFiringTaskExecuter.execute(EventFiringTaskExecuter.java:52)
[        ] 	at org.gradle.execution.plan.LocalTaskNodeExecutor.execute(LocalTaskNodeExecutor.java:42)
[        ] 	at org.gradle.execution.taskgraph.DefaultTaskExecutionGraph$InvokeNodeExecutorsAction.execute(DefaultTaskExecutionGraph.java:331)
[        ] 	at org.gradle.execution.taskgraph.DefaultTaskExecutionGraph$InvokeNodeExecutorsAction.execute(DefaultTaskExecutionGraph.java:318)
[        ] 	at org.gradle.execution.taskgraph.DefaultTaskExecutionGraph$BuildOperationAwareExecutionAction.lambda$execute$0(DefaultTaskExecutionGraph.java:314)
[        ] 	at org.gradle.internal.operations.CurrentBuildOperationRef.with(CurrentBuildOperationRef.java:85)
[        ] 	at org.gradle.execution.taskgraph.DefaultTaskExecutionGraph$BuildOperationAwareExecutionAction.execute(DefaultTaskExecutionGraph.java:314)
[        ] 	at org.gradle.execution.taskgraph.DefaultTaskExecutionGraph$BuildOperationAwareExecutionAction.execute(DefaultTaskExecutionGraph.java:303)
[        ] 	at org.gradle.execution.plan.DefaultPlanExecutor$ExecutorWorker.execute(DefaultPlanExecutor.java:459)
[        ] 	at org.gradle.execution.plan.DefaultPlanExecutor$ExecutorWorker.run(DefaultPlanExecutor.java:376)
[        ] 	at org.gradle.internal.concurrent.ExecutorPolicy$CatchAndRecordFailures.onExecute(ExecutorPolicy.java:64)
[        ] 	at org.gradle.internal.concurrent.AbstractManagedExecutor$1.run(AbstractManagedExecutor.java:48)
[        ] 	at java.base/java.util.concurrent.ThreadPoolExecutor.runWorker(Unknown Source)
[        ] 	at java.base/java.util.concurrent.ThreadPoolExecutor$Worker.run(Unknown Source)
[        ] 	at java.base/java.lang.Thread.run(Unknown Source)
[        ] Caused by: com.android.builder.sdk.InstallFailedException: Failed to install the following SDK components:
[        ]     cmake;3.22.1 CMake 3.22.1
[        ] The SDK directory is not writable (C:\Android\android-sdk)
[        ] 	at com.android.builder.sdk.DefaultSdkLoader.checkResults(DefaultSdkLoader.java:539)
[        ] 	at com.android.builder.sdk.DefaultSdkLoader.installSdkTool(DefaultSdkLoader.java:460)
[        ] 	at com.android.build.gradle.internal.SdkHandler.installCMake(SdkHandler.java:350)
[        ] 	... 136 more
[        ] BUILD FAILED in 12s
[        ] Deprecated Gradle features were used in this build, making it incompatible with Gradle 9.0.
[        ] You can use '--warning-mode all' to show the individual deprecation warnings and determine if they come from your own scripts or plugins.
[        ] For more on this, please refer to https://docs.gradle.org/8.14/userguide/command_line_interface.html#sec:command_line_warnings in the Gradle documentation.
[        ] 148 actionable tasks: 9 executed, 139 up-to-date
[        ] Watched directory hierarchies: [C:\Users\RDP\flutter\packages\flutter_tools\gradle, C:\Users\RDP\Desktop\flutter_app\test_app\android]
[  +70 ms] Running Gradle task 'assembleDebug'... (completed in 12.8s)
[   +7 ms] "flutter apk" took 14,233ms.
[  +57 ms] Gradle task assembleDebug failed with exit code 1
[        ] 
           #0      throwToolExit (package:flutter_tools/src/base/common.dart:34:3)
           #1      AndroidGradleBuilder.buildGradleApp (package:flutter_tools/src/android/gradle.dart:592:7)
           <asynchronous suspension>
           #2      AndroidGradleBuilder.buildApk (package:flutter_tools/src/android/gradle.dart:234:5)
           <asynchronous suspension>
           #3      BuildApkCommand.runCommand (package:flutter_tools/src/commands/build_apk.dart:131:5)
           <asynchronous suspension>
           #4      FlutterCommand.run.<anonymous closure> (package:flutter_tools/src/runner/flutter_command.dart:1590:27)
           <asynchronous suspension>
           #5      AppContext.run.<anonymous closure> (package:flutter_tools/src/base/context.dart:154:19)
           <asynchronous suspension>
           #6      CommandRunner.runCommand (package:args/command_runner.dart:212:13)
           <asynchronous suspension>
           #7      FlutterCommandRunner.runCommand.<anonymous closure> (package:flutter_tools/src/runner/flutter_command_runner.dart:496:9)
           <asynchronous suspension>
           #8      AppContext.run.<anonymous closure> (package:flutter_tools/src/base/context.dart:154:19)
           <asynchronous suspension>
           #9      FlutterCommandRunner.runCommand (package:flutter_tools/src/runner/flutter_command_runner.dart:431:5)
           <asynchronous suspension>
           #10     FlutterCommandRunner.run.<anonymous closure> (package:flutter_tools/src/runner/flutter_command_runner.dart:307:33)
           <asynchronous suspension>
           #11     run.<anonymous closure>.<anonymous closure> (package:flutter_tools/runner.dart:104:11)
           <asynchronous suspension>
           #12     AppContext.run.<anonymous closure> (package:flutter_tools/src/base/context.dart:154:19)
           <asynchronous suspension>
           #13     main (package:flutter_tools/executable.dart:103:3)
           <asynchronous suspension>


[        ] Running 1 shutdown hook
[   +3 ms] Shutdown hooks complete
[  +38 ms] exiting with code 1
